<?xml version="1.0" encoding="utf-8"?><testsuites name="pytest tests"><testsuite name="pytest" errors="0" failures="0" skipped="0" tests="103" time="11.906" timestamp="2026-09-07T06:49:48.557393+08:00" hostname="LAPTOP-IS2AROSD"><testcase classname="tests.test_r11_new_reachable_control" name="test_config_is_immutable_and_diagnostic_only" time="0.008" /><testcase classname="tests.test_r11_new_reachable_control" name="test_teacher_noise_is_local_deterministic_and_unit_rms" time="0.034" /><testcase classname="tests.test_r11_new_reachable_control" name="test_teacher_noise_rejects_shape_drift" time="0.009" /><testcase classname="tests.test_r11_new_reachable_control" name="test_learning_rate_exact_parent_schedule" time="0.009" /><testcase classname="tests.test_r11_new_reachable_control" name="test_distance_and_control_gate_require_all_three_thresholds" time="0.009" /><testcase classname="tests.test_r11_new_reachable_control" name="test_formal_metrics_recompute_exactly" time="0.010" /><testcase classname="tests.test_r11_new_reachable_control" name="test_formal_metrics_fail_closed[missing]" time="0.009" /><testcase classname="tests.test_r11_new_reachable_control" name="test_formal_metrics_fail_closed[lr]" time="0.010" /><testcase classname="tests.test_r11_new_reachable_control" name="test_formal_metrics_fail_closed[clip]" time="0.009" /><testcase classname="tests.test_r11_new_reachable_control" name="test_formal_metrics_fail_closed[nan]" time="0.009" /><testcase classname="tests.test_r11_new_reachable_control" name="test_formal_metrics_fail_closed[step]" time="0.009" /><testcase classname="tests.test_r11_new_reachable_control" name="test_inventory_rejects_escape" time="0.033" /><testcase classname="tests.test_r11_new_reachable_control" name="test_runner_keeps_teacher_parameter_out_of_loss_and_reader_out_of_run" time="0.003" /><testcase classname="tests.test_r11_new_reachable_control" name="test_runner_restores_student_before_any_optimization" time="0.002" /><testcase classname="tests.test_r11_new_reachable_control" name="test_config_mutation_is_detected_even_when_re_signed_in_memory" time="0.009" /><testcase classname="tests.test_r11_new_reachable_control" name="test_independent_delivery_audit_recomputes_synthetic_run[technical-preflight]" time="0.312" /><testcase classname="tests.test_r11_new_reachable_control" name="test_independent_delivery_audit_recomputes_synthetic_run[formal]" time="0.442" /><testcase classname="tests.test_r11_teacher_swap" name="test_config_is_immutable_and_preregistered_before_donor_outcome" time="0.011" /><testcase classname="tests.test_r11_teacher_swap" name="test_deployment_and_zero_training_contract_are_explicit" time="0.008" /><testcase classname="tests.test_r11_teacher_swap" name="test_expected_image_is_symmetric_and_reset_is_fixed" time="0.002" /><testcase classname="tests.test_r11_teacher_swap" name="test_recompute_maps_ordered_prediction_back_to_original_choice" time="0.003" /><testcase classname="tests.test_r11_teacher_swap" name="test_strong_sample_specific_rows_pass_d0_gate" time="0.017" /><testcase classname="tests.test_r11_teacher_swap" name="test_universal_trigger_behavior_fails_specificity_gate" time="0.017" /><testcase classname="tests.test_r11_teacher_swap" name="test_row_image_binding_drift_is_rejected" time="0.013" /><testcase classname="tests.test_r11_teacher_swap" name="test_duplicate_grid_cell_is_rejected" time="0.017" /><testcase classname="tests.test_r11_teacher_swap" name="test_delivery_audit_rejects_escaping_inventory_path" time="0.026" /><testcase classname="tests.test_r11_teacher_swap" name="test_runner_uses_current_host_contract_and_contains_no_training_step" time="0.003" /><testcase classname="tests.test_r11_new_identity_condition_binding" name="test_all_entries_share_new_locked_config_and_no_old_runtime" time="0.028" /><testcase classname="tests.test_r11_new_identity_condition_binding" name="test_unchanged_numerical_implementations_match_parent_ast[_train_step]" time="0.013" /><testcase classname="tests.test_r11_new_identity_condition_binding" name="test_unchanged_numerical_implementations_match_parent_ast[_source_only_initialization]" time="0.009" /><testcase classname="tests.test_r11_new_identity_condition_binding" name="test_unchanged_numerical_implementations_match_parent_ast[_verify_source_only_initialization]" time="0.013" /><testcase classname="tests.test_r11_new_identity_condition_binding" name="test_unchanged_numerical_implementations_match_parent_ast[_reconstruct_start_state]" time="0.005" /><testcase classname="tests.test_r11_new_identity_condition_binding" name="test_unchanged_numerical_implementations_match_parent_ast[_checkpoint_payload]" time="0.005" /><testcase classname="tests.test_r11_new_identity_condition_binding" name="test_unchanged_numerical_implementations_match_parent_ast[_save_checkpoint]" time="0.004" /><testcase classname="tests.test_r11_new_identity_condition_binding" name="test_unchanged_numerical_implementations_match_parent_ast[_verify_checkpoint_record]" time="0.008" /><testcase classname="tests.test_r11_new_identity_condition_binding" name="test_unchanged_numerical_implementations_match_parent_ast[_optimizer_state_matches_step]" time="0.004" /><testcase classname="tests.test_r11_new_identity_condition_binding" name="test_unchanged_numerical_implementations_match_parent_ast[_distance_statistics]" time="0.002" /><testcase classname="tests.test_r11_new_identity_condition_binding" name="test_unchanged_numerical_implementations_match_parent_ast[_evaluation_rows]" time="0.004" /><testcase classname="tests.test_r11_new_identity_condition_binding" name="test_actual_tensor_pair_roundtrip_keeps_original_and_actual_text_separate" time="0.305" /><testcase classname="tests.test_r11_new_identity_condition_binding" name="test_bad_or_changed_raw_encodings_fail_before_training[nan-0]" time="0.069" /><testcase classname="tests.test_r11_new_identity_condition_binding" name="test_bad_or_changed_raw_encodings_fail_before_training[nan-1]" time="0.058" /><testcase classname="tests.test_r11_new_identity_condition_binding" name="test_bad_or_changed_raw_encodings_fail_before_training[zero-0]" time="0.060" /><testcase classname="tests.test_r11_new_identity_condition_binding" name="test_bad_or_changed_raw_encodings_fail_before_training[zero-1]" time="0.071" /><testcase classname="tests.test_r11_new_identity_condition_binding" name="test_bad_or_changed_raw_encodings_fail_before_training[different-0]" time="0.059" /><testcase classname="tests.test_r11_new_identity_condition_binding" name="test_bad_or_changed_raw_encodings_fail_before_training[different-1]" time="0.061" /><testcase classname="tests.test_r11_new_identity_condition_binding" name="test_bad_or_changed_raw_encodings_fail_before_training[mask-0]" time="0.059" /><testcase classname="tests.test_r11_new_identity_condition_binding" name="test_bad_or_changed_raw_encodings_fail_before_training[mask-1]" time="0.060" /><testcase classname="tests.test_r11_new_identity_condition_binding" name="test_bad_or_changed_raw_encodings_fail_before_training[shape-0]" time="0.065" /><testcase classname="tests.test_r11_new_identity_condition_binding" name="test_bad_or_changed_raw_encodings_fail_before_training[shape-1]" time="0.074" /><testcase classname="tests.test_r11_new_identity_condition_binding" name="test_self_resigned_metadata_cannot_change_fixed_text[actual_conditioning_text-ambient]" time="0.169" /><testcase classname="tests.test_r11_new_identity_condition_binding" name="test_self_resigned_metadata_cannot_change_fixed_text[original_event_text-no changes]" time="0.151" /><testcase classname="tests.test_r11_new_identity_condition_binding" name="test_self_resigned_metadata_cannot_change_fixed_text[full_prompt-changed]" time="0.158" /><testcase classname="tests.test_r11_new_identity_condition_binding" name="test_self_resigned_metadata_cannot_change_fixed_text[original_event_is_provenance_only-False]" time="0.122" /><testcase classname="tests.test_r11_new_identity_condition_binding" name="test_self_resigned_metadata_cannot_change_fixed_text[probe_manifest_sha256-0000000000000000000000000000000000000000000000000000000000000000]" time="0.128" /><testcase classname="tests.test_r11_new_identity_condition_binding" name="test_same_file_cannot_impersonate_second_encoding" time="0.080" /><testcase classname="tests.test_r11_new_identity_condition_binding" name="test_probe_config_mutation_rejected_before_any_file_read" time="0.005" /><testcase classname="tests.test_r11_new_identity_condition_binding" name="test_full_probe_raw_audit_with_only_location_substituted" time="0.160" /><testcase classname="tests.test_r11_new_identity_condition_binding" name="test_manifest_gate_rejects_each_binding_failure[identity_condition_probe_binding]" time="0.112" /><testcase classname="tests.test_r11_new_identity_condition_binding" name="test_manifest_gate_rejects_each_binding_failure[single_changed_factor]" time="0.116" /><testcase classname="tests.test_r11_new_identity_condition_binding" name="test_manifest_gate_rejects_each_binding_failure[information_boundary]" time="0.169" /><testcase classname="tests.test_r11_new_identity_condition_binding" name="test_manifest_gate_rejects_each_binding_failure[condition_artifact]" time="0.104" /><testcase classname="tests.test_r11_new_identity_condition_binding" name="test_new_trainer_executes_dense_mse_and_exact_256_adam_calls_without_reader_gradient" time="0.404" /><testcase classname="tests.test_r11_new_identity_condition_binding" name="test_native_condition_runtime_does_not_pass_original_event_or_query_to_encoder" time="0.004" /><testcase classname="tests.test_r11_new_identity_condition_bridge" name="test_locked_config_and_unchanged_contracts" time="0.003" /><testcase classname="tests.test_r11_new_identity_condition_bridge" name="test_config_mutation_fails_closed[single_changed_solver_factor-new_value-no change]" time="0.003" /><testcase classname="tests.test_r11_new_identity_condition_bridge" name="test_config_mutation_fails_closed[single_changed_solver_factor-full_prompt_sha256-0000000000000000000000000000000000000000000000000000000000000000]" time="0.003" /><testcase classname="tests.test_r11_new_identity_condition_bridge" name="test_config_mutation_fails_closed[parent_bridge-endpoint_mse-0.09553645551204681]" time="0.003" /><testcase classname="tests.test_r11_new_identity_condition_bridge" name="test_config_mutation_fails_closed[parent_bridge-endpoint_reader_mean_ce-25.536474171257463]" time="0.002" /><testcase classname="tests.test_r11_new_identity_condition_bridge" name="test_config_mutation_fails_closed[primary_bridge_gate-mse_ratio_to_m0_lte-0.1]" time="0.002" /><testcase classname="tests.test_r11_new_identity_condition_bridge" name="test_config_mutation_fails_closed[unchanged_contract-optimizer_steps-128]" time="0.002" /><testcase classname="tests.test_r11_new_identity_condition_bridge" name="test_config_mutation_fails_closed[unchanged_contract-gradient_clipping-1.0]" time="0.003" /><testcase classname="tests.test_r11_new_identity_condition_bridge" name="test_config_mutation_fails_closed[condition_probe_binding-manifest_sha256-0000000000000000000000000000000000000000000000000000000000000000]" time="0.003" /><testcase classname="tests.test_r11_new_identity_condition_bridge" name="test_config_mutation_fails_closed[condition_probe_binding-probe_tensors_exact_match_required-False]" time="0.003" /><testcase classname="tests.test_r11_new_identity_condition_bridge" name="test_config_mutation_fails_closed[deployment-runtime_cuda_visible_devices-0,1,2,3]" time="0.003" /><testcase classname="tests.test_r11_new_identity_condition_bridge" name="test_config_mutation_fails_closed[deployment-resource_migration_is_operational_not_scientific_factor-False]" time="0.002" /><testcase classname="tests.test_r11_new_identity_condition_bridge" name="test_config_byte_drift_fails_even_if_json_equal" time="0.009" /><testcase classname="tests.test_r11_new_identity_condition_bridge" name="test_only_condition_parity_changes_and_old_module_is_untouched" time="0.001" /><testcase classname="tests.test_r11_new_identity_condition_bridge" name="test_secondary_uses_source_only_comparator_not_gaussian" time="0.001" /><testcase classname="tests.test_r11_new_identity_condition_bridge" name="test_two_strict_improvements_required[0.11177215725183487-0.0]" time="0.001" /><testcase classname="tests.test_r11_new_identity_condition_bridge" name="test_two_strict_improvements_required[0.0-25.765637596946004]" time="0.001" /><testcase classname="tests.test_r11_new_identity_condition_bridge" name="test_two_strict_improvements_required[0.11177215725183488-0.0]" time="0.001" /><testcase classname="tests.test_r11_new_identity_condition_bridge" name="test_two_strict_improvements_required[0.0-25.765637596946007]" time="0.002" /><testcase classname="tests.test_r11_new_identity_condition_bridge" name="test_invalid_metrics_rejected[mse-nan]" time="0.002" /><testcase classname="tests.test_r11_new_identity_condition_bridge" name="test_invalid_metrics_rejected[mse-inf]" time="0.001" /><testcase classname="tests.test_r11_new_identity_condition_bridge" name="test_invalid_metrics_rejected[mse--1.0]" time="0.001" /><testcase classname="tests.test_r11_new_identity_condition_bridge" name="test_invalid_metrics_rejected[mse-True]" time="0.001" /><testcase classname="tests.test_r11_new_identity_condition_bridge" name="test_invalid_metrics_rejected[mse-0.0]" time="0.001" /><testcase classname="tests.test_r11_new_identity_condition_bridge" name="test_invalid_metrics_rejected[mse-None]" time="0.001" /><testcase classname="tests.test_r11_new_identity_condition_bridge" name="test_invalid_metrics_rejected[ce-nan]" time="0.001" /><testcase classname="tests.test_r11_new_identity_condition_bridge" name="test_invalid_metrics_rejected[ce-inf]" time="0.001" /><testcase classname="tests.test_r11_new_identity_condition_bridge" name="test_invalid_metrics_rejected[ce--1.0]" time="0.001" /><testcase classname="tests.test_r11_new_identity_condition_bridge" name="test_invalid_metrics_rejected[ce-True]" time="0.001" /><testcase classname="tests.test_r11_new_identity_condition_bridge" name="test_invalid_metrics_rejected[ce-0.0]" time="0.001" /><testcase classname="tests.test_r11_new_identity_condition_bridge" name="test_invalid_metrics_rejected[ce-None]" time="0.001" /><testcase classname="tests.test_r11_new_identity_condition_bridge" name="test_secondary_cannot_rescue_or_override_primary[flags0]" time="0.001" /><testcase classname="tests.test_r11_new_identity_condition_bridge" name="test_secondary_cannot_rescue_or_override_primary[flags1]" time="0.001" /><testcase classname="tests.test_r11_new_identity_condition_bridge" name="test_secondary_cannot_rescue_or_override_primary[flags2]" time="0.001" /><testcase classname="tests.test_r11_new_identity_condition_bridge" name="test_secondary_cannot_rescue_or_override_primary[flags3]" time="0.001" /><testcase classname="tests.test_r11_new_identity_condition_bridge" name="test_non_boolean_gates_rejected[technical_gate]" time="0.002" /><testcase classname="tests.test_r11_new_identity_condition_bridge" name="test_non_boolean_gates_rejected[teacher_replay_gate]" time="0.001" /><testcase classname="tests.test_r11_new_identity_condition_bridge" name="test_non_boolean_gates_rejected[distance_pass]" time="0.001" /><testcase classname="tests.test_r11_new_identity_condition_bridge" name="test_non_boolean_gates_rejected[reader_transfer_pass]" time="0.001" /><testcase classname="tests.test_r11_new_identity_condition_bridge" name="test_complete_technical_and_information_boundaries" time="0.001" /></testsuite></testsuites>