<?xml version="1.0" encoding="utf-8"?><testsuites name="pytest tests"><testsuite name="pytest" errors="0" failures="0" skipped="0" tests="116" time="37.498" timestamp="2026-09-07T15:27:43.440886+08:00" hostname="LAPTOP-IS2AROSD"><testcase classname="tests.test_r11_new_activation_precision_control" name="test_locked_config_and_scientific_boundaries" time="0.012" /><testcase classname="tests.test_r11_new_activation_precision_control" name="test_parent_terminal_failure_is_delivered_and_hash_bound" time="0.104" /><testcase classname="tests.test_r11_new_activation_precision_control" name="test_selected_path_points_are_exact_parent_candidates" time="1.502" /><testcase classname="tests.test_r11_new_activation_precision_control" name="test_path_row_identity[0-teacher-outward-bf16-baseline]" time="0.004" /><testcase classname="tests.test_r11_new_activation_precision_control" name="test_path_row_identity[0-teacher-outward-fp32-lifted]" time="0.003" /><testcase classname="tests.test_r11_new_activation_precision_control" name="test_path_row_identity[0-plateau-inward-bf16-baseline]" time="0.005" /><testcase classname="tests.test_r11_new_activation_precision_control" name="test_path_row_identity[0-plateau-inward-fp32-lifted]" time="0.003" /><testcase classname="tests.test_r11_new_activation_precision_control" name="test_path_row_identity[9-teacher-outward-bf16-baseline]" time="0.004" /><testcase classname="tests.test_r11_new_activation_precision_control" name="test_path_row_identity[9-teacher-outward-fp32-lifted]" time="0.004" /><testcase classname="tests.test_r11_new_activation_precision_control" name="test_path_row_identity[9-plateau-inward-bf16-baseline]" time="0.004" /><testcase classname="tests.test_r11_new_activation_precision_control" name="test_path_row_identity[9-plateau-inward-fp32-lifted]" time="0.003" /><testcase classname="tests.test_r11_new_activation_precision_control" name="test_path_row_identity[16-teacher-outward-bf16-baseline]" time="0.003" /><testcase classname="tests.test_r11_new_activation_precision_control" name="test_path_row_identity[16-teacher-outward-fp32-lifted]" time="0.004" /><testcase classname="tests.test_r11_new_activation_precision_control" name="test_path_row_identity[16-plateau-inward-bf16-baseline]" time="0.003" /><testcase classname="tests.test_r11_new_activation_precision_control" name="test_path_row_identity[16-plateau-inward-fp32-lifted]" time="0.003" /><testcase classname="tests.test_r11_new_activation_precision_control" name="test_gradient_row_identity[plus-bf16-baseline]" time="0.003" /><testcase classname="tests.test_r11_new_activation_precision_control" name="test_gradient_row_identity[plus-fp32-lifted]" time="0.004" /><testcase classname="tests.test_r11_new_activation_precision_control" name="test_gradient_row_identity[minus-bf16-baseline]" time="0.004" /><testcase classname="tests.test_r11_new_activation_precision_control" name="test_gradient_row_identity[minus-fp32-lifted]" time="0.004" /><testcase classname="tests.test_r11_new_activation_precision_control" name="test_unit_vector_and_cosine_are_fp32_and_deterministic" time="0.005" /><testcase classname="tests.test_r11_new_activation_precision_control" name="test_classification_branches[fp32_ratios0-0.5-fp32_restores_capture_and_gradient]" time="0.253" /><testcase classname="tests.test_r11_new_activation_precision_control" name="test_classification_branches[fp32_ratios1-0.95-fp32_widens_capture_without_actionable_gradient]" time="0.251" /><testcase classname="tests.test_r11_new_activation_precision_control" name="test_classification_branches[fp32_ratios2-0.5-fp32_gradient_only]" time="0.233" /><testcase classname="tests.test_r11_new_activation_precision_control" name="test_classification_branches[fp32_ratios3-0.95-precision_lift_insufficient]" time="0.246" /><testcase classname="tests.test_r11_new_activation_precision_control" name="test_bf16_control_corruption_fails_closed" time="0.247" /><testcase classname="tests.test_r11_new_activation_precision_control" name="test_runner_has_no_optimizer_or_reader_and_lifts_in_memory" time="0.006" /><testcase classname="tests.test_r11_new_activation_precision_control" name="test_independent_audit_recomputes_delivery[technical-preflight]" time="0.805" /><testcase classname="tests.test_r11_new_activation_precision_control" name="test_independent_audit_recomputes_delivery[formal]" time="2.136" /><testcase classname="tests.test_r11_new_activation_precision_control" name="test_inventory_corruption_fails_closed" time="0.821" /><testcase classname="tests.test_r11_new_direction_fidelity" name="test_config_is_locked_and_diagnostic_only" time="0.013" /><testcase classname="tests.test_r11_new_direction_fidelity" name="test_parent_hashes_bind_to_delivered_low_lr_run" time="0.828" /><testcase classname="tests.test_r11_new_direction_fidelity" name="test_unit_directions_and_orthogonal_control_are_deterministic" time="0.005" /><testcase classname="tests.test_r11_new_direction_fidelity" name="test_adam_direction_reconstructs_empty_and_step256_states" time="0.009" /><testcase classname="tests.test_r11_new_direction_fidelity" name="test_scan_grid_and_central_differences_are_recomputed" time="0.009" /><testcase classname="tests.test_r11_new_direction_fidelity" name="test_scan_grid_fails_closed[missing]" time="0.008" /><testcase classname="tests.test_r11_new_direction_fidelity" name="test_scan_grid_fails_closed[duplicate]" time="0.009" /><testcase classname="tests.test_r11_new_direction_fidelity" name="test_scan_grid_fails_closed[radius]" time="0.010" /><testcase classname="tests.test_r11_new_direction_fidelity" name="test_scan_grid_fails_closed[nan]" time="0.010" /><testcase classname="tests.test_r11_new_direction_fidelity" name="test_classification_is_preregistered[True-True-0.01-plateau_negative_gradient_and_adam_descent]" time="0.011" /><testcase classname="tests.test_r11_new_direction_fidelity" name="test_classification_is_preregistered[True-False-0.01-plateau_negative_gradient_only]" time="0.011" /><testcase classname="tests.test_r11_new_direction_fidelity" name="test_classification_is_preregistered[False-False-0.01-plateau_teacher_residual_only]" time="0.011" /><testcase classname="tests.test_r11_new_direction_fidelity" name="test_classification_is_preregistered[False-True-0.01-adam_only_or_random_control_anomaly]" time="0.008" /><testcase classname="tests.test_r11_new_direction_fidelity" name="test_classification_is_preregistered[True-True-0.2-plateau_oracle_not_strongly_descending]" time="0.009" /><testcase classname="tests.test_r11_new_direction_fidelity" name="test_runner_has_no_optimizer_and_scans_both_signs" time="0.004" /><testcase classname="tests.test_r11_new_direction_fidelity" name="test_independent_audit_recomputes_synthetic_delivery[technical-preflight]" time="0.683" /><testcase classname="tests.test_r11_new_direction_fidelity" name="test_independent_audit_recomputes_synthetic_delivery[formal]" time="1.590" /><testcase classname="tests.test_r11_new_direction_fidelity" name="test_audit_rejects_corrupted_parent_checkpoint" time="0.393" /><testcase classname="tests.test_r11_new_oracle_terminal_capture" name="test_locked_config_and_execution_boundaries" time="0.008" /><testcase classname="tests.test_r11_new_oracle_terminal_capture" name="test_parent_direction_failure_is_delivered_and_hash_bound" time="0.122" /><testcase classname="tests.test_r11_new_oracle_terminal_capture" name="test_all_preregistered_candidate_tensors_reconstruct_exactly" time="1.210" /><testcase classname="tests.test_r11_new_oracle_terminal_capture" name="test_scan_row_id_is_locked[0-teacher-outward]" time="0.004" /><testcase classname="tests.test_r11_new_oracle_terminal_capture" name="test_scan_row_id_is_locked[0-plateau-inward]" time="0.003" /><testcase classname="tests.test_r11_new_oracle_terminal_capture" name="test_scan_row_id_is_locked[7-teacher-outward]" time="0.005" /><testcase classname="tests.test_r11_new_oracle_terminal_capture" name="test_scan_row_id_is_locked[7-plateau-inward]" time="0.003" /><testcase classname="tests.test_r11_new_oracle_terminal_capture" name="test_scan_row_id_is_locked[16-teacher-outward]" time="0.005" /><testcase classname="tests.test_r11_new_oracle_terminal_capture" name="test_scan_row_id_is_locked[16-plateau-inward]" time="0.004" /><testcase classname="tests.test_r11_new_oracle_terminal_capture" name="test_classification_branches[13-macroscopic_terminal_capture]" time="0.030" /><testcase classname="tests.test_r11_new_oracle_terminal_capture" name="test_classification_branches[9-narrow_terminal_capture]" time="0.032" /><testcase classname="tests.test_r11_new_oracle_terminal_capture" name="test_classification_branches[2-microscopic_partial_code_capture]" time="0.032" /><testcase classname="tests.test_r11_new_oracle_terminal_capture" name="test_classification_branches[1-bf16_exact_cell_only]" time="0.030" /><testcase classname="tests.test_r11_new_oracle_terminal_capture" name="test_classification_branches[0-exact_teacher_only]" time="0.032" /><testcase classname="tests.test_r11_new_oracle_terminal_capture" name="test_disconnected_strong_capture_is_anomaly" time="0.024" /><testcase classname="tests.test_r11_new_oracle_terminal_capture" name="test_duplicate_endpoint_drift_is_rejected" time="0.015" /><testcase classname="tests.test_r11_new_oracle_terminal_capture" name="test_runner_has_no_training_or_reader_path" time="0.003" /><testcase classname="tests.test_r11_new_oracle_terminal_capture" name="test_independent_audit_recomputes_delivery[technical-preflight]" time="0.588" /><testcase classname="tests.test_r11_new_oracle_terminal_capture" name="test_independent_audit_recomputes_delivery[formal]" time="0.903" /><testcase classname="tests.test_r11_new_oracle_terminal_capture" name="test_audit_rejects_metric_corruption" time="0.505" /><testcase classname="tests.test_r11_new_fp32_trust_region" name="test_config_is_locked_and_scientifically_bounded" time="0.015" /><testcase classname="tests.test_r11_new_fp32_trust_region" name="test_parent_precision_result_is_delivered_and_hash_bound" time="0.094" /><testcase classname="tests.test_r11_new_fp32_trust_region" name="test_iteration_and_candidate_ids[0]" time="0.002" /><testcase classname="tests.test_r11_new_fp32_trust_region" name="test_iteration_and_candidate_ids[1]" time="0.002" /><testcase classname="tests.test_r11_new_fp32_trust_region" name="test_iteration_and_candidate_ids[31]" time="0.002" /><testcase classname="tests.test_r11_new_fp32_trust_region" name="test_preregistered_classification_branches[0.005-fixed_target_trust_region_success]" time="0.013" /><testcase classname="tests.test_r11_new_fp32_trust_region" name="test_preregistered_classification_branches[0.05-strong_capture_reached_only]" time="0.012" /><testcase classname="tests.test_r11_new_fp32_trust_region" name="test_preregistered_classification_branches[0.5-monotone_progress_above_capture]" time="0.013" /><testcase classname="tests.test_r11_new_fp32_trust_region" name="test_stalled_classification" time="0.014" /><testcase classname="tests.test_r11_new_fp32_trust_region" name="test_trace_rejects_missing_or_wrong_selection" time="0.015" /><testcase classname="tests.test_r11_new_fp32_trust_region" name="test_runner_uses_fixed_normalized_update_without_optimizer_or_reader" time="0.003" /><testcase classname="tests.test_r11_new_fp32_trust_region" name="test_independent_audit_recomputes_delivery[technical-preflight]" time="2.068" /><testcase classname="tests.test_r11_new_fp32_trust_region" name="test_independent_audit_recomputes_delivery[formal]" time="0.673" /><testcase classname="tests.test_r11_new_fp32_trust_region" name="test_inventory_corruption_fails_closed" time="0.372" /><testcase classname="tests.test_r11_new_fp32_trust_region_horizon128" name="test_config_is_hash_locked_and_changes_only_iteration_budget" time="0.027" /><testcase classname="tests.test_r11_new_fp32_trust_region_horizon128" name="test_parent_delivery_bindings_match_committed_results" time="0.043" /><testcase classname="tests.test_r11_new_fp32_trust_region_horizon128" name="test_facade_reuses_exact_parent_numerical_and_audit_functions" time="0.002" /><testcase classname="tests.test_r11_new_fp32_trust_region_horizon128" name="test_runner_swaps_only_locked_config_facade" time="0.002" /><testcase classname="tests.test_r11_new_fp32_trust_region_horizon128" name="test_external_prefix_audit_requires_byte_exact_parent_trace" time="0.065" /><testcase classname="tests.test_r11_new_fp32_prpplus_trust_region" name="test_config_is_hash_locked_and_matched_budget" time="0.041" /><testcase classname="tests.test_r11_new_fp32_prpplus_trust_region" name="test_parent_horizon_delivery_is_hash_bound" time="0.053" /><testcase classname="tests.test_r11_new_fp32_prpplus_trust_region" name="test_prpplus_direction_initial_and_positive_recurrence" time="0.004" /><testcase classname="tests.test_r11_new_fp32_prpplus_trust_region" name="test_prpplus_clamps_negative_beta_and_restarts_non_descent" time="0.005" /><testcase classname="tests.test_r11_new_fp32_prpplus_trust_region" name="test_preregistered_classification[0.009-10-fixed_target_trust_region_success]" time="0.019" /><testcase classname="tests.test_r11_new_fp32_prpplus_trust_region" name="test_preregistered_classification[0.04-128-prpplus_material_improvement_only]" time="0.019" /><testcase classname="tests.test_r11_new_fp32_prpplus_trust_region" name="test_preregistered_classification[0.052-128-prpplus_no_matched_budget_advantage]" time="0.019" /><testcase classname="tests.test_r11_new_fp32_prpplus_trust_region" name="test_preregistered_classification[1.0-0-prpplus_stalled]" time="0.019" /><testcase classname="tests.test_r11_new_fp32_prpplus_trust_region" name="test_runner_is_optimizer_reader_and_teacher_x_free" time="0.003" /><testcase classname="tests.test_r11_new_fp32_prpplus_trust_region" name="test_runner_temporarily_swaps_parent_strategy" time="0.002" /><testcase classname="tests.test_r11_new_fp32_prpplus_trust_region" name="test_external_audit_compares_parent_first_step_semantically" time="0.059" /><testcase classname="tests.test_r11_new_fp32_prpplus_trust_region" name="test_independent_audit_reconstructs_prpplus_recurrence" time="2.398" /><testcase classname="tests.test_r11_new_fp32_lbfgs_trust_region" name="test_config_is_hash_locked_and_preserves_non_direction_contract" time="0.040" /><testcase classname="tests.test_r11_new_fp32_lbfgs_trust_region" name="test_prpplus_parent_delivery_is_hash_bound" time="0.036" /><testcase classname="tests.test_r11_new_fp32_lbfgs_trust_region" name="test_initial_direction_exactly_reproduces_normalized_negative_gradient" time="0.005" /><testcase classname="tests.test_r11_new_fp32_lbfgs_trust_region" name="test_curvature_gate_accepts_positive_and_rejects_nonpositive_pairs" time="0.005" /><testcase classname="tests.test_r11_new_fp32_lbfgs_trust_region" name="test_one_pair_two_loop_recursion_is_exact" time="0.004" /><testcase classname="tests.test_r11_new_fp32_lbfgs_trust_region" name="test_two_loop_is_deterministic_and_history_order_is_enforced" time="0.008" /><testcase classname="tests.test_r11_new_fp32_lbfgs_trust_region" name="test_empty_post_initial_history_uses_negative_gradient_without_false_curvature_claim" time="0.003" /><testcase classname="tests.test_r11_new_fp32_lbfgs_trust_region" name="test_classification_is_preregistered[0.009-1-fixed_target_trust_region_success]" time="0.037" /><testcase classname="tests.test_r11_new_fp32_lbfgs_trust_region" name="test_classification_is_preregistered[0.02-128-lbfgs_material_improvement_only]" time="0.037" /><testcase classname="tests.test_r11_new_fp32_lbfgs_trust_region" name="test_classification_is_preregistered[0.028-128-lbfgs_no_matched_budget_advantage]" time="0.035" /><testcase classname="tests.test_r11_new_fp32_lbfgs_trust_region" name="test_classification_is_preregistered[1.0-0-lbfgs_stalled]" time="0.030" /><testcase classname="tests.test_r11_new_fp32_lbfgs_trust_region" name="test_runner_uses_only_accepted_state_history_and_keeps_exact_budget" time="0.031" /><testcase classname="tests.test_r11_new_fp32_lbfgs_trust_region" name="test_external_audit_is_bound_to_delivered_prpplus_parent" time="0.005" /><testcase classname="tests.test_r11_new_fp32_lbfgs_trust_region" name="test_curvature_metadata_hashes_actual_tensors" time="0.004" /><testcase classname="tests.test_r11_new_fp32_lbfgs_trust_region" name="test_invalid_history_pair_is_rejected" time="0.003" /><testcase classname="tests.test_r11_new_fp32_lbfgs_trust_region" name="test_runner_temporarily_swaps_parent_strategy" time="0.002" /><testcase classname="tests.test_r11_new_fp32_lbfgs_trust_region" name="test_external_audit_compares_prpplus_first_step_semantically" time="0.050" /><testcase classname="tests.test_r11_new_fp32_lbfgs_trust_region" name="test_independent_audit_reconstructs_lbfgs_curvature_and_two_loop" time="2.506" /></testsuite></testsuites>