<?xml version="1.0" encoding="utf-8"?><testsuites name="pytest tests"><testsuite name="pytest" errors="0" failures="0" skipped="0" tests="682" time="158.336" timestamp="2026-09-07T05:26:49.565800+08:00" hostname="LAPTOP-IS2AROSD"><testcase classname="tests.test_compare_r11_new_bridge" name="test_raw_metrics_are_recomputed_not_trusted" time="0.054" /><testcase classname="tests.test_compare_r11_new_bridge" name="test_checkpoint_tensor_distance_and_hashes_are_recomputed" time="0.424" /><testcase classname="tests.test_compare_r11_new_bridge" name="test_reader_ce_argmax_and_margin_are_recomputed" time="0.020" /><testcase classname="tests.test_compare_r11_new_bridge" name="test_self_consistent_wrong_answer_label_is_rejected" time="0.018" /><testcase classname="tests.test_compare_r11_new_bridge" name="test_inventory_includes_nested_inventory_and_rejects_extra_file" time="0.057" /><testcase classname="tests.test_compare_r11_new_bridge" name="test_sigma_validation_uses_the_locked_phase1a_tolerance" time="0.001" /><testcase classname="tests.test_compare_r11_new_bridge" name="test_preflight_rejects_top_level_pass_with_false_freeze_subgate" time="0.043" /><testcase classname="tests.test_compare_r11_new_bridge" name="test_compare_integration_never_promotes_bridge_pass_to_scientific_success" time="0.130" /><testcase classname="tests.test_compare_r11_new_bridge" name="test_parent_query_and_inventory_cannot_be_resigned_together" time="0.058" /><testcase classname="tests.test_compare_r11_new_bridge" name="test_initialization_artifact_is_independently_recomputed_after_resigning[None-dtype0]" time="0.043" /><testcase classname="tests.test_compare_r11_new_bridge" name="test_initialization_artifact_is_independently_recomputed_after_resigning[None-dtype1]" time="0.040" /><testcase classname="tests.test_compare_r11_new_bridge" name="test_initialization_artifact_is_independently_recomputed_after_resigning[record_sigma-dtype0]" time="0.033" /><testcase classname="tests.test_compare_r11_new_bridge" name="test_initialization_artifact_is_independently_recomputed_after_resigning[record_sigma-dtype1]" time="0.029" /><testcase classname="tests.test_compare_r11_new_bridge" name="test_initialization_artifact_is_independently_recomputed_after_resigning[payload_sigma-dtype0]" time="0.030" /><testcase classname="tests.test_compare_r11_new_bridge" name="test_initialization_artifact_is_independently_recomputed_after_resigning[payload_sigma-dtype1]" time="0.028" /><testcase classname="tests.test_compare_r11_new_bridge" name="test_initialization_artifact_is_independently_recomputed_after_resigning[nominal_schedule-dtype0]" time="0.037" /><testcase classname="tests.test_compare_r11_new_bridge" name="test_initialization_artifact_is_independently_recomputed_after_resigning[nominal_schedule-dtype1]" time="0.035" /><testcase classname="tests.test_compare_r11_new_bridge" name="test_initialization_artifact_is_independently_recomputed_after_resigning[actual_schedule-dtype0]" time="0.033" /><testcase classname="tests.test_compare_r11_new_bridge" name="test_initialization_artifact_is_independently_recomputed_after_resigning[actual_schedule-dtype1]" time="0.031" /><testcase classname="tests.test_compare_r11_new_bridge" name="test_initialization_artifact_is_independently_recomputed_after_resigning[record_std-dtype0]" time="0.034" /><testcase classname="tests.test_compare_r11_new_bridge" name="test_initialization_artifact_is_independently_recomputed_after_resigning[record_std-dtype1]" time="0.033" /><testcase classname="tests.test_compare_r11_new_bridge" name="test_initialization_artifact_is_independently_recomputed_after_resigning[both_std-dtype0]" time="0.038" /><testcase classname="tests.test_compare_r11_new_bridge" name="test_initialization_artifact_is_independently_recomputed_after_resigning[both_std-dtype1]" time="0.034" /><testcase classname="tests.test_compare_r11_new_bridge" name="test_initialization_artifact_is_independently_recomputed_after_resigning[payload_mse-dtype0]" time="0.034" /><testcase classname="tests.test_compare_r11_new_bridge" name="test_initialization_artifact_is_independently_recomputed_after_resigning[payload_mse-dtype1]" time="0.034" /><testcase classname="tests.test_compare_r11_new_bridge" name="test_initialization_artifact_is_independently_recomputed_after_resigning[record_mse-dtype0]" time="0.036" /><testcase classname="tests.test_compare_r11_new_bridge" name="test_initialization_artifact_is_independently_recomputed_after_resigning[record_mse-dtype1]" time="0.037" /><testcase classname="tests.test_compare_r11_new_bridge" name="test_initialization_artifact_is_independently_recomputed_after_resigning[payload_nrmse-dtype0]" time="0.038" /><testcase classname="tests.test_compare_r11_new_bridge" name="test_initialization_artifact_is_independently_recomputed_after_resigning[payload_nrmse-dtype1]" time="0.035" /><testcase classname="tests.test_compare_r11_new_bridge" name="test_initialization_artifact_is_independently_recomputed_after_resigning[record_nrmse-dtype0]" time="0.034" /><testcase classname="tests.test_compare_r11_new_bridge" name="test_initialization_artifact_is_independently_recomputed_after_resigning[record_nrmse-dtype1]" time="0.039" /><testcase classname="tests.test_compare_r11_new_bridge" name="test_initialization_artifact_is_independently_recomputed_after_resigning[formula-dtype0]" time="0.033" /><testcase classname="tests.test_compare_r11_new_bridge" name="test_initialization_artifact_is_independently_recomputed_after_resigning[formula-dtype1]" time="0.033" /><testcase classname="tests.test_compare_r11_new_bridge" name="test_initialization_artifact_is_independently_recomputed_after_resigning[operator-dtype0]" time="0.035" /><testcase classname="tests.test_compare_r11_new_bridge" name="test_initialization_artifact_is_independently_recomputed_after_resigning[operator-dtype1]" time="0.031" /><testcase classname="tests.test_compare_r11_new_bridge" name="test_initialization_artifact_is_independently_recomputed_after_resigning[x_t-dtype0]" time="0.037" /><testcase classname="tests.test_compare_r11_new_bridge" name="test_initialization_artifact_is_independently_recomputed_after_resigning[x_t-dtype1]" time="0.030" /><testcase classname="tests.test_compare_r11_new_bridge" name="test_initialization_artifact_is_independently_recomputed_after_resigning[start-dtype0]" time="0.032" /><testcase classname="tests.test_compare_r11_new_bridge" name="test_initialization_artifact_is_independently_recomputed_after_resigning[start-dtype1]" time="0.031" /><testcase classname="tests.test_compare_r11_new_bridge" name="test_initialization_artifact_is_independently_recomputed_after_resigning[dtype-dtype0]" time="0.041" /><testcase classname="tests.test_compare_r11_new_bridge" name="test_initialization_artifact_is_independently_recomputed_after_resigning[dtype-dtype1]" time="0.037" /><testcase classname="tests.test_compare_r11_new_bridge" name="test_initialization_artifact_is_independently_recomputed_after_resigning[record_backend-dtype0]" time="0.031" /><testcase classname="tests.test_compare_r11_new_bridge" name="test_initialization_artifact_is_independently_recomputed_after_resigning[record_backend-dtype1]" time="0.027" /><testcase classname="tests.test_compare_r11_new_bridge" name="test_initialization_artifact_is_independently_recomputed_after_resigning[payload_backend-dtype0]" time="0.029" /><testcase classname="tests.test_compare_r11_new_bridge" name="test_initialization_artifact_is_independently_recomputed_after_resigning[payload_backend-dtype1]" time="0.031" /><testcase classname="tests.test_compare_r11_new_bridge" name="test_initialization_artifact_is_independently_recomputed_after_resigning[both_backend-dtype0]" time="0.032" /><testcase classname="tests.test_compare_r11_new_bridge" name="test_initialization_artifact_is_independently_recomputed_after_resigning[both_backend-dtype1]" time="0.031" /><testcase classname="tests.test_compare_r11_new_bridge" name="test_cuda_initialization_refuses_cpu_fallback" time="0.030" /><testcase classname="tests.test_compare_r11_new_bridge" name="test_manifest_keeps_fixed_source_condition_models_and_new_initializer_boundary[None]" time="0.047" /><testcase classname="tests.test_compare_r11_new_bridge" name="test_manifest_keeps_fixed_source_condition_models_and_new_initializer_boundary[parity]" time="0.033" /><testcase classname="tests.test_compare_r11_new_bridge" name="test_manifest_keeps_fixed_source_condition_models_and_new_initializer_boundary[nominal_sigma]" time="0.033" /><testcase classname="tests.test_compare_r11_new_bridge" name="test_manifest_keeps_fixed_source_condition_models_and_new_initializer_boundary[m0]" time="0.034" /><testcase classname="tests.test_compare_r11_new_bridge" name="test_manifest_keeps_fixed_source_condition_models_and_new_initializer_boundary[information]" time="0.034" /><testcase classname="tests.test_compare_r11_new_bridge" name="test_manifest_keeps_fixed_source_condition_models_and_new_initializer_boundary[source_dtype]" time="0.035" /><testcase classname="tests.test_compare_r11_new_bridge" name="test_manifest_keeps_fixed_source_condition_models_and_new_initializer_boundary[backend]" time="0.032" /><testcase classname="tests.test_compare_r11_new_bridge" name="test_manifest_keeps_fixed_source_condition_models_and_new_initializer_boundary[models]" time="0.046" /><testcase classname="tests.test_compare_r11_new_bridge" name="test_manifest_keeps_fixed_source_condition_models_and_new_initializer_boundary[condition]" time="0.051" /><testcase classname="tests.test_compare_r11_new_bridge" name="test_parent_bridge_keeps_absolute_endpoint_reference_after_resigning[None]" time="0.049" /><testcase classname="tests.test_compare_r11_new_bridge" name="test_parent_bridge_keeps_absolute_endpoint_reference_after_resigning[mse]" time="0.036" /><testcase classname="tests.test_compare_r11_new_bridge" name="test_parent_bridge_keeps_absolute_endpoint_reference_after_resigning[ce]" time="0.035" /><testcase classname="tests.test_compare_r11_new_bridge" name="test_parent_bridge_keeps_absolute_endpoint_reference_after_resigning[formal_success]" time="0.032" /><testcase classname="tests.test_compare_r11_new_phase1a.R11NewPhase1AComparisonTest" name="test_all_targets_must_bind_the_same_preflight" time="7.432" /><testcase classname="tests.test_compare_r11_new_phase1a.R11NewPhase1AComparisonTest" name="test_any_formal_success_claim_is_rejected" time="6.615" /><testcase classname="tests.test_compare_r11_new_phase1a.R11NewPhase1AComparisonTest" name="test_checkpoint_rejects_different_in_tolerance_record_and_payload_sigmas" time="0.666" /><testcase classname="tests.test_compare_r11_new_phase1a.R11NewPhase1AComparisonTest" name="test_checkpoint_rejects_invalid_runtime_sigmas" time="1.486" /><testcase classname="tests.test_compare_r11_new_phase1a.R11NewPhase1AComparisonTest" name="test_duplicate_target_root_is_rejected_before_summary_use" time="4.013" /><testcase classname="tests.test_compare_r11_new_phase1a.R11NewPhase1AComparisonTest" name="test_later_target_must_bind_this_suite_target0" time="5.377" /><testcase classname="tests.test_compare_r11_new_phase1a.R11NewPhase1AComparisonTest" name="test_missing_launch_prerequisites_are_rejected" time="5.914" /><testcase classname="tests.test_compare_r11_new_phase1a.R11NewPhase1AComparisonTest" name="test_raw_float32_scheduler_observations_survive_full_recomputation" time="7.580" /><testcase classname="tests.test_compare_r11_new_phase1a.R11NewPhase1AComparisonTest" name="test_reachability_false_is_a_valid_diagnostic_not_a_technical_failure" time="7.669" /><testcase classname="tests.test_compare_r11_new_phase1a.R11NewPhase1AComparisonTest" name="test_tampered_checkpoint_is_rejected_by_raw_hash_validation" time="5.845" /><testcase classname="tests.test_compare_r11_new_phase1a.R11NewPhase1AComparisonTest" name="test_truncated_receipts_are_rejected_even_after_hashes_are_resigned" time="5.493" /><testcase classname="tests.test_compare_r11_new_phase1a.R11NewPhase1AComparisonTest" name="test_valid_eight_of_eight_proceeds_to_phase2_but_never_claims_success" time="7.496" /><testcase classname="tests.test_compare_r11_new_phase1a.R11NewPhase1AComparisonTest" name="test_wrong_preflight_prerequisite_hash_is_rejected" time="6.279" /><testcase classname="tests.test_compare_r11_new_source_init_bridge" name="test_raw_metrics_are_recomputed_not_trusted" time="0.070" /><testcase classname="tests.test_compare_r11_new_source_init_bridge" name="test_checkpoint_tensor_distance_and_hashes_are_recomputed" time="0.335" /><testcase classname="tests.test_compare_r11_new_source_init_bridge" name="test_reader_ce_argmax_and_margin_are_recomputed" time="0.020" /><testcase classname="tests.test_compare_r11_new_source_init_bridge" name="test_self_consistent_wrong_answer_label_is_rejected" time="0.015" /><testcase classname="tests.test_compare_r11_new_source_init_bridge" name="test_inventory_includes_nested_inventory_and_rejects_extra_file" time="0.051" /><testcase classname="tests.test_compare_r11_new_source_init_bridge" name="test_sigma_validation_uses_the_locked_phase1a_tolerance" time="0.001" /><testcase classname="tests.test_compare_r11_new_source_init_bridge" name="test_preflight_rejects_top_level_pass_with_false_freeze_subgate" time="0.037" /><testcase classname="tests.test_compare_r11_new_source_init_bridge" name="test_compare_integration_never_promotes_bridge_pass_to_scientific_success" time="0.158" /><testcase classname="tests.test_compare_r11_new_source_init_bridge" name="test_parent_query_and_inventory_cannot_be_resigned_together" time="0.059" /><testcase classname="tests.test_compare_r11_new_source_init_bridge" name="test_source_only_initialization_is_recomputed_after_resigning[None-dtype0]" time="0.041" /><testcase classname="tests.test_compare_r11_new_source_init_bridge" name="test_source_only_initialization_is_recomputed_after_resigning[None-dtype1]" time="0.037" /><testcase classname="tests.test_compare_r11_new_source_init_bridge" name="test_source_only_initialization_is_recomputed_after_resigning[record_sigma-dtype0]" time="0.033" /><testcase classname="tests.test_compare_r11_new_source_init_bridge" name="test_source_only_initialization_is_recomputed_after_resigning[record_sigma-dtype1]" time="0.031" /><testcase classname="tests.test_compare_r11_new_source_init_bridge" name="test_source_only_initialization_is_recomputed_after_resigning[payload_sigma-dtype0]" time="0.032" /><testcase classname="tests.test_compare_r11_new_source_init_bridge" name="test_source_only_initialization_is_recomputed_after_resigning[payload_sigma-dtype1]" time="0.028" /><testcase classname="tests.test_compare_r11_new_source_init_bridge" name="test_source_only_initialization_is_recomputed_after_resigning[nominal_schedule-dtype0]" time="0.029" /><testcase classname="tests.test_compare_r11_new_source_init_bridge" name="test_source_only_initialization_is_recomputed_after_resigning[nominal_schedule-dtype1]" time="0.028" /><testcase classname="tests.test_compare_r11_new_source_init_bridge" name="test_source_only_initialization_is_recomputed_after_resigning[actual_schedule-dtype0]" time="0.032" /><testcase classname="tests.test_compare_r11_new_source_init_bridge" name="test_source_only_initialization_is_recomputed_after_resigning[actual_schedule-dtype1]" time="0.031" /><testcase classname="tests.test_compare_r11_new_source_init_bridge" name="test_source_only_initialization_is_recomputed_after_resigning[formula-dtype0]" time="0.030" /><testcase classname="tests.test_compare_r11_new_source_init_bridge" name="test_source_only_initialization_is_recomputed_after_resigning[formula-dtype1]" time="0.028" /><testcase classname="tests.test_compare_r11_new_source_init_bridge" name="test_source_only_initialization_is_recomputed_after_resigning[operator-dtype0]" time="0.030" /><testcase classname="tests.test_compare_r11_new_source_init_bridge" name="test_source_only_initialization_is_recomputed_after_resigning[operator-dtype1]" time="0.031" /><testcase classname="tests.test_compare_r11_new_source_init_bridge" name="test_source_only_initialization_is_recomputed_after_resigning[x_t-dtype0]" time="0.035" /><testcase classname="tests.test_compare_r11_new_source_init_bridge" name="test_source_only_initialization_is_recomputed_after_resigning[x_t-dtype1]" time="0.035" /><testcase classname="tests.test_compare_r11_new_source_init_bridge" name="test_source_only_initialization_is_recomputed_after_resigning[start-dtype0]" time="0.033" /><testcase classname="tests.test_compare_r11_new_source_init_bridge" name="test_source_only_initialization_is_recomputed_after_resigning[start-dtype1]" time="0.031" /><testcase classname="tests.test_compare_r11_new_source_init_bridge" name="test_source_only_initialization_is_recomputed_after_resigning[dtype-dtype0]" time="0.031" /><testcase classname="tests.test_compare_r11_new_source_init_bridge" name="test_source_only_initialization_is_recomputed_after_resigning[dtype-dtype1]" time="0.033" /><testcase classname="tests.test_compare_r11_new_source_init_bridge" name="test_source_only_initialization_is_recomputed_after_resigning[record_backend-dtype0]" time="0.030" /><testcase classname="tests.test_compare_r11_new_source_init_bridge" name="test_source_only_initialization_is_recomputed_after_resigning[record_backend-dtype1]" time="0.034" /><testcase classname="tests.test_compare_r11_new_source_init_bridge" name="test_source_only_initialization_is_recomputed_after_resigning[payload_backend-dtype0]" time="0.031" /><testcase classname="tests.test_compare_r11_new_source_init_bridge" name="test_source_only_initialization_is_recomputed_after_resigning[payload_backend-dtype1]" time="0.029" /><testcase classname="tests.test_compare_r11_new_source_init_bridge" name="test_source_only_initialization_is_recomputed_after_resigning[both_backend-dtype0]" time="0.028" /><testcase classname="tests.test_compare_r11_new_source_init_bridge" name="test_source_only_initialization_is_recomputed_after_resigning[both_backend-dtype1]" time="0.033" /><testcase classname="tests.test_compare_r11_new_source_init_bridge" name="test_source_only_initialization_is_recomputed_after_resigning[parameter_dtype-dtype0]" time="0.034" /><testcase classname="tests.test_compare_r11_new_source_init_bridge" name="test_source_only_initialization_is_recomputed_after_resigning[parameter_dtype-dtype1]" time="0.039" /><testcase classname="tests.test_compare_r11_new_source_init_bridge" name="test_source_only_initialization_is_recomputed_after_resigning[shape-dtype0]" time="0.041" /><testcase classname="tests.test_compare_r11_new_source_init_bridge" name="test_source_only_initialization_is_recomputed_after_resigning[shape-dtype1]" time="0.033" /><testcase classname="tests.test_compare_r11_new_source_init_bridge" name="test_source_only_initialization_is_recomputed_after_resigning[source_equality_claim-dtype0]" time="0.034" /><testcase classname="tests.test_compare_r11_new_source_init_bridge" name="test_source_only_initialization_is_recomputed_after_resigning[source_equality_claim-dtype1]" time="0.034" /><testcase classname="tests.test_compare_r11_new_source_init_bridge" name="test_source_only_initialization_is_recomputed_after_resigning[teacher_assist_claim-dtype0]" time="0.034" /><testcase classname="tests.test_compare_r11_new_source_init_bridge" name="test_source_only_initialization_is_recomputed_after_resigning[teacher_assist_claim-dtype1]" time="0.036" /><testcase classname="tests.test_compare_r11_new_source_init_bridge" name="test_source_only_initialization_is_recomputed_after_resigning[forbidden_teacher-dtype0]" time="0.037" /><testcase classname="tests.test_compare_r11_new_source_init_bridge" name="test_source_only_initialization_is_recomputed_after_resigning[forbidden_teacher-dtype1]" time="0.036" /><testcase classname="tests.test_compare_r11_new_source_init_bridge" name="test_source_only_initialization_is_recomputed_after_resigning[forbidden_query-dtype0]" time="0.034" /><testcase classname="tests.test_compare_r11_new_source_init_bridge" name="test_source_only_initialization_is_recomputed_after_resigning[forbidden_query-dtype1]" time="0.036" /><testcase classname="tests.test_compare_r11_new_source_init_bridge" name="test_source_only_initialization_is_recomputed_after_resigning[forbidden_std-dtype0]" time="0.035" /><testcase classname="tests.test_compare_r11_new_source_init_bridge" name="test_source_only_initialization_is_recomputed_after_resigning[forbidden_std-dtype1]" time="0.032" /><testcase classname="tests.test_compare_r11_new_source_init_bridge" name="test_cuda_initialization_refuses_cpu_fallback" time="0.031" /><testcase classname="tests.test_compare_r11_new_source_init_bridge" name="test_manifest_keeps_fixed_source_condition_models_and_new_initializer_boundary[None]" time="0.052" /><testcase classname="tests.test_compare_r11_new_source_init_bridge" name="test_manifest_keeps_fixed_source_condition_models_and_new_initializer_boundary[parity]" time="0.039" /><testcase classname="tests.test_compare_r11_new_source_init_bridge" name="test_manifest_keeps_fixed_source_condition_models_and_new_initializer_boundary[nominal_sigma]" time="0.041" /><testcase classname="tests.test_compare_r11_new_source_init_bridge" name="test_manifest_keeps_fixed_source_condition_models_and_new_initializer_boundary[m0]" time="0.038" /><testcase classname="tests.test_compare_r11_new_source_init_bridge" name="test_manifest_keeps_fixed_source_condition_models_and_new_initializer_boundary[information]" time="0.036" /><testcase classname="tests.test_compare_r11_new_source_init_bridge" name="test_manifest_keeps_fixed_source_condition_models_and_new_initializer_boundary[source_dtype]" time="0.035" /><testcase classname="tests.test_compare_r11_new_source_init_bridge" name="test_manifest_keeps_fixed_source_condition_models_and_new_initializer_boundary[backend]" time="0.037" /><testcase classname="tests.test_compare_r11_new_source_init_bridge" name="test_manifest_keeps_fixed_source_condition_models_and_new_initializer_boundary[models]" time="0.049" /><testcase classname="tests.test_compare_r11_new_source_init_bridge" name="test_manifest_keeps_fixed_source_condition_models_and_new_initializer_boundary[condition]" time="0.053" /><testcase classname="tests.test_compare_r11_new_source_init_bridge" name="test_parent_bridge_keeps_absolute_endpoint_reference_after_resigning[None]" time="0.052" /><testcase classname="tests.test_compare_r11_new_source_init_bridge" name="test_parent_bridge_keeps_absolute_endpoint_reference_after_resigning[mse]" time="0.037" /><testcase classname="tests.test_compare_r11_new_source_init_bridge" name="test_parent_bridge_keeps_absolute_endpoint_reference_after_resigning[ce]" time="0.043" /><testcase classname="tests.test_compare_r11_new_source_init_bridge" name="test_parent_bridge_keeps_absolute_endpoint_reference_after_resigning[formal_success]" time="0.042" /><testcase classname="tests.test_compare_r11_new_source_init_bridge" name="test_teacher_matched_result_is_a_bound_descriptive_reference_only[None]" time="0.064" /><testcase classname="tests.test_compare_r11_new_source_init_bridge" name="test_teacher_matched_result_is_a_bound_descriptive_reference_only[role]" time="0.029" /><testcase classname="tests.test_compare_r11_new_source_init_bridge" name="test_teacher_matched_result_is_a_bound_descriptive_reference_only[mse]" time="0.043" /><testcase classname="tests.test_compare_r11_new_source_init_bridge" name="test_teacher_matched_result_is_a_bound_descriptive_reference_only[teacher_flag]" time="0.042" /><testcase classname="tests.test_r11_new_bridge" name="test_preregistered_config_is_exact" time="0.003" /><testcase classname="tests.test_r11_new_bridge" name="test_post128_optimizer_lr_schedule_is_exact" time="0.002" /><testcase classname="tests.test_r11_new_bridge" name="test_optimizer_lr_schedule_rejects_non_integer_indices[True]" time="0.001" /><testcase classname="tests.test_r11_new_bridge" name="test_optimizer_lr_schedule_rejects_non_integer_indices[1.0]" time="0.001" /><testcase classname="tests.test_r11_new_bridge" name="test_optimizer_lr_schedule_rejects_non_integer_indices[1]" time="0.001" /><testcase classname="tests.test_r11_new_bridge" name="test_optimizer_lr_schedule_rejects_out_of_range_indices[0]" time="0.001" /><testcase classname="tests.test_r11_new_bridge" name="test_optimizer_lr_schedule_rejects_out_of_range_indices[257]" time="0.002" /><testcase classname="tests.test_r11_new_bridge" name="test_initialization_intervention_preserves_other_parent_bindings" time="0.002" /><testcase classname="tests.test_r11_new_bridge" name="test_initialization_hypothesis_is_secondary_and_non_rescuing[True-True-0.001-primary_branch_distance_pass_reader_pass_design_answer_independent_initializer]" time="0.002" /><testcase classname="tests.test_r11_new_bridge" name="test_initialization_hypothesis_is_secondary_and_non_rescuing[True-False-0.001-primary_branch_distance_pass_reader_fail_test_teacher_neighborhood]" time="0.002" /><testcase classname="tests.test_r11_new_bridge" name="test_initialization_hypothesis_is_secondary_and_non_rescuing[False-True-0.07-primary_branch_distance_fail_reader_pass_prioritize_qa_objective]" time="0.001" /><testcase classname="tests.test_r11_new_bridge" name="test_initialization_hypothesis_is_secondary_and_non_rescuing[False-False-0.07-distance_fail_reader_fail_secondary_init_improves]" time="0.001" /><testcase classname="tests.test_r11_new_bridge" name="test_initialization_hypothesis_is_secondary_and_non_rescuing[False-False-0.1-distance_fail_reader_fail_secondary_init_not_improve]" time="0.002" /><testcase classname="tests.test_r11_new_bridge" name="test_initialization_secondary_requires_both_strict_absolute_improvements[0.09553645551204681-20.0-False-True]" time="0.001" /><testcase classname="tests.test_r11_new_bridge" name="test_initialization_secondary_requires_both_strict_absolute_improvements[0.07-25.536474171257463-True-False]" time="0.001" /><testcase classname="tests.test_r11_new_bridge" name="test_initialization_secondary_requires_both_strict_absolute_improvements[0.1-26.0-False-False]" time="0.001" /><testcase classname="tests.test_r11_new_bridge" name="test_initialization_secondary_requires_both_strict_absolute_improvements[0.07-20.0-True-True]" time="0.002" /><testcase classname="tests.test_r11_new_bridge" name="test_initialization_secondary_requires_valid_technical_evidence[False-technical_gate]" time="0.001" /><testcase classname="tests.test_r11_new_bridge" name="test_initialization_secondary_requires_valid_technical_evidence[False-teacher_replay_gate]" time="0.001" /><testcase classname="tests.test_r11_new_bridge" name="test_initialization_secondary_requires_valid_technical_evidence[None-technical_gate]" time="0.001" /><testcase classname="tests.test_r11_new_bridge" name="test_initialization_secondary_requires_valid_technical_evidence[None-teacher_replay_gate]" time="0.001" /><testcase classname="tests.test_r11_new_bridge" name="test_initialization_secondary_requires_valid_technical_evidence[1-technical_gate]" time="0.001" /><testcase classname="tests.test_r11_new_bridge" name="test_initialization_secondary_requires_valid_technical_evidence[1-teacher_replay_gate]" time="0.001" /><testcase classname="tests.test_r11_new_bridge" name="test_initialization_secondary_requires_valid_technical_evidence[true-technical_gate]" time="0.001" /><testcase classname="tests.test_r11_new_bridge" name="test_initialization_secondary_requires_valid_technical_evidence[true-teacher_replay_gate]" time="0.001" /><testcase classname="tests.test_r11_new_bridge" name="test_initialization_secondary_rejects_invalid_metrics[-1.0-endpoint_mse]" time="0.002" /><testcase classname="tests.test_r11_new_bridge" name="test_initialization_secondary_rejects_invalid_metrics[-1.0-endpoint_reader_mean_ce]" time="0.001" /><testcase classname="tests.test_r11_new_bridge" name="test_initialization_secondary_rejects_invalid_metrics[nan-endpoint_mse]" time="0.001" /><testcase classname="tests.test_r11_new_bridge" name="test_initialization_secondary_rejects_invalid_metrics[nan-endpoint_reader_mean_ce]" time="0.001" /><testcase classname="tests.test_r11_new_bridge" name="test_initialization_secondary_rejects_invalid_metrics[inf-endpoint_mse]" time="0.001" /><testcase classname="tests.test_r11_new_bridge" name="test_initialization_secondary_rejects_invalid_metrics[inf-endpoint_reader_mean_ce]" time="0.001" /><testcase classname="tests.test_r11_new_bridge" name="test_initialization_secondary_rejects_invalid_metrics[True-endpoint_mse]" time="0.001" /><testcase classname="tests.test_r11_new_bridge" name="test_initialization_secondary_rejects_invalid_metrics[True-endpoint_reader_mean_ce]" time="0.002" /><testcase classname="tests.test_r11_new_bridge" name="test_initialization_secondary_rejects_invalid_metrics[0.01-endpoint_mse]" time="0.002" /><testcase classname="tests.test_r11_new_bridge" name="test_initialization_secondary_rejects_invalid_metrics[0.01-endpoint_reader_mean_ce]" time="0.001" /><testcase classname="tests.test_r11_new_bridge" name="test_initialization_secondary_rejects_invalid_metrics[None-endpoint_mse]" time="0.002" /><testcase classname="tests.test_r11_new_bridge" name="test_initialization_secondary_rejects_invalid_metrics[None-endpoint_reader_mean_ce]" time="0.002" /><testcase classname="tests.test_r11_new_bridge" name="test_primary_branch_precedes_even_a_claimed_secondary_pass[True-True]" time="0.001" /><testcase classname="tests.test_r11_new_bridge" name="test_primary_branch_precedes_even_a_claimed_secondary_pass[True-False]" time="0.001" /><testcase classname="tests.test_r11_new_bridge" name="test_primary_branch_precedes_even_a_claimed_secondary_pass[False-True]" time="0.001" /><testcase classname="tests.test_r11_new_bridge" name="test_config_mutations_fail_closed[path0-0.01]" time="0.003" /><testcase classname="tests.test_r11_new_bridge" name="test_config_mutations_fail_closed[path1-1.0]" time="0.003" /><testcase classname="tests.test_r11_new_bridge" name="test_config_mutations_fail_closed[path2-512]" time="0.003" /><testcase classname="tests.test_r11_new_bridge" name="test_config_mutations_fail_closed[path3-the initial trajectory point zero]" time="0.002" /><testcase classname="tests.test_r11_new_bridge" name="test_config_mutations_fail_closed[path4-0000000000000000000000000000000000000000000000000000000000000000]" time="0.002" /><testcase classname="tests.test_r11_new_bridge" name="test_config_mutations_fail_closed[path5-0.02]" time="0.002" /><testcase classname="tests.test_r11_new_bridge" name="test_config_mutations_fail_closed[path6-7]" time="0.003" /><testcase classname="tests.test_r11_new_bridge" name="test_config_mutations_fail_closed[path7-0000000000000000000000000000000000000000000000000000000000000000]" time="0.002" /><testcase classname="tests.test_r11_new_bridge" name="test_config_mutations_fail_closed[path8-False]" time="0.002" /><testcase classname="tests.test_r11_new_bridge" name="test_config_mutations_fail_closed[path9-torch.bfloat16]" time="0.002" /><testcase classname="tests.test_r11_new_bridge" name="test_config_mutations_fail_closed[path10-False]" time="0.002" /><testcase classname="tests.test_r11_new_bridge" name="test_config_mutations_fail_closed[path11-source + sigma * (x_T - source)]" time="0.003" /><testcase classname="tests.test_r11_new_bridge" name="test_config_mutations_fail_closed[path12-0.02]" time="0.003" /><testcase classname="tests.test_r11_new_bridge" name="test_config_mutations_fail_closed[path13-False]" time="0.002" /><testcase classname="tests.test_r11_new_bridge" name="test_config_mutations_fail_closed[path14-False]" time="0.002" /><testcase classname="tests.test_r11_new_bridge" name="test_config_mutations_fail_closed[path15-False]" time="0.002" /><testcase classname="tests.test_r11_new_bridge" name="test_config_rejects_implementation_constant_drift" time="0.003" /><testcase classname="tests.test_r11_new_bridge" name="test_distance_statistics_and_strict_gate" time="0.001" /><testcase classname="tests.test_r11_new_bridge" name="test_distance_gate_rejects_each_threshold_failure[mse_ratio_to_m0-0.0100001]" time="0.001" /><testcase classname="tests.test_r11_new_bridge" name="test_distance_gate_rejects_each_threshold_failure[l2_distance_ratio_to_m0-0.100001]" time="0.001" /><testcase classname="tests.test_r11_new_bridge" name="test_distance_gate_rejects_each_threshold_failure[teacher_normalized_rmse-0.100001]" time="0.001" /><testcase classname="tests.test_r11_new_bridge" name="test_distance_statistics_reject_invalid_inputs[kwargs0]" time="0.001" /><testcase classname="tests.test_r11_new_bridge" name="test_distance_statistics_reject_invalid_inputs[kwargs1]" time="0.001" /><testcase classname="tests.test_r11_new_bridge" name="test_distance_statistics_reject_invalid_inputs[kwargs2]" time="0.001" /><testcase classname="tests.test_r11_new_bridge" name="test_distance_statistics_reject_invalid_inputs[kwargs3]" time="0.001" /><testcase classname="tests.test_r11_new_bridge" name="test_reader_rows_are_recomputed_from_logits" time="0.002" /><testcase classname="tests.test_r11_new_bridge" name="test_reader_rows_reject_declared_ce_or_correctness_drift" time="0.001" /><testcase classname="tests.test_r11_new_bridge" name="test_reader_rows_reject_duplicate_or_unlocked_views" time="0.002" /><testcase classname="tests.test_r11_new_bridge" name="test_teacher_replay_mean_ce_is_strict" time="0.001" /><testcase classname="tests.test_r11_new_bridge" name="test_bridge_decision_table[True-True-distance_pass_reader_pass_design_answer_independent_initializer]" time="0.002" /><testcase classname="tests.test_r11_new_bridge" name="test_bridge_decision_table[True-False-distance_pass_reader_fail_test_teacher_neighborhood]" time="0.001" /><testcase classname="tests.test_r11_new_bridge" name="test_bridge_decision_table[False-True-distance_fail_reader_pass_prioritize_qa_objective]" time="0.001" /><testcase classname="tests.test_r11_new_bridge" name="test_bridge_decision_table[False-False-distance_fail_reader_fail_change_one_solver_factor]" time="0.001" /><testcase classname="tests.test_r11_new_bridge" name="test_technical_gate_requires_every_contract" time="0.001" /><testcase classname="tests.test_r11_new_bridge_controller" name="test_deployment_audit_requires_pinned_host_ssd_and_fresh_root" time="0.018" /><testcase classname="tests.test_r11_new_bridge_controller" name="test_suite_lock_is_exclusive_and_owner_checked" time="0.029" /><testcase classname="tests.test_r11_new_bridge_controller" name="test_controller_command_has_no_scientific_or_optimizer_knobs" time="0.028" /><testcase classname="tests.test_r11_new_bridge_controller" name="test_valid_preflight_child_passes_and_has_no_bridge_result" time="0.134" /><testcase classname="tests.test_r11_new_bridge_controller" name="test_valid_formal_child_can_be_diagnostic_failure" time="0.167" /><testcase classname="tests.test_r11_new_bridge_controller" name="test_child_rejects_resigned_initialization_binding_drift[missing]" time="0.131" /><testcase classname="tests.test_r11_new_bridge_controller" name="test_child_rejects_resigned_initialization_binding_drift[wrong_protocol]" time="0.146" /><testcase classname="tests.test_r11_new_bridge_controller" name="test_child_rejects_resigned_initialization_binding_drift[external_path]" time="0.152" /><testcase classname="tests.test_r11_new_bridge_controller" name="test_child_rejects_resigned_initialization_binding_drift[wrong_hash]" time="0.141" /><testcase classname="tests.test_r11_new_bridge_controller" name="test_formal_child_rejects_resigned_secondary_audit_drift[audit]" time="0.190" /><testcase classname="tests.test_r11_new_bridge_controller" name="test_formal_child_rejects_resigned_secondary_audit_drift[decision]" time="0.184" /><testcase classname="tests.test_r11_new_bridge_controller" name="test_formal_child_rejects_resigned_secondary_audit_drift[endpoint_ce]" time="0.164" /><testcase classname="tests.test_r11_new_bridge_controller" name="test_formal_child_rejects_missing_or_reordered_receipt" time="0.185" /><testcase classname="tests.test_r11_new_bridge_controller" name="test_preflight_terminal_is_bound_to_same_commit_and_code" time="0.181" /><testcase classname="tests.test_r11_new_bridge_controller" name="test_inventory_rejects_resigned_file_set_omission" time="0.027" /><testcase classname="tests.test_r11_new_bridge_controller" name="test_main_never_writes_an_existing_unowned_root" time="0.022" /><testcase classname="tests.test_r11_new_bridge_trainer" name="test_parse_args_uses_locked_phase1a_schedule_seed" time="0.002" /><testcase classname="tests.test_r11_new_bridge_trainer" name="test_train_step_is_dense_mse_only_and_updates_x_t" time="0.005" /><testcase classname="tests.test_r11_new_bridge_trainer" name="test_train_step_executes_exact_schedule_through_zero_lr_update_256" time="0.302" /><testcase classname="tests.test_r11_new_bridge_trainer" name="test_optimizer_state_contract_binds_state_key_counter_and_group_param" time="0.011" /><testcase classname="tests.test_r11_new_bridge_trainer" name="test_preflight_reuses_the_single_registered_forward" time="0.035" /><testcase classname="tests.test_r11_new_bridge_trainer" name="test_distance_statistics_match_tensor_mse" time="0.002" /><testcase classname="tests.test_r11_new_bridge_trainer" name="test_fresh_output_claim_fails_closed" time="0.024" /><testcase classname="tests.test_r11_new_bridge_trainer" name="test_formal_saves_teacher_rows_and_stops_before_step_zero_on_replay_failure" time="0.029" /><testcase classname="tests.test_r11_new_bridge_trainer" name="test_formal_blocks_before_first_update_when_initialization_is_invalid" time="0.025" /><testcase classname="tests.test_r11_new_bridge_trainer" name="test_formal_technical_failure_never_emits_scientific_decision" time="0.068" /><testcase classname="tests.test_r11_new_bridge_trainer" name="test_teacher_matched_initializer_uses_actual_sigma_fp32_inverse_and_compute_reconstruction[dtype0]" time="0.077" /><testcase classname="tests.test_r11_new_bridge_trainer" name="test_teacher_matched_initializer_uses_actual_sigma_fp32_inverse_and_compute_reconstruction[dtype1]" time="0.074" /><testcase classname="tests.test_r11_new_bridge_trainer" name="test_teacher_matched_initialization_rejects_resigned_mutations[record_sigma-dtype0]" time="0.070" /><testcase classname="tests.test_r11_new_bridge_trainer" name="test_teacher_matched_initialization_rejects_resigned_mutations[record_sigma-dtype1]" time="0.070" /><testcase classname="tests.test_r11_new_bridge_trainer" name="test_teacher_matched_initialization_rejects_resigned_mutations[output_schedule-dtype0]" time="0.068" /><testcase classname="tests.test_r11_new_bridge_trainer" name="test_teacher_matched_initialization_rejects_resigned_mutations[output_schedule-dtype1]" time="0.074" /><testcase classname="tests.test_r11_new_bridge_trainer" name="test_teacher_matched_initialization_rejects_resigned_mutations[both_schedules-dtype0]" time="0.083" /><testcase classname="tests.test_r11_new_bridge_trainer" name="test_teacher_matched_initialization_rejects_resigned_mutations[both_schedules-dtype1]" time="0.084" /><testcase classname="tests.test_r11_new_bridge_trainer" name="test_teacher_matched_initialization_rejects_resigned_mutations[both_nominal-dtype0]" time="0.083" /><testcase classname="tests.test_r11_new_bridge_trainer" name="test_teacher_matched_initialization_rejects_resigned_mutations[both_nominal-dtype1]" time="0.082" /><testcase classname="tests.test_r11_new_bridge_trainer" name="test_teacher_matched_initialization_rejects_resigned_mutations[both_std-dtype0]" time="0.071" /><testcase classname="tests.test_r11_new_bridge_trainer" name="test_teacher_matched_initialization_rejects_resigned_mutations[both_std-dtype1]" time="0.065" /><testcase classname="tests.test_r11_new_bridge_trainer" name="test_teacher_matched_initialization_rejects_resigned_mutations[payload_mse-dtype0]" time="0.068" /><testcase classname="tests.test_r11_new_bridge_trainer" name="test_teacher_matched_initialization_rejects_resigned_mutations[payload_mse-dtype1]" time="0.086" /><testcase classname="tests.test_r11_new_bridge_trainer" name="test_teacher_matched_initialization_rejects_resigned_mutations[payload_nrmse-dtype0]" time="0.083" /><testcase classname="tests.test_r11_new_bridge_trainer" name="test_teacher_matched_initialization_rejects_resigned_mutations[payload_nrmse-dtype1]" time="0.061" /><testcase classname="tests.test_r11_new_bridge_trainer" name="test_teacher_matched_initialization_rejects_resigned_mutations[record_mse-dtype0]" time="0.070" /><testcase classname="tests.test_r11_new_bridge_trainer" name="test_teacher_matched_initialization_rejects_resigned_mutations[record_mse-dtype1]" time="0.061" /><testcase classname="tests.test_r11_new_bridge_trainer" name="test_teacher_matched_initialization_rejects_resigned_mutations[record_nrmse-dtype0]" time="0.066" /><testcase classname="tests.test_r11_new_bridge_trainer" name="test_teacher_matched_initialization_rejects_resigned_mutations[record_nrmse-dtype1]" time="0.063" /><testcase classname="tests.test_r11_new_bridge_trainer" name="test_teacher_matched_initialization_rejects_resigned_mutations[both_formula-dtype0]" time="0.061" /><testcase classname="tests.test_r11_new_bridge_trainer" name="test_teacher_matched_initialization_rejects_resigned_mutations[both_formula-dtype1]" time="0.055" /><testcase classname="tests.test_r11_new_bridge_trainer" name="test_teacher_matched_initialization_rejects_resigned_mutations[both_operator-dtype0]" time="0.057" /><testcase classname="tests.test_r11_new_bridge_trainer" name="test_teacher_matched_initialization_rejects_resigned_mutations[both_operator-dtype1]" time="0.053" /><testcase classname="tests.test_r11_new_bridge_trainer" name="test_teacher_matched_initialization_rejects_resigned_mutations[wrong_x_t-dtype0]" time="0.063" /><testcase classname="tests.test_r11_new_bridge_trainer" name="test_teacher_matched_initialization_rejects_resigned_mutations[wrong_x_t-dtype1]" time="0.065" /><testcase classname="tests.test_r11_new_bridge_trainer" name="test_teacher_matched_initialization_rejects_resigned_mutations[wrong_start-dtype0]" time="0.076" /><testcase classname="tests.test_r11_new_bridge_trainer" name="test_teacher_matched_initialization_rejects_resigned_mutations[wrong_start-dtype1]" time="0.059" /><testcase classname="tests.test_r11_new_bridge_trainer" name="test_teacher_matched_initialization_rejects_resigned_mutations[wrong_output_h0-dtype0]" time="0.103" /><testcase classname="tests.test_r11_new_bridge_trainer" name="test_teacher_matched_initialization_rejects_resigned_mutations[wrong_output_h0-dtype1]" time="0.071" /><testcase classname="tests.test_r11_new_bridge_trainer" name="test_teacher_matched_initialization_rejects_resigned_mutations[payload_device-dtype0]" time="0.057" /><testcase classname="tests.test_r11_new_bridge_trainer" name="test_teacher_matched_initialization_rejects_resigned_mutations[payload_device-dtype1]" time="0.056" /><testcase classname="tests.test_r11_new_bridge_trainer" name="test_teacher_matched_initialization_rejects_resigned_mutations[record_device-dtype0]" time="0.087" /><testcase classname="tests.test_r11_new_bridge_trainer" name="test_teacher_matched_initialization_rejects_resigned_mutations[record_device-dtype1]" time="0.092" /><testcase classname="tests.test_r11_new_bridge_trainer" name="test_teacher_matched_initialization_rejects_resigned_mutations[both_device-dtype0]" time="0.065" /><testcase classname="tests.test_r11_new_bridge_trainer" name="test_teacher_matched_initialization_rejects_resigned_mutations[both_device-dtype1]" time="0.057" /><testcase classname="tests.test_r11_new_bridge_trainer" name="test_checkpoint_independently_reconstructs_h0_from_current_x_t[0-dtype0]" time="0.314" /><testcase classname="tests.test_r11_new_bridge_trainer" name="test_checkpoint_independently_reconstructs_h0_from_current_x_t[0-dtype1]" time="0.230" /><testcase classname="tests.test_r11_new_bridge_trainer" name="test_checkpoint_independently_reconstructs_h0_from_current_x_t[64-dtype0]" time="0.252" /><testcase classname="tests.test_r11_new_bridge_trainer" name="test_checkpoint_independently_reconstructs_h0_from_current_x_t[64-dtype1]" time="0.255" /><testcase classname="tests.test_r11_new_bridge_trainer" name="test_run_installs_artifact_before_one_preflight_forward_and_uses_four_step_m0[dtype0]" time="0.179" /><testcase classname="tests.test_r11_new_bridge_trainer" name="test_run_installs_artifact_before_one_preflight_forward_and_uses_four_step_m0[dtype1]" time="0.216" /><testcase classname="tests.test_r11_new_identity_condition_binding" name="test_all_entries_share_new_locked_config_and_no_old_runtime" time="0.020" /><testcase classname="tests.test_r11_new_identity_condition_binding" name="test_unchanged_numerical_implementations_match_parent_ast[_train_step]" time="0.008" /><testcase classname="tests.test_r11_new_identity_condition_binding" name="test_unchanged_numerical_implementations_match_parent_ast[_source_only_initialization]" time="0.007" /><testcase classname="tests.test_r11_new_identity_condition_binding" name="test_unchanged_numerical_implementations_match_parent_ast[_verify_source_only_initialization]" time="0.010" /><testcase classname="tests.test_r11_new_identity_condition_binding" name="test_unchanged_numerical_implementations_match_parent_ast[_reconstruct_start_state]" time="0.004" /><testcase classname="tests.test_r11_new_identity_condition_binding" name="test_unchanged_numerical_implementations_match_parent_ast[_checkpoint_payload]" time="0.005" /><testcase classname="tests.test_r11_new_identity_condition_binding" name="test_unchanged_numerical_implementations_match_parent_ast[_save_checkpoint]" time="0.004" /><testcase classname="tests.test_r11_new_identity_condition_binding" name="test_unchanged_numerical_implementations_match_parent_ast[_verify_checkpoint_record]" time="0.009" /><testcase classname="tests.test_r11_new_identity_condition_binding" name="test_unchanged_numerical_implementations_match_parent_ast[_optimizer_state_matches_step]" time="0.005" /><testcase classname="tests.test_r11_new_identity_condition_binding" name="test_unchanged_numerical_implementations_match_parent_ast[_distance_statistics]" time="0.003" /><testcase classname="tests.test_r11_new_identity_condition_binding" name="test_unchanged_numerical_implementations_match_parent_ast[_evaluation_rows]" time="0.004" /><testcase classname="tests.test_r11_new_identity_condition_binding" name="test_actual_tensor_pair_roundtrip_keeps_original_and_actual_text_separate" time="0.360" /><testcase classname="tests.test_r11_new_identity_condition_binding" name="test_bad_or_changed_raw_encodings_fail_before_training[nan-0]" time="0.050" /><testcase classname="tests.test_r11_new_identity_condition_binding" name="test_bad_or_changed_raw_encodings_fail_before_training[nan-1]" time="0.057" /><testcase classname="tests.test_r11_new_identity_condition_binding" name="test_bad_or_changed_raw_encodings_fail_before_training[zero-0]" time="0.102" /><testcase classname="tests.test_r11_new_identity_condition_binding" name="test_bad_or_changed_raw_encodings_fail_before_training[zero-1]" time="0.055" /><testcase classname="tests.test_r11_new_identity_condition_binding" name="test_bad_or_changed_raw_encodings_fail_before_training[different-0]" time="0.052" /><testcase classname="tests.test_r11_new_identity_condition_binding" name="test_bad_or_changed_raw_encodings_fail_before_training[different-1]" time="0.057" /><testcase classname="tests.test_r11_new_identity_condition_binding" name="test_bad_or_changed_raw_encodings_fail_before_training[mask-0]" time="0.051" /><testcase classname="tests.test_r11_new_identity_condition_binding" name="test_bad_or_changed_raw_encodings_fail_before_training[mask-1]" time="0.079" /><testcase classname="tests.test_r11_new_identity_condition_binding" name="test_bad_or_changed_raw_encodings_fail_before_training[shape-0]" time="0.048" /><testcase classname="tests.test_r11_new_identity_condition_binding" name="test_bad_or_changed_raw_encodings_fail_before_training[shape-1]" time="0.058" /><testcase classname="tests.test_r11_new_identity_condition_binding" name="test_self_resigned_metadata_cannot_change_fixed_text[actual_conditioning_text-ambient]" time="0.124" /><testcase classname="tests.test_r11_new_identity_condition_binding" name="test_self_resigned_metadata_cannot_change_fixed_text[original_event_text-no changes]" time="0.130" /><testcase classname="tests.test_r11_new_identity_condition_binding" name="test_self_resigned_metadata_cannot_change_fixed_text[full_prompt-changed]" time="0.131" /><testcase classname="tests.test_r11_new_identity_condition_binding" name="test_self_resigned_metadata_cannot_change_fixed_text[original_event_is_provenance_only-False]" time="0.160" /><testcase classname="tests.test_r11_new_identity_condition_binding" name="test_self_resigned_metadata_cannot_change_fixed_text[probe_manifest_sha256-0000000000000000000000000000000000000000000000000000000000000000]" time="0.119" /><testcase classname="tests.test_r11_new_identity_condition_binding" name="test_same_file_cannot_impersonate_second_encoding" time="0.079" /><testcase classname="tests.test_r11_new_identity_condition_binding" name="test_probe_config_mutation_rejected_before_any_file_read" time="0.005" /><testcase classname="tests.test_r11_new_identity_condition_binding" name="test_full_probe_raw_audit_with_only_location_substituted" time="0.167" /><testcase classname="tests.test_r11_new_identity_condition_binding" name="test_manifest_gate_rejects_each_binding_failure[identity_condition_probe_binding]" time="0.164" /><testcase classname="tests.test_r11_new_identity_condition_binding" name="test_manifest_gate_rejects_each_binding_failure[single_changed_factor]" time="0.101" /><testcase classname="tests.test_r11_new_identity_condition_binding" name="test_manifest_gate_rejects_each_binding_failure[information_boundary]" time="0.107" /><testcase classname="tests.test_r11_new_identity_condition_binding" name="test_manifest_gate_rejects_each_binding_failure[condition_artifact]" time="0.167" /><testcase classname="tests.test_r11_new_identity_condition_binding" name="test_new_trainer_executes_dense_mse_and_exact_256_adam_calls_without_reader_gradient" time="0.419" /><testcase classname="tests.test_r11_new_identity_condition_binding" name="test_native_condition_runtime_does_not_pass_original_event_or_query_to_encoder" time="0.003" /><testcase classname="tests.test_r11_new_identity_condition_bridge" name="test_locked_config_and_unchanged_contracts" time="0.003" /><testcase classname="tests.test_r11_new_identity_condition_bridge" name="test_config_mutation_fails_closed[single_changed_solver_factor-new_value-no change]" time="0.003" /><testcase classname="tests.test_r11_new_identity_condition_bridge" name="test_config_mutation_fails_closed[single_changed_solver_factor-full_prompt_sha256-0000000000000000000000000000000000000000000000000000000000000000]" time="0.003" /><testcase classname="tests.test_r11_new_identity_condition_bridge" name="test_config_mutation_fails_closed[parent_bridge-endpoint_mse-0.09553645551204681]" time="0.003" /><testcase classname="tests.test_r11_new_identity_condition_bridge" name="test_config_mutation_fails_closed[parent_bridge-endpoint_reader_mean_ce-25.536474171257463]" time="0.003" /><testcase classname="tests.test_r11_new_identity_condition_bridge" name="test_config_mutation_fails_closed[primary_bridge_gate-mse_ratio_to_m0_lte-0.1]" time="0.003" /><testcase classname="tests.test_r11_new_identity_condition_bridge" name="test_config_mutation_fails_closed[unchanged_contract-optimizer_steps-128]" time="0.002" /><testcase classname="tests.test_r11_new_identity_condition_bridge" name="test_config_mutation_fails_closed[unchanged_contract-gradient_clipping-1.0]" time="0.002" /><testcase classname="tests.test_r11_new_identity_condition_bridge" name="test_config_mutation_fails_closed[condition_probe_binding-manifest_sha256-0000000000000000000000000000000000000000000000000000000000000000]" time="0.002" /><testcase classname="tests.test_r11_new_identity_condition_bridge" name="test_config_mutation_fails_closed[condition_probe_binding-probe_tensors_exact_match_required-False]" time="0.002" /><testcase classname="tests.test_r11_new_identity_condition_bridge" name="test_config_mutation_fails_closed[deployment-runtime_cuda_visible_devices-0,1,2,3]" time="0.003" /><testcase classname="tests.test_r11_new_identity_condition_bridge" name="test_config_mutation_fails_closed[deployment-resource_migration_is_operational_not_scientific_factor-False]" time="0.003" /><testcase classname="tests.test_r11_new_identity_condition_bridge" name="test_config_byte_drift_fails_even_if_json_equal" time="0.012" /><testcase classname="tests.test_r11_new_identity_condition_bridge" name="test_only_condition_parity_changes_and_old_module_is_untouched" time="0.001" /><testcase classname="tests.test_r11_new_identity_condition_bridge" name="test_secondary_uses_source_only_comparator_not_gaussian" time="0.001" /><testcase classname="tests.test_r11_new_identity_condition_bridge" name="test_two_strict_improvements_required[0.11177215725183487-0.0]" time="0.001" /><testcase classname="tests.test_r11_new_identity_condition_bridge" name="test_two_strict_improvements_required[0.0-25.765637596946004]" time="0.001" /><testcase classname="tests.test_r11_new_identity_condition_bridge" name="test_two_strict_improvements_required[0.11177215725183488-0.0]" time="0.001" /><testcase classname="tests.test_r11_new_identity_condition_bridge" name="test_two_strict_improvements_required[0.0-25.765637596946007]" time="0.001" /><testcase classname="tests.test_r11_new_identity_condition_bridge" name="test_invalid_metrics_rejected[mse-nan]" time="0.001" /><testcase classname="tests.test_r11_new_identity_condition_bridge" name="test_invalid_metrics_rejected[mse-inf]" time="0.001" /><testcase classname="tests.test_r11_new_identity_condition_bridge" name="test_invalid_metrics_rejected[mse--1.0]" time="0.002" /><testcase classname="tests.test_r11_new_identity_condition_bridge" name="test_invalid_metrics_rejected[mse-True]" time="0.001" /><testcase classname="tests.test_r11_new_identity_condition_bridge" name="test_invalid_metrics_rejected[mse-0.0]" time="0.001" /><testcase classname="tests.test_r11_new_identity_condition_bridge" name="test_invalid_metrics_rejected[mse-None]" time="0.001" /><testcase classname="tests.test_r11_new_identity_condition_bridge" name="test_invalid_metrics_rejected[ce-nan]" time="0.001" /><testcase classname="tests.test_r11_new_identity_condition_bridge" name="test_invalid_metrics_rejected[ce-inf]" time="0.001" /><testcase classname="tests.test_r11_new_identity_condition_bridge" name="test_invalid_metrics_rejected[ce--1.0]" time="0.001" /><testcase classname="tests.test_r11_new_identity_condition_bridge" name="test_invalid_metrics_rejected[ce-True]" time="0.001" /><testcase classname="tests.test_r11_new_identity_condition_bridge" name="test_invalid_metrics_rejected[ce-0.0]" time="0.001" /><testcase classname="tests.test_r11_new_identity_condition_bridge" name="test_invalid_metrics_rejected[ce-None]" time="0.001" /><testcase classname="tests.test_r11_new_identity_condition_bridge" name="test_secondary_cannot_rescue_or_override_primary[flags0]" time="0.001" /><testcase classname="tests.test_r11_new_identity_condition_bridge" name="test_secondary_cannot_rescue_or_override_primary[flags1]" time="0.001" /><testcase classname="tests.test_r11_new_identity_condition_bridge" name="test_secondary_cannot_rescue_or_override_primary[flags2]" time="0.001" /><testcase classname="tests.test_r11_new_identity_condition_bridge" name="test_secondary_cannot_rescue_or_override_primary[flags3]" time="0.001" /><testcase classname="tests.test_r11_new_identity_condition_bridge" name="test_non_boolean_gates_rejected[technical_gate]" time="0.001" /><testcase classname="tests.test_r11_new_identity_condition_bridge" name="test_non_boolean_gates_rejected[teacher_replay_gate]" time="0.002" /><testcase classname="tests.test_r11_new_identity_condition_bridge" name="test_non_boolean_gates_rejected[distance_pass]" time="0.001" /><testcase classname="tests.test_r11_new_identity_condition_bridge" name="test_non_boolean_gates_rejected[reader_transfer_pass]" time="0.001" /><testcase classname="tests.test_r11_new_identity_condition_bridge" name="test_complete_technical_and_information_boundaries" time="0.001" /><testcase classname="tests.test_r11_new_identity_condition_probe" name="test_real_config_hash_and_interface" time="0.013" /><testcase classname="tests.test_r11_new_identity_condition_probe" name="test_locked_config_drift_rejected" time="0.017" /><testcase classname="tests.test_r11_new_identity_condition_probe" name="test_exact_two_native_condition_calls_and_no_training" time="0.302" /><testcase classname="tests.test_r11_new_identity_condition_probe" name="test_other_text_rejected[]" time="0.004" /><testcase classname="tests.test_r11_new_identity_condition_probe" name="test_other_text_rejected[no change]" time="0.004" /><testcase classname="tests.test_r11_new_identity_condition_probe" name="test_other_text_rejected[No changes]" time="0.002" /><testcase classname="tests.test_r11_new_identity_condition_probe" name="test_other_text_rejected[no changes ]" time="0.002" /><testcase classname="tests.test_r11_new_identity_condition_probe" name="test_other_text_rejected[ambient]" time="0.002" /><testcase classname="tests.test_r11_new_identity_condition_probe" name="test_bad_tensor_or_repeat_fail_closed[repeat-Repeated condition]" time="0.223" /><testcase classname="tests.test_r11_new_identity_condition_probe" name="test_bad_tensor_or_repeat_fail_closed[nan-Nonfinite]" time="0.126" /><testcase classname="tests.test_r11_new_identity_condition_probe" name="test_bad_tensor_or_repeat_fail_closed[zero-zero embeddings]" time="0.167" /><testcase classname="tests.test_r11_new_identity_condition_probe" name="test_bad_tensor_or_repeat_fail_closed[mask-binary attention]" time="0.130" /><testcase classname="tests.test_r11_new_identity_condition_probe" name="test_forbidden_unet_counts_and_raises" time="0.123" /><testcase classname="tests.test_r11_new_identity_condition_probe" name="test_mask_may_equal_old" time="0.191" /><testcase classname="tests.test_r11_new_identity_condition_probe" name="test_embedding_must_differ_from_old" time="0.228" /><testcase classname="tests.test_r11_new_identity_condition_probe" name="test_resigned_condition_metadata_cannot_override_preregistration[actual_conditioning_text-ambient]" time="0.275" /><testcase classname="tests.test_r11_new_identity_condition_probe" name="test_resigned_condition_metadata_cannot_override_preregistration[original_event_text-rewritten]" time="0.252" /><testcase classname="tests.test_r11_new_identity_condition_probe" name="test_resigned_condition_metadata_cannot_override_preregistration[full_prompt-rewritten]" time="0.285" /><testcase classname="tests.test_r11_new_identity_condition_probe" name="test_resigned_condition_metadata_cannot_override_preregistration[compute_device-cpu]" time="0.245" /><testcase classname="tests.test_r11_new_identity_condition_probe" name="test_resigned_condition_metadata_cannot_override_preregistration[source_latents_fp32_sha256-0000000000000000000000000000000000000000000000000000000000000000]" time="0.251" /><testcase classname="tests.test_r11_new_identity_condition_probe" name="test_parent_file_hash_drift_rejected[comparison]" time="0.065" /><testcase classname="tests.test_r11_new_identity_condition_probe" name="test_parent_file_hash_drift_rejected[raw_artifacts]" time="0.067" /><testcase classname="tests.test_r11_new_identity_condition_probe" name="test_parent_file_hash_drift_rejected[formal_manifest]" time="0.065" /><testcase classname="tests.test_r11_new_identity_condition_probe" name="test_parent_file_hash_drift_rejected[phase1a_manifest]" time="0.059" /><testcase classname="tests.test_r11_new_identity_condition_probe" name="test_parent_original_target_still_required_after_source_manifest_resign" time="0.057" /><testcase classname="tests.test_r11_new_identity_condition_probe" name="test_source_drift_rejected[rgb]" time="0.070" /><testcase classname="tests.test_r11_new_identity_condition_probe" name="test_source_drift_rejected[latent]" time="0.077" /><testcase classname="tests.test_r11_new_identity_condition_probe" name="test_fresh_root_rejects_even_empty_existing_directory" time="0.014" /><testcase classname="tests.test_r11_new_identity_condition_probe" name="test_independent_lock_collision_and_release" time="0.027" /><testcase classname="tests.test_r11_new_identity_condition_probe" name="test_frozen_parameter_audit_rejects_bad_state[trainable]" time="0.002" /><testcase classname="tests.test_r11_new_identity_condition_probe" name="test_frozen_parameter_audit_rejects_bad_state[gradient]" time="0.002" /><testcase classname="tests.test_r11_new_identity_condition_probe" name="test_condition_shape_dtype_and_gradient_checks[rank]" time="0.002" /><testcase classname="tests.test_r11_new_identity_condition_probe" name="test_condition_shape_dtype_and_gradient_checks[dtype]" time="0.002" /><testcase classname="tests.test_r11_new_identity_condition_probe" name="test_condition_shape_dtype_and_gradient_checks[mask_shape]" time="0.002" /><testcase classname="tests.test_r11_new_identity_condition_probe" name="test_condition_shape_dtype_and_gradient_checks[mask_dtype]" time="0.002" /><testcase classname="tests.test_r11_new_identity_condition_probe" name="test_condition_shape_dtype_and_gradient_checks[mask_zero]" time="0.002" /><testcase classname="tests.test_r11_new_identity_condition_probe" name="test_condition_shape_dtype_and_gradient_checks[grad]" time="0.002" /><testcase classname="tests.test_r11_new_identity_condition_probe" name="test_failure_terminal_inventory_and_lock_release" time="0.158" /><testcase classname="tests.test_r11_new_identity_condition_probe" name="test_existing_root_is_never_overwritten_by_failure" time="0.040" /><testcase classname="tests.test_r11_new_identity_condition_probe" name="test_inventory_failure_cannot_leave_pass_terminal_or_result[1]" time="0.130" /><testcase classname="tests.test_r11_new_identity_condition_probe" name="test_inventory_failure_cannot_leave_pass_terminal_or_result[2]" time="0.060" /><testcase classname="tests.test_r11_new_identity_condition_probe" name="test_runtime_requires_cuda_before_model_load" time="0.008" /><testcase classname="tests.test_r11_new_initialization_backend" name="test_cpu_cli_produces_parseable_identical_stdout_and_json_artifact" time="0.046" /><testcase classname="tests.test_r11_new_initialization_backend" name="test_cpu_stdout_only_and_repeated_seed_are_reproducible" time="0.056" /><testcase classname="tests.test_r11_new_initialization_backend" name="test_existing_output_is_rejected_before_probe" time="0.030" /><testcase classname="tests.test_r11_new_initialization_backend" name="test_cuda_request_never_silently_falls_back_to_cpu" time="0.003" /><testcase classname="tests.test_r11_new_initialization_backend" name="test_unregistered_backend_is_rejected" time="0.002" /><testcase classname="tests.test_r11_new_oracle.R11NewOracleContractTest" name="test_config_validator_rejects_any_scientific_parameter_drift" time="0.007" /><testcase classname="tests.test_r11_new_oracle.R11NewOracleContractTest" name="test_information_boundary_keeps_query_supervision_after_dreamlite" time="0.002" /><testcase classname="tests.test_r11_new_oracle.R11NewOracleContractTest" name="test_machine_config_is_exactly_the_immutable_contract" time="0.003" /><testcase classname="tests.test_r11_new_oracle.R11NewOracleContractTest" name="test_noise_seed_uses_only_locked_source_episode_and_turn" time="0.002" /><testcase classname="tests.test_r11_new_oracle.R11NewOracleContractTest" name="test_runtime_sigma_tolerance_preserves_raw_values_and_rejects_drift" time="0.013" /><testcase classname="tests.test_r11_new_oracle.R11NewOracleContractTest" name="test_schedule_is_per_target_and_exactly_balanced" time="0.006" /><testcase classname="tests.test_r11_new_oracle.R11NewOracleContractTest" name="test_target_and_arm_gates_remain_diagnostic_only" time="0.001" /><testcase classname="tests.test_r11_new_oracle.R11NewOracleContractTest" name="test_technical_gate_requires_full_frozen_path_and_exact_receipts" time="0.011" /><testcase classname="tests.test_r11_new_phase1a_controller.R11NewPhase1AControllerTest" name="test_commit_dirty_fresh_root_and_environment_fail_closed" time="0.069" /><testcase classname="tests.test_r11_new_phase1a_controller.R11NewPhase1AControllerTest" name="test_deployment_audit_requires_instance_ssd_and_free_space" time="0.052" /><testcase classname="tests.test_r11_new_phase1a_controller.R11NewPhase1AControllerTest" name="test_formal_prerequisites_enforce_preflight_then_target0_order" time="0.403" /><testcase classname="tests.test_r11_new_phase1a_controller.R11NewPhase1AControllerTest" name="test_formal_scientific_failure_is_controller_technical_success" time="0.433" /><testcase classname="tests.test_r11_new_phase1a_controller.R11NewPhase1AControllerTest" name="test_outer_inventory_binds_nested_trainer_inventory" time="0.053" /><testcase classname="tests.test_r11_new_phase1a_controller.R11NewPhase1AControllerTest" name="test_parent_content_tamper_fails_even_if_hash_check_is_mocked" time="0.066" /><testcase classname="tests.test_r11_new_phase1a_controller.R11NewPhase1AControllerTest" name="test_parser_and_command_do_not_expose_locked_hyperparameters" time="0.028" /><testcase classname="tests.test_r11_new_phase1a_controller.R11NewPhase1AControllerTest" name="test_preflight_accepts_raw_float32_scheduler_observations" time="0.236" /><testcase classname="tests.test_r11_new_phase1a_controller.R11NewPhase1AControllerTest" name="test_preflight_completion_has_no_scientific_result" time="0.235" /><testcase classname="tests.test_r11_new_phase1a_controller.R11NewPhase1AControllerTest" name="test_preflight_evidence_failure_returns_nonzero_and_no_diagnostic" time="0.432" /><testcase classname="tests.test_r11_new_phase1a_controller.R11NewPhase1AControllerTest" name="test_preflight_missing_tampered_or_formal_artifacts_fail_closed" time="1.981" /><testcase classname="tests.test_r11_new_phase1a_controller.R11NewPhase1AControllerTest" name="test_preflight_rejects_different_in_tolerance_record_and_payload_sigmas" time="0.367" /><testcase classname="tests.test_r11_new_phase1a_controller.R11NewPhase1AControllerTest" name="test_preflight_rejects_invalid_runtime_sigmas" time="0.676" /><testcase classname="tests.test_r11_new_phase1a_controller.R11NewPhase1AControllerTest" name="test_preflight_summary_and_manifest_tampering_fail_independent_checks" time="3.835" /><testcase classname="tests.test_r11_new_phase1a_controller.R11NewPhase1AControllerTest" name="test_same_device_and_data_drift_fail_closed" time="0.042" /><testcase classname="tests.test_r11_new_phase1a_controller.R11NewPhase1AControllerTest" name="test_second_process_same_mode_and_target_fails_closed_across_fresh_roots" time="0.089" /><testcase classname="tests.test_r11_new_phase1a_controller.R11NewPhase1AControllerTest" name="test_suite_lock_serializes_different_modes_and_targets" time="0.104" /><testcase classname="tests.test_r11_new_phase1a_controller.R11NewPhase1AControllerTest" name="test_validation_failure_still_writes_fail_closed_terminal_and_inventory" time="0.095" /><testcase classname="tests.test_r11_new_phase1a_controller.R11NewPhase1AControllerTest" name="test_validation_records_locked_config_trainer_parent_and_snapshots" time="0.111" /><testcase classname="tests.test_r11_new_phase1a_trainer.R11NewPhase1ATrainerTest" name="test_checkpoint_contains_x_T_endpoint_five_point_trajectory_png_and_hashes" time="0.051" /><testcase classname="tests.test_r11_new_phase1a_trainer.R11NewPhase1ATrainerTest" name="test_failure_report_marks_technical_failure_and_no_scientific_conclusion" time="0.017" /><testcase classname="tests.test_r11_new_phase1a_trainer.R11NewPhase1ATrainerTest" name="test_formal_report_is_derived_from_gates_and_indexes_raw_artifacts" time="0.019" /><testcase classname="tests.test_r11_new_phase1a_trainer.R11NewPhase1ATrainerTest" name="test_formal_technical_gate_delegates_to_locked_core_and_checks_artifacts" time="0.225" /><testcase classname="tests.test_r11_new_phase1a_trainer.R11NewPhase1ATrainerTest" name="test_information_boundary_keeps_query_and_answer_out_of_dreamlite" time="0.001" /><testcase classname="tests.test_r11_new_phase1a_trainer.R11NewPhase1ATrainerTest" name="test_observed_fp32_sigma_survives_forward_checkpoint_and_receipt" time="0.054" /><testcase classname="tests.test_r11_new_phase1a_trainer.R11NewPhase1ATrainerTest" name="test_oracle_backpropagates_only_to_x_T_through_exact_four_steps" time="0.011" /><testcase classname="tests.test_r11_new_phase1a_trainer.R11NewPhase1ATrainerTest" name="test_parser_locks_all_formal_hyperparameters_and_primary_endpoint" time="0.003" /><testcase classname="tests.test_r11_new_phase1a_trainer.R11NewPhase1ATrainerTest" name="test_pipeline_loader_is_direct_and_contains_no_peft_path" time="0.002" /><testcase classname="tests.test_r11_new_phase1a_trainer.R11NewPhase1ATrainerTest" name="test_preflight_report_has_no_diagnostic_or_scientific_judgment" time="0.010" /><testcase classname="tests.test_r11_new_phase1a_trainer.R11NewPhase1ATrainerTest" name="test_technical_failure_has_no_reachability_judgment_and_nonzero_exit" time="0.051" /><testcase classname="tests.test_r11_new_phase1a_trainer.R11NewPhase1ATrainerTest" name="test_trainer_refuses_to_overwrite_an_existing_run_root" time="0.013" /><testcase classname="tests.test_r11_new_source_init_bridge" name="test_new_config_is_exact_and_old_config_is_unchanged" time="0.005" /><testcase classname="tests.test_r11_new_source_init_bridge" name="test_unchanged_math_is_explicitly_reused_not_monkeypatched" time="0.001" /><testcase classname="tests.test_r11_new_source_init_bridge" name="test_single_factor_and_information_boundary_are_explicit" time="0.003" /><testcase classname="tests.test_r11_new_source_init_bridge" name="test_missing_or_inverted_boundary_is_rejected[initialization_teacher_assisted]" time="0.001" /><testcase classname="tests.test_r11_new_source_init_bridge" name="test_missing_or_inverted_boundary_is_rejected[optimization_teacher_supervised]" time="0.001" /><testcase classname="tests.test_r11_new_source_init_bridge" name="test_missing_or_inverted_boundary_is_rejected[answer_independent_writer_usable]" time="0.001" /><testcase classname="tests.test_r11_new_source_init_bridge" name="test_missing_or_inverted_boundary_is_rejected[formal_success]" time="0.001" /><testcase classname="tests.test_r11_new_source_init_bridge" name="test_missing_or_inverted_boundary_is_rejected[phase2_allowed]" time="0.001" /><testcase classname="tests.test_r11_new_source_init_bridge" name="test_any_config_mutation_fails_closed[target_selection-target_index-7]" time="0.002" /><testcase classname="tests.test_r11_new_source_init_bridge" name="test_any_config_mutation_fails_closed[single_changed_solver_factor-formula-x_T_init_fp32=teacher_fp32.clone()]" time="0.003" /><testcase classname="tests.test_r11_new_source_init_bridge" name="test_any_config_mutation_fails_closed[single_changed_solver_factor-initializer_allowed_inputs-replacement2]" time="0.003" /><testcase classname="tests.test_r11_new_source_init_bridge" name="test_any_config_mutation_fails_closed[initialization_binding-compute_device_type-cpu]" time="0.003" /><testcase classname="tests.test_r11_new_source_init_bridge" name="test_any_config_mutation_fails_closed[initialization_binding-compute_dtype-torch.float32]" time="0.002" /><testcase classname="tests.test_r11_new_source_init_bridge" name="test_any_config_mutation_fails_closed[initialization_binding-initial_x_t_equals_source-False]" time="0.002" /><testcase classname="tests.test_r11_new_source_init_bridge" name="test_any_config_mutation_fails_closed[initialization_binding-artifact_must_store-replacement6]" time="0.002" /><testcase classname="tests.test_r11_new_source_init_bridge" name="test_any_config_mutation_fails_closed[unchanged_contract-optimizer_steps-128]" time="0.002" /><testcase classname="tests.test_r11_new_source_init_bridge" name="test_any_config_mutation_fails_closed[unchanged_contract-gradient_clipping-1.0]" time="0.002" /><testcase classname="tests.test_r11_new_source_init_bridge" name="test_any_config_mutation_fails_closed[unchanged_contract-diffusion_steps-1]" time="0.002" /><testcase classname="tests.test_r11_new_source_init_bridge" name="test_any_config_mutation_fails_closed[primary_bridge_gate-mse_ratio_to_m0_lte-0.5]" time="0.002" /><testcase classname="tests.test_r11_new_source_init_bridge" name="test_any_config_mutation_fails_closed[primary_bridge_gate-endpoint_reverse_cyclic_accuracy_eq-0.25]" time="0.002" /><testcase classname="tests.test_r11_new_source_init_bridge" name="test_any_config_mutation_fails_closed[parent_bridge-endpoint_mse-0.06570044904947281]" time="0.003" /><testcase classname="tests.test_r11_new_source_init_bridge" name="test_any_config_mutation_fails_closed[teacher_matched_reference-role-secondary_comparator]" time="0.002" /><testcase classname="tests.test_r11_new_source_init_bridge" name="test_any_config_mutation_fails_closed[interpretation_boundaries-formal_success_always_false-False]" time="0.002" /><testcase classname="tests.test_r11_new_source_init_bridge" name="test_any_config_mutation_fails_closed[interpretation_boundaries-phase2_remains_blocked-False]" time="0.002" /><testcase classname="tests.test_r11_new_source_init_bridge" name="test_implementation_constant_drift_also_fails[BRIDGE_TARGET_INDEX-7]" time="0.002" /><testcase classname="tests.test_r11_new_source_init_bridge" name="test_implementation_constant_drift_also_fails[BRIDGE_INITIALIZATION_FORMULA-wrong]" time="0.003" /><testcase classname="tests.test_r11_new_source_init_bridge" name="test_implementation_constant_drift_also_fails[BRIDGE_OPTIMIZER_STEPS-128]" time="0.002" /><testcase classname="tests.test_r11_new_source_init_bridge" name="test_implementation_constant_drift_also_fails[BRIDGE_MSE_RATIO_MAX-0.5]" time="0.002" /><testcase classname="tests.test_r11_new_source_init_bridge" name="test_implementation_constant_drift_also_fails[BRIDGE_TEACHER_NRMSE_MAX-0.5]" time="0.002" /><testcase classname="tests.test_r11_new_source_init_bridge" name="test_implementation_constant_drift_also_fails[BRIDGE_PARENT_ENDPOINT_MSE-0.0657]" time="0.002" /><testcase classname="tests.test_r11_new_source_init_bridge" name="test_implementation_constant_drift_also_fails[BRIDGE_TEACHER_REFERENCE_ENDPOINT_MSE-0.5]" time="0.002" /><testcase classname="tests.test_r11_new_source_init_bridge" name="test_each_technical_gate_field_is_required_and_strict_bool[receipts_exact]" time="0.001" /><testcase classname="tests.test_r11_new_source_init_bridge" name="test_each_technical_gate_field_is_required_and_strict_bool[steps_contiguous]" time="0.001" /><testcase classname="tests.test_r11_new_source_init_bridge" name="test_each_technical_gate_field_is_required_and_strict_bool[four_step_schedule_exact]" time="0.001" /><testcase classname="tests.test_r11_new_source_init_bridge" name="test_each_technical_gate_field_is_required_and_strict_bool[finite_metrics]" time="0.001" /><testcase classname="tests.test_r11_new_source_init_bridge" name="test_each_technical_gate_field_is_required_and_strict_bool[finite_nonzero_gradient_every_step]" time="0.001" /><testcase classname="tests.test_r11_new_source_init_bridge" name="test_each_technical_gate_field_is_required_and_strict_bool[only_x_T_fp32_trainable]" time="0.001" /><testcase classname="tests.test_r11_new_source_init_bridge" name="test_each_technical_gate_field_is_required_and_strict_bool[frozen_gradients_absent]" time="0.001" /><testcase classname="tests.test_r11_new_source_init_bridge" name="test_each_technical_gate_field_is_required_and_strict_bool[snapshots_unchanged]" time="0.001" /><testcase classname="tests.test_r11_new_source_init_bridge" name="test_each_technical_gate_field_is_required_and_strict_bool[optimizer_contract_valid]" time="0.001" /><testcase classname="tests.test_r11_new_source_init_bridge" name="test_each_technical_gate_field_is_required_and_strict_bool[optimizer_lr_schedule_exact]" time="0.001" /><testcase classname="tests.test_r11_new_source_init_bridge" name="test_each_technical_gate_field_is_required_and_strict_bool[source_only_initialization_artifact_valid]" time="0.001" /><testcase classname="tests.test_r11_new_source_init_bridge" name="test_each_technical_gate_field_is_required_and_strict_bool[trajectory_point0_binding_valid_every_checkpoint]" time="0.001" /><testcase classname="tests.test_r11_new_source_init_bridge" name="test_each_technical_gate_field_is_required_and_strict_bool[gradient_clipping_absent]" time="0.001" /><testcase classname="tests.test_r11_new_source_init_bridge" name="test_each_technical_gate_field_is_required_and_strict_bool[checkpoint_hashes_valid]" time="0.001" /><testcase classname="tests.test_r11_new_source_init_bridge" name="test_each_technical_gate_field_is_required_and_strict_bool[condition_artifact_valid]" time="0.001" /><testcase classname="tests.test_r11_new_source_init_bridge" name="test_each_technical_gate_field_is_required_and_strict_bool[step0_parity_valid]" time="0.001" /><testcase classname="tests.test_r11_new_source_init_bridge" name="test_each_technical_gate_field_is_required_and_strict_bool[teacher_binding_valid]" time="0.001" /><testcase classname="tests.test_r11_new_source_init_bridge" name="test_each_technical_gate_field_is_required_and_strict_bool[artifact_contract_valid]" time="0.001" /><testcase classname="tests.test_r11_new_source_init_bridge" name="test_old_initializer_gate_does_not_satisfy_new_gate" time="0.001" /><testcase classname="tests.test_r11_new_source_init_bridge" name="test_secondary_comparator_remains_gaussian_not_teacher_reference" time="0.001" /><testcase classname="tests.test_r11_new_source_init_bridge" name="test_secondary_is_ineligible_when_technical_invalid_or_primary_passes[gates0]" time="0.002" /><testcase classname="tests.test_r11_new_source_init_bridge" name="test_secondary_is_ineligible_when_technical_invalid_or_primary_passes[gates1]" time="0.001" /><testcase classname="tests.test_r11_new_source_init_bridge" name="test_secondary_is_ineligible_when_technical_invalid_or_primary_passes[gates2]" time="0.001" /><testcase classname="tests.test_r11_new_source_init_bridge" name="test_secondary_is_ineligible_when_technical_invalid_or_primary_passes[gates3]" time="0.001" /><testcase classname="tests.test_r11_new_source_init_bridge" name="test_secondary_rejects_invalid_metrics[mse-nan]" time="0.001" /><testcase classname="tests.test_r11_new_source_init_bridge" name="test_secondary_rejects_invalid_metrics[mse-inf]" time="0.001" /><testcase classname="tests.test_r11_new_source_init_bridge" name="test_secondary_rejects_invalid_metrics[mse--1.0]" time="0.001" /><testcase classname="tests.test_r11_new_source_init_bridge" name="test_secondary_rejects_invalid_metrics[mse-True]" time="0.001" /><testcase classname="tests.test_r11_new_source_init_bridge" name="test_secondary_rejects_invalid_metrics[mse-0.1]" time="0.002" /><testcase classname="tests.test_r11_new_source_init_bridge" name="test_secondary_rejects_invalid_metrics[mse-None]" time="0.001" /><testcase classname="tests.test_r11_new_source_init_bridge" name="test_secondary_rejects_invalid_metrics[ce-nan]" time="0.002" /><testcase classname="tests.test_r11_new_source_init_bridge" name="test_secondary_rejects_invalid_metrics[ce-inf]" time="0.001" /><testcase classname="tests.test_r11_new_source_init_bridge" name=
[...]
.test_r11_new_source_init_bridge_controller" name="test_preflight_recomputes_teacher_logits_and_target_binding_after_resigning[summary_mean_ce]" time="0.149" /><testcase classname="tests.test_r11_new_source_init_bridge_controller" name="test_preflight_recomputes_teacher_logits_and_target_binding_after_resigning[summary_per_view_ce]" time="0.150" /><testcase classname="tests.test_r11_new_source_init_bridge_controller" name="test_preflight_recomputes_teacher_logits_and_target_binding_after_resigning[correct_flag]" time="0.146" /><testcase classname="tests.test_r11_new_source_init_bridge_controller" name="test_preflight_recomputes_teacher_logits_and_target_binding_after_resigning[wrong_prediction]" time="0.151" /><testcase classname="tests.test_r11_new_source_init_bridge_controller" name="test_preflight_recomputes_teacher_logits_and_target_binding_after_resigning[margin]" time="0.145" /><testcase classname="tests.test_r11_new_source_init_bridge_controller" name="test_preflight_recomputes_teacher_logits_and_target_binding_after_resigning[consistent_wrong_answer]" time="0.152" /><testcase classname="tests.test_r11_new_source_init_bridge_controller" name="test_preflight_recomputes_teacher_logits_and_target_binding_after_resigning[replay_ce_too_high]" time="0.151" /><testcase classname="tests.test_r11_new_source_init_bridge_controller" name="test_formal_prerequisite_reaudits_each_false_subgate_even_with_resigned_terminal[four_dreamlite_steps]" time="0.252" /><testcase classname="tests.test_r11_new_source_init_bridge_controller" name="test_formal_prerequisite_reaudits_each_false_subgate_even_with_resigned_terminal[effective_sigmas_exact]" time="0.249" /><testcase classname="tests.test_r11_new_source_init_bridge_controller" name="test_formal_prerequisite_reaudits_each_false_subgate_even_with_resigned_terminal[finite_nonzero_x_T_gradient]" time="0.256" /><testcase classname="tests.test_r11_new_source_init_bridge_controller" name="test_formal_prerequisite_reaudits_each_false_subgate_even_with_resigned_terminal[only_x_T_fp32_trainable]" time="0.266" /><testcase classname="tests.test_r11_new_source_init_bridge_controller" name="test_formal_prerequisite_reaudits_each_false_subgate_even_with_resigned_terminal[frozen_gradients_absent]" time="0.249" /><testcase classname="tests.test_r11_new_source_init_bridge_controller" name="test_formal_prerequisite_reaudits_each_false_subgate_even_with_resigned_terminal[step0_parity_valid]" time="0.255" /><testcase classname="tests.test_r11_new_source_init_bridge_controller" name="test_formal_prerequisite_reaudits_each_false_subgate_even_with_resigned_terminal[source_only_initialization_artifact_valid]" time="0.333" /><testcase classname="tests.test_r11_new_source_init_bridge_controller" name="test_formal_prerequisite_reaudits_each_false_subgate_even_with_resigned_terminal[teacher_binding_valid]" time="0.251" /><testcase classname="tests.test_r11_new_source_init_bridge_controller" name="test_formal_prerequisite_reaudits_each_false_subgate_even_with_resigned_terminal[teacher_replay_gate]" time="0.248" /><testcase classname="tests.test_r11_new_source_init_bridge_controller" name="test_formal_prerequisite_reaudits_each_false_subgate_even_with_resigned_terminal[checkpoint_hash_valid]" time="0.256" /><testcase classname="tests.test_r11_new_source_init_bridge_controller" name="test_formal_prerequisite_reaudits_each_false_subgate_even_with_resigned_terminal[snapshots_unchanged]" time="0.253" /><testcase classname="tests.test_r11_new_source_init_bridge_controller" name="test_formal_prerequisite_rechecks_raw_teacher_rows_even_with_resigned_terminal" time="0.266" /><testcase classname="tests.test_r11_new_source_init_bridge_controller" name="test_self_consistent_relabelled_manifest_logits_and_summary_cannot_replace_locked_parent[child]" time="0.199" /><testcase classname="tests.test_r11_new_source_init_bridge_controller" name="test_self_consistent_relabelled_manifest_logits_and_summary_cannot_replace_locked_parent[formal]" time="0.267" /><testcase classname="tests.test_r11_new_source_init_bridge_controller" name="test_locked_parent_hash_drift_blocks_even_resigned_child_admission[child]" time="0.199" /><testcase classname="tests.test_r11_new_source_init_bridge_controller" name="test_locked_parent_hash_drift_blocks_even_resigned_child_admission[formal]" time="0.258" /><testcase classname="tests.test_r11_new_source_init_bridge_controller" name="test_formal_prerequisite_binds_original_terminal_artifact_hashes[summary_sha256]" time="0.290" /><testcase classname="tests.test_r11_new_source_init_bridge_controller" name="test_formal_prerequisite_binds_original_terminal_artifact_hashes[manifest_sha256]" time="0.297" /><testcase classname="tests.test_r11_new_source_init_bridge_controller" name="test_formal_prerequisite_binds_original_terminal_artifact_hashes[child_terminal_sha256]" time="0.294" /><testcase classname="tests.test_r11_new_source_init_bridge_controller" name="test_formal_prerequisite_binds_original_terminal_artifact_hashes[child_inventory_sha256]" time="0.294" /><testcase classname="tests.test_r11_new_source_init_bridge_controller" name="test_formal_prerequisite_binds_original_terminal_artifact_hashes[stdout_sha256]" time="0.313" /><testcase classname="tests.test_r11_new_source_init_bridge_controller" name="test_formal_prerequisite_binds_original_terminal_artifact_hashes[stderr_sha256]" time="0.318" /><testcase classname="tests.test_r11_new_source_init_bridge_controller" name="test_required_preflight_audit_list_matches_preregistered_full_contract" time="0.016" /><testcase classname="tests.test_r11_new_source_init_bridge_controller" name="test_inventory_rejects_resigned_file_set_omission" time="0.033" /><testcase classname="tests.test_r11_new_source_init_bridge_controller" name="test_main_never_writes_an_existing_unowned_root" time="0.029" /><testcase classname="tests.test_r11_new_source_init_bridge_trainer" name="test_parse_args_uses_locked_phase1a_schedule_seed" time="0.002" /><testcase classname="tests.test_r11_new_source_init_bridge_trainer" name="test_train_step_is_dense_mse_only_and_updates_x_t" time="0.004" /><testcase classname="tests.test_r11_new_source_init_bridge_trainer" name="test_train_step_executes_exact_schedule_through_zero_lr_update_256" time="0.327" /><testcase classname="tests.test_r11_new_source_init_bridge_trainer" name="test_optimizer_state_contract_binds_state_key_counter_and_group_param" time="0.007" /><testcase classname="tests.test_r11_new_source_init_bridge_trainer" name="test_preflight_reuses_the_single_registered_forward" time="0.042" /><testcase classname="tests.test_r11_new_source_init_bridge_trainer" name="test_distance_statistics_match_tensor_mse" time="0.002" /><testcase classname="tests.test_r11_new_source_init_bridge_trainer" name="test_fresh_output_claim_fails_closed" time="0.026" /><testcase classname="tests.test_r11_new_source_init_bridge_trainer" name="test_formal_saves_teacher_rows_and_stops_before_step_zero_on_replay_failure" time="0.027" /><testcase classname="tests.test_r11_new_source_init_bridge_trainer" name="test_formal_blocks_before_first_update_when_initialization_is_invalid" time="0.025" /><testcase classname="tests.test_r11_new_source_init_bridge_trainer" name="test_formal_technical_failure_never_emits_scientific_decision" time="0.070" /><testcase classname="tests.test_r11_new_source_init_bridge_trainer" name="test_source_only_initializer_clones_source_and_uses_actual_native_reconstruction[dtype0]" time="0.068" /><testcase classname="tests.test_r11_new_source_init_bridge_trainer" name="test_source_only_initializer_clones_source_and_uses_actual_native_reconstruction[dtype1]" time="0.075" /><testcase classname="tests.test_r11_new_source_init_bridge_trainer" name="test_initializer_has_no_teacher_query_channel_and_teacher_changes_do_not_change_x_t[dtype0]" time="0.078" /><testcase classname="tests.test_r11_new_source_init_bridge_trainer" name="test_initializer_has_no_teacher_query_channel_and_teacher_changes_do_not_change_x_t[dtype1]" time="0.079" /><testcase classname="tests.test_r11_new_source_init_bridge_trainer" name="test_source_only_initialization_rejects_resigned_mutations[record_sigma-dtype0]" time="0.076" /><testcase classname="tests.test_r11_new_source_init_bridge_trainer" name="test_source_only_initialization_rejects_resigned_mutations[record_sigma-dtype1]" time="0.075" /><testcase classname="tests.test_r11_new_source_init_bridge_trainer" name="test_source_only_initialization_rejects_resigned_mutations[output_schedule-dtype0]" time="0.067" /><testcase classname="tests.test_r11_new_source_init_bridge_trainer" name="test_source_only_initialization_rejects_resigned_mutations[output_schedule-dtype1]" time="0.079" /><testcase classname="tests.test_r11_new_source_init_bridge_trainer" name="test_source_only_initialization_rejects_resigned_mutations[both_schedules-dtype0]" time="0.065" /><testcase classname="tests.test_r11_new_source_init_bridge_trainer" name="test_source_only_initialization_rejects_resigned_mutations[both_schedules-dtype1]" time="0.079" /><testcase classname="tests.test_r11_new_source_init_bridge_trainer" name="test_source_only_initialization_rejects_resigned_mutations[both_nominal-dtype0]" time="0.077" /><testcase classname="tests.test_r11_new_source_init_bridge_trainer" name="test_source_only_initialization_rejects_resigned_mutations[both_nominal-dtype1]" time="0.064" /><testcase classname="tests.test_r11_new_source_init_bridge_trainer" name="test_source_only_initialization_rejects_resigned_mutations[teacher_payload-dtype0]" time="0.063" /><testcase classname="tests.test_r11_new_source_init_bridge_trainer" name="test_source_only_initialization_rejects_resigned_mutations[teacher_payload-dtype1]" time="0.056" /><testcase classname="tests.test_r11_new_source_init_bridge_trainer" name="test_source_only_initialization_rejects_resigned_mutations[source_equality_flag-dtype0]" time="0.059" /><testcase classname="tests.test_r11_new_source_init_bridge_trainer" name="test_source_only_initialization_rejects_resigned_mutations[source_equality_flag-dtype1]" time="0.055" /><testcase classname="tests.test_r11_new_source_init_bridge_trainer" name="test_source_only_initialization_rejects_resigned_mutations[teacher_assisted_flag-dtype0]" time="0.061" /><testcase classname="tests.test_r11_new_source_init_bridge_trainer" name="test_source_only_initialization_rejects_resigned_mutations[teacher_assisted_flag-dtype1]" time="0.059" /><testcase classname="tests.test_r11_new_source_init_bridge_trainer" name="test_source_only_initialization_rejects_resigned_mutations[parameter_dtype-dtype0]" time="0.056" /><testcase classname="tests.test_r11_new_source_init_bridge_trainer" name="test_source_only_initialization_rejects_resigned_mutations[parameter_dtype-dtype1]" time="0.056" /><testcase classname="tests.test_r11_new_source_init_bridge_trainer" name="test_source_only_initialization_rejects_resigned_mutations[compute_dtype-dtype0]" time="0.068" /><testcase classname="tests.test_r11_new_source_init_bridge_trainer" name="test_source_only_initialization_rejects_resigned_mutations[compute_dtype-dtype1]" time="0.056" /><testcase classname="tests.test_r11_new_source_init_bridge_trainer" name="test_source_only_initialization_rejects_resigned_mutations[both_formula-dtype0]" time="0.056" /><testcase classname="tests.test_r11_new_source_init_bridge_trainer" name="test_source_only_initialization_rejects_resigned_mutations[both_formula-dtype1]" time="0.057" /><testcase classname="tests.test_r11_new_source_init_bridge_trainer" name="test_source_only_initialization_rejects_resigned_mutations[both_operator-dtype0]" time="0.055" /><testcase classname="tests.test_r11_new_source_init_bridge_trainer" name="test_source_only_initialization_rejects_resigned_mutations[both_operator-dtype1]" time="0.053" /><testcase classname="tests.test_r11_new_source_init_bridge_trainer" name="test_source_only_initialization_rejects_resigned_mutations[wrong_x_t-dtype0]" time="0.053" /><testcase classname="tests.test_r11_new_source_init_bridge_trainer" name="test_source_only_initialization_rejects_resigned_mutations[wrong_x_t-dtype1]" time="0.054" /><testcase classname="tests.test_r11_new_source_init_bridge_trainer" name="test_source_only_initialization_rejects_resigned_mutations[wrong_start-dtype0]" time="0.055" /><testcase classname="tests.test_r11_new_source_init_bridge_trainer" name="test_source_only_initialization_rejects_resigned_mutations[wrong_start-dtype1]" time="0.054" /><testcase classname="tests.test_r11_new_source_init_bridge_trainer" name="test_source_only_initialization_rejects_resigned_mutations[wrong_output_h0-dtype0]" time="0.056" /><testcase classname="tests.test_r11_new_source_init_bridge_trainer" name="test_source_only_initialization_rejects_resigned_mutations[wrong_output_h0-dtype1]" time="0.077" /><testcase classname="tests.test_r11_new_source_init_bridge_trainer" name="test_source_only_initialization_rejects_resigned_mutations[payload_device-dtype0]" time="0.053" /><testcase classname="tests.test_r11_new_source_init_bridge_trainer" name="test_source_only_initialization_rejects_resigned_mutations[payload_device-dtype1]" time="0.054" /><testcase classname="tests.test_r11_new_source_init_bridge_trainer" name="test_source_only_initialization_rejects_resigned_mutations[record_device-dtype0]" time="0.058" /><testcase classname="tests.test_r11_new_source_init_bridge_trainer" name="test_source_only_initialization_rejects_resigned_mutations[record_device-dtype1]" time="0.058" /><testcase classname="tests.test_r11_new_source_init_bridge_trainer" name="test_source_only_initialization_rejects_resigned_mutations[both_device-dtype0]" time="0.055" /><testcase classname="tests.test_r11_new_source_init_bridge_trainer" name="test_source_only_initialization_rejects_resigned_mutations[both_device-dtype1]" time="0.055" /><testcase classname="tests.test_r11_new_source_init_bridge_trainer" name="test_checkpoint_independently_reconstructs_h0_from_current_x_t[0-dtype0]" time="0.226" /><testcase classname="tests.test_r11_new_source_init_bridge_trainer" name="test_checkpoint_independently_reconstructs_h0_from_current_x_t[0-dtype1]" time="0.240" /><testcase classname="tests.test_r11_new_source_init_bridge_trainer" name="test_checkpoint_independently_reconstructs_h0_from_current_x_t[64-dtype0]" time="0.248" /><testcase classname="tests.test_r11_new_source_init_bridge_trainer" name="test_checkpoint_independently_reconstructs_h0_from_current_x_t[64-dtype1]" time="0.329" /><testcase classname="tests.test_r11_new_source_init_bridge_trainer" name="test_run_installs_artifact_before_one_preflight_forward_and_uses_four_step_m0[dtype0]" time="0.173" /><testcase classname="tests.test_r11_new_source_init_bridge_trainer" name="test_run_installs_artifact_before_one_preflight_forward_and_uses_four_step_m0[dtype1]" time="0.238" /><testcase classname="tests.test_r11_new_source_init_bridge_trainer" name="test_source_only_entry_uses_new_core_config_and_protocol" time="0.008" /><testcase classname="tests.test_r11_new_source_init_bridge_trainer" name="test_manifest_distinguishes_independent_initializer_from_teacher_supervised_optimization" time="0.010" /><testcase classname="tests.test_render_r11_new_bridge_teacher_init" name="test_all_primary_outcomes_remain_diagnostic_and_have_true_coordinates[False-False]" time="0.860" /><testcase classname="tests.test_render_r11_new_bridge_teacher_init" name="test_all_primary_outcomes_remain_diagnostic_and_have_true_coordinates[True-False]" time="0.792" /><testcase classname="tests.test_render_r11_new_bridge_teacher_init" name="test_all_primary_outcomes_remain_diagnostic_and_have_true_coordinates[False-True]" time="0.905" /><testcase classname="tests.test_render_r11_new_bridge_teacher_init" name="test_all_primary_outcomes_remain_diagnostic_and_have_true_coordinates[True-True]" time="0.815" /><testcase classname="tests.test_render_r11_new_bridge_teacher_init" name="test_render_has_real_figures_relative_links_and_complete_manifest" time="2.856" /><testcase classname="tests.test_render_r11_new_bridge_teacher_init" name="test_resigned_promotion_is_rejected_before_output_creation[formal_success]" time="0.667" /><testcase classname="tests.test_render_r11_new_bridge_teacher_init" name="test_resigned_promotion_is_rejected_before_output_creation[phase2_allowed]" time="0.724" /><testcase classname="tests.test_render_r11_new_bridge_teacher_init" name="test_resigned_promotion_is_rejected_before_output_creation[answer_independent_writer_usable]" time="0.632" /><testcase classname="tests.test_render_r11_new_bridge_teacher_init" name="test_resigned_checkpoint_distance_is_recomputed" time="0.927" /><testcase classname="tests.test_render_r11_new_bridge_teacher_init" name="test_resigned_reader_ce_is_recomputed" time="0.986" /><testcase classname="tests.test_render_r11_new_bridge_teacher_init" name="test_preflight_updates_rejected_even_if_resigned" time="0.914" /><testcase classname="tests.test_render_r11_new_bridge_teacher_init" name="test_no_cpu_initializer_fallback_and_no_output_in_inputs" time="0.922" /><testcase classname="tests.test_render_r11_new_bridge_teacher_init" name="test_wrong_commit_and_unbound_source_bytes_are_rejected" time="0.654" /><testcase classname="tests.test_render_r11_new_bridge_teacher_init" name="test_cross_platform_cosine_is_not_substituted_for_byte_bound_runtime_audit" time="1.557" /><testcase classname="tests.test_render_r11_new_bridge_teacher_init" name="test_local_cpu_reduction_never_replaces_original_display_statistics" time="0.982" /><testcase classname="tests.test_render_r11_new_source_init_bridge" name="test_all_primary_outcomes_remain_diagnostic_and_have_true_coordinates[False-False]" time="0.756" /><testcase classname="tests.test_render_r11_new_source_init_bridge" name="test_all_primary_outcomes_remain_diagnostic_and_have_true_coordinates[True-False]" time="0.761" /><testcase classname="tests.test_render_r11_new_source_init_bridge" name="test_all_primary_outcomes_remain_diagnostic_and_have_true_coordinates[False-True]" time="0.769" /><testcase classname="tests.test_render_r11_new_source_init_bridge" name="test_all_primary_outcomes_remain_diagnostic_and_have_true_coordinates[True-True]" time="0.901" /><testcase classname="tests.test_render_r11_new_source_init_bridge" name="test_render_has_real_figures_relative_links_and_complete_manifest" time="2.477" /><testcase classname="tests.test_render_r11_new_source_init_bridge" name="test_resigned_promotion_is_rejected_before_output_creation[formal_success]" time="0.615" /><testcase classname="tests.test_render_r11_new_source_init_bridge" name="test_resigned_promotion_is_rejected_before_output_creation[phase2_allowed]" time="0.645" /><testcase classname="tests.test_render_r11_new_source_init_bridge" name="test_resigned_promotion_is_rejected_before_output_creation[answer_independent_writer_usable]" time="0.693" /><testcase classname="tests.test_render_r11_new_source_init_bridge" name="test_resigned_checkpoint_distance_is_recomputed" time="1.045" /><testcase classname="tests.test_render_r11_new_source_init_bridge" name="test_resigned_reader_ce_is_recomputed" time="0.991" /><testcase classname="tests.test_render_r11_new_source_init_bridge" name="test_preflight_updates_rejected_even_if_resigned" time="0.925" /><testcase classname="tests.test_render_r11_new_source_init_bridge" name="test_no_cpu_initializer_fallback_and_no_output_in_inputs" time="0.884" /><testcase classname="tests.test_render_r11_new_source_init_bridge" name="test_wrong_commit_and_unbound_source_bytes_are_rejected" time="0.550" /><testcase classname="tests.test_render_r11_new_source_init_bridge" name="test_cross_platform_cosine_is_not_substituted_for_byte_bound_runtime_audit" time="1.503" /><testcase classname="tests.test_render_r11_new_source_init_bridge" name="test_local_cpu_reduction_never_replaces_original_display_statistics" time="1.098" /></testsuite></testsuites>