<?xml version="1.0" encoding="utf-8"?><testsuites name="pytest tests"><testsuite name="pytest" errors="0" failures="9" skipped="4" tests="962" time="234.896" timestamp="2026-09-07T05:19:17.088368+08:00" hostname="LAPTOP-IS2AROSD"><testcase classname="tests.test_cluster_dag.ExperimentDagTest" name="test_checkpoint_comparison_detects_resume_drift" time="0.003" /><testcase classname="tests.test_cluster_dag.ExperimentDagTest" name="test_core_dag_contains_strict_gates_and_three_seed_matrix" time="0.014" /><testcase classname="tests.test_cluster_dag.ExperimentDagTest" name="test_default_cli_is_a_real_dry_run_without_sbatch" time="1.502" /><testcase classname="tests.test_cluster_dag.ExperimentDagTest" name="test_every_sbatch_is_single_node_and_pins_runtime" time="0.014" /><testcase classname="tests.test_cluster_dag.ExperimentDagTest" name="test_explicit_set_only_dataset_is_fully_validated_in_data_gate" time="0.020" /><testcase classname="tests.test_cluster_dag.ExperimentDagTest" name="test_explicit_set_only_paths_fail_closed_on_nonstandard_layout" time="0.002" /><testcase classname="tests.test_cluster_dag.ExperimentDagTest" name="test_full_ablation_matrix_generates_independent_set_only_and_scores_every_output" time="0.013" /><testcase classname="tests.test_compare_r11_new_bridge" name="test_raw_metrics_are_recomputed_not_trusted" time="0.060" /><testcase classname="tests.test_compare_r11_new_bridge" name="test_checkpoint_tensor_distance_and_hashes_are_recomputed" time="0.303" /><testcase classname="tests.test_compare_r11_new_bridge" name="test_reader_ce_argmax_and_margin_are_recomputed" time="0.016" /><testcase classname="tests.test_compare_r11_new_bridge" name="test_self_consistent_wrong_answer_label_is_rejected" time="0.016" /><testcase classname="tests.test_compare_r11_new_bridge" name="test_inventory_includes_nested_inventory_and_rejects_extra_file" time="0.061" /><testcase classname="tests.test_compare_r11_new_bridge" name="test_sigma_validation_uses_the_locked_phase1a_tolerance" time="0.001" /><testcase classname="tests.test_compare_r11_new_bridge" name="test_preflight_rejects_top_level_pass_with_false_freeze_subgate" time="0.040" /><testcase classname="tests.test_compare_r11_new_bridge" name="test_compare_integration_never_promotes_bridge_pass_to_scientific_success" time="0.140" /><testcase classname="tests.test_compare_r11_new_bridge" name="test_parent_query_and_inventory_cannot_be_resigned_together" time="0.058" /><testcase classname="tests.test_compare_r11_new_bridge" name="test_initialization_artifact_is_independently_recomputed_after_resigning[None-dtype0]" time="0.045" /><testcase classname="tests.test_compare_r11_new_bridge" name="test_initialization_artifact_is_independently_recomputed_after_resigning[None-dtype1]" time="0.044" /><testcase classname="tests.test_compare_r11_new_bridge" name="test_initialization_artifact_is_independently_recomputed_after_resigning[record_sigma-dtype0]" time="0.036" /><testcase classname="tests.test_compare_r11_new_bridge" name="test_initialization_artifact_is_independently_recomputed_after_resigning[record_sigma-dtype1]" time="0.040" /><testcase classname="tests.test_compare_r11_new_bridge" name="test_initialization_artifact_is_independently_recomputed_after_resigning[payload_sigma-dtype0]" time="0.037" /><testcase classname="tests.test_compare_r11_new_bridge" name="test_initialization_artifact_is_independently_recomputed_after_resigning[payload_sigma-dtype1]" time="0.033" /><testcase classname="tests.test_compare_r11_new_bridge" name="test_initialization_artifact_is_independently_recomputed_after_resigning[nominal_schedule-dtype0]" time="0.036" /><testcase classname="tests.test_compare_r11_new_bridge" name="test_initialization_artifact_is_independently_recomputed_after_resigning[nominal_schedule-dtype1]" time="0.030" /><testcase classname="tests.test_compare_r11_new_bridge" name="test_initialization_artifact_is_independently_recomputed_after_resigning[actual_schedule-dtype0]" time="0.032" /><testcase classname="tests.test_compare_r11_new_bridge" name="test_initialization_artifact_is_independently_recomputed_after_resigning[actual_schedule-dtype1]" time="0.032" /><testcase classname="tests.test_compare_r11_new_bridge" name="test_initialization_artifact_is_independently_recomputed_after_resigning[record_std-dtype0]" time="0.036" /><testcase classname="tests.test_compare_r11_new_bridge" name="test_initialization_artifact_is_independently_recomputed_after_resigning[record_std-dtype1]" time="0.033" /><testcase classname="tests.test_compare_r11_new_bridge" name="test_initialization_artifact_is_independently_recomputed_after_resigning[both_std-dtype0]" time="0.036" /><testcase classname="tests.test_compare_r11_new_bridge" name="test_initialization_artifact_is_independently_recomputed_after_resigning[both_std-dtype1]" time="0.036" /><testcase classname="tests.test_compare_r11_new_bridge" name="test_initialization_artifact_is_independently_recomputed_after_resigning[payload_mse-dtype0]" time="0.038" /><testcase classname="tests.test_compare_r11_new_bridge" name="test_initialization_artifact_is_independently_recomputed_after_resigning[payload_mse-dtype1]" time="0.036" /><testcase classname="tests.test_compare_r11_new_bridge" name="test_initialization_artifact_is_independently_recomputed_after_resigning[record_mse-dtype0]" time="0.037" /><testcase classname="tests.test_compare_r11_new_bridge" name="test_initialization_artifact_is_independently_recomputed_after_resigning[record_mse-dtype1]" time="0.042" /><testcase classname="tests.test_compare_r11_new_bridge" name="test_initialization_artifact_is_independently_recomputed_after_resigning[payload_nrmse-dtype0]" time="0.034" /><testcase classname="tests.test_compare_r11_new_bridge" name="test_initialization_artifact_is_independently_recomputed_after_resigning[payload_nrmse-dtype1]" time="0.034" /><testcase classname="tests.test_compare_r11_new_bridge" name="test_initialization_artifact_is_independently_recomputed_after_resigning[record_nrmse-dtype0]" time="0.039" /><testcase classname="tests.test_compare_r11_new_bridge" name="test_initialization_artifact_is_independently_recomputed_after_resigning[record_nrmse-dtype1]" time="0.033" /><testcase classname="tests.test_compare_r11_new_bridge" name="test_initialization_artifact_is_independently_recomputed_after_resigning[formula-dtype0]" time="0.033" /><testcase classname="tests.test_compare_r11_new_bridge" name="test_initialization_artifact_is_independently_recomputed_after_resigning[formula-dtype1]" time="0.032" /><testcase classname="tests.test_compare_r11_new_bridge" name="test_initialization_artifact_is_independently_recomputed_after_resigning[operator-dtype0]" time="0.038" /><testcase classname="tests.test_compare_r11_new_bridge" name="test_initialization_artifact_is_independently_recomputed_after_resigning[operator-dtype1]" time="0.033" /><testcase classname="tests.test_compare_r11_new_bridge" name="test_initialization_artifact_is_independently_recomputed_after_resigning[x_t-dtype0]" time="0.037" /><testcase classname="tests.test_compare_r11_new_bridge" name="test_initialization_artifact_is_independently_recomputed_after_resigning[x_t-dtype1]" time="0.035" /><testcase classname="tests.test_compare_r11_new_bridge" name="test_initialization_artifact_is_independently_recomputed_after_resigning[start-dtype0]" time="0.035" /><testcase classname="tests.test_compare_r11_new_bridge" name="test_initialization_artifact_is_independently_recomputed_after_resigning[start-dtype1]" time="0.034" /><testcase classname="tests.test_compare_r11_new_bridge" name="test_initialization_artifact_is_independently_recomputed_after_resigning[dtype-dtype0]" time="0.037" /><testcase classname="tests.test_compare_r11_new_bridge" name="test_initialization_artifact_is_independently_recomputed_after_resigning[dtype-dtype1]" time="0.038" /><testcase classname="tests.test_compare_r11_new_bridge" name="test_initialization_artifact_is_independently_recomputed_after_resigning[record_backend-dtype0]" time="0.039" /><testcase classname="tests.test_compare_r11_new_bridge" name="test_initialization_artifact_is_independently_recomputed_after_resigning[record_backend-dtype1]" time="0.035" /><testcase classname="tests.test_compare_r11_new_bridge" name="test_initialization_artifact_is_independently_recomputed_after_resigning[payload_backend-dtype0]" time="0.034" /><testcase classname="tests.test_compare_r11_new_bridge" name="test_initialization_artifact_is_independently_recomputed_after_resigning[payload_backend-dtype1]" time="0.034" /><testcase classname="tests.test_compare_r11_new_bridge" name="test_initialization_artifact_is_independently_recomputed_after_resigning[both_backend-dtype0]" time="0.037" /><testcase classname="tests.test_compare_r11_new_bridge" name="test_initialization_artifact_is_independently_recomputed_after_resigning[both_backend-dtype1]" time="0.033" /><testcase classname="tests.test_compare_r11_new_bridge" name="test_cuda_initialization_refuses_cpu_fallback" time="0.034" /><testcase classname="tests.test_compare_r11_new_bridge" name="test_manifest_keeps_fixed_source_condition_models_and_new_initializer_boundary[None]" time="0.055" /><testcase classname="tests.test_compare_r11_new_bridge" name="test_manifest_keeps_fixed_source_condition_models_and_new_initializer_boundary[parity]" time="0.037" /><testcase classname="tests.test_compare_r11_new_bridge" name="test_manifest_keeps_fixed_source_condition_models_and_new_initializer_boundary[nominal_sigma]" time="0.035" /><testcase classname="tests.test_compare_r11_new_bridge" name="test_manifest_keeps_fixed_source_condition_models_and_new_initializer_boundary[m0]" time="0.036" /><testcase classname="tests.test_compare_r11_new_bridge" name="test_manifest_keeps_fixed_source_condition_models_and_new_initializer_boundary[information]" time="0.035" /><testcase classname="tests.test_compare_r11_new_bridge" name="test_manifest_keeps_fixed_source_condition_models_and_new_initializer_boundary[source_dtype]" time="0.035" /><testcase classname="tests.test_compare_r11_new_bridge" name="test_manifest_keeps_fixed_source_condition_models_and_new_initializer_boundary[backend]" time="0.036" /><testcase classname="tests.test_compare_r11_new_bridge" name="test_manifest_keeps_fixed_source_condition_models_and_new_initializer_boundary[models]" time="0.045" /><testcase classname="tests.test_compare_r11_new_bridge" name="test_manifest_keeps_fixed_source_condition_models_and_new_initializer_boundary[condition]" time="0.051" /><testcase classname="tests.test_compare_r11_new_bridge" name="test_parent_bridge_keeps_absolute_endpoint_reference_after_resigning[None]" time="0.053" /><testcase classname="tests.test_compare_r11_new_bridge" name="test_parent_bridge_keeps_absolute_endpoint_reference_after_resigning[mse]" time="0.037" /><testcase classname="tests.test_compare_r11_new_bridge" name="test_parent_bridge_keeps_absolute_endpoint_reference_after_resigning[ce]" time="0.037" /><testcase classname="tests.test_compare_r11_new_bridge" name="test_parent_bridge_keeps_absolute_endpoint_reference_after_resigning[formal_success]" time="0.035" /><testcase classname="tests.test_compare_r11_new_phase1a.R11NewPhase1AComparisonTest" name="test_all_targets_must_bind_the_same_preflight" time="7.872" /><testcase classname="tests.test_compare_r11_new_phase1a.R11NewPhase1AComparisonTest" name="test_any_formal_success_claim_is_rejected" time="6.870" /><testcase classname="tests.test_compare_r11_new_phase1a.R11NewPhase1AComparisonTest" name="test_checkpoint_rejects_different_in_tolerance_record_and_payload_sigmas" time="0.620" /><testcase classname="tests.test_compare_r11_new_phase1a.R11NewPhase1AComparisonTest" name="test_checkpoint_rejects_invalid_runtime_sigmas" time="1.463" /><testcase classname="tests.test_compare_r11_new_phase1a.R11NewPhase1AComparisonTest" name="test_duplicate_target_root_is_rejected_before_summary_use" time="4.039" /><testcase classname="tests.test_compare_r11_new_phase1a.R11NewPhase1AComparisonTest" name="test_later_target_must_bind_this_suite_target0" time="5.571" /><testcase classname="tests.test_compare_r11_new_phase1a.R11NewPhase1AComparisonTest" name="test_missing_launch_prerequisites_are_rejected" time="6.386" /><testcase classname="tests.test_compare_r11_new_phase1a.R11NewPhase1AComparisonTest" name="test_raw_float32_scheduler_observations_survive_full_recomputation" time="7.599" /><testcase classname="tests.test_compare_r11_new_phase1a.R11NewPhase1AComparisonTest" name="test_reachability_false_is_a_valid_diagnostic_not_a_technical_failure" time="7.831" /><testcase classname="tests.test_compare_r11_new_phase1a.R11NewPhase1AComparisonTest" name="test_tampered_checkpoint_is_rejected_by_raw_hash_validation" time="5.742" /><testcase classname="tests.test_compare_r11_new_phase1a.R11NewPhase1AComparisonTest" name="test_truncated_receipts_are_rejected_even_after_hashes_are_resigned" time="6.228" /><testcase classname="tests.test_compare_r11_new_phase1a.R11NewPhase1AComparisonTest" name="test_valid_eight_of_eight_proceeds_to_phase2_but_never_claims_success" time="8.356" /><testcase classname="tests.test_compare_r11_new_phase1a.R11NewPhase1AComparisonTest" name="test_wrong_preflight_prerequisite_hash_is_rejected" time="6.652" /><testcase classname="tests.test_compare_r11_new_source_init_bridge" name="test_raw_metrics_are_recomputed_not_trusted" time="0.074" /><testcase classname="tests.test_compare_r11_new_source_init_bridge" name="test_checkpoint_tensor_distance_and_hashes_are_recomputed" time="0.319" /><testcase classname="tests.test_compare_r11_new_source_init_bridge" name="test_reader_ce_argmax_and_margin_are_recomputed" time="0.019" /><testcase classname="tests.test_compare_r11_new_source_init_bridge" name="test_self_consistent_wrong_answer_label_is_rejected" time="0.015" /><testcase classname="tests.test_compare_r11_new_source_init_bridge" name="test_inventory_includes_nested_inventory_and_rejects_extra_file" time="0.055" /><testcase classname="tests.test_compare_r11_new_source_init_bridge" name="test_sigma_validation_uses_the_locked_phase1a_tolerance" time="0.001" /><testcase classname="tests.test_compare_r11_new_source_init_bridge" name="test_preflight_rejects_top_level_pass_with_false_freeze_subgate" time="0.042" /><testcase classname="tests.test_compare_r11_new_source_init_bridge" name="test_compare_integration_never_promotes_bridge_pass_to_scientific_success" time="0.140" /><testcase classname="tests.test_compare_r11_new_source_init_bridge" name="test_parent_query_and_inventory_cannot_be_resigned_together" time="0.059" /><testcase classname="tests.test_compare_r11_new_source_init_bridge" name="test_source_only_initialization_is_recomputed_after_resigning[None-dtype0]" time="0.041" /><testcase classname="tests.test_compare_r11_new_source_init_bridge" name="test_source_only_initialization_is_recomputed_after_resigning[None-dtype1]" time="0.038" /><testcase classname="tests.test_compare_r11_new_source_init_bridge" name="test_source_only_initialization_is_recomputed_after_resigning[record_sigma-dtype0]" time="0.033" /><testcase classname="tests.test_compare_r11_new_source_init_bridge" name="test_source_only_initialization_is_recomputed_after_resigning[record_sigma-dtype1]" time="0.031" /><testcase classname="tests.test_compare_r11_new_source_init_bridge" name="test_source_only_initialization_is_recomputed_after_resigning[payload_sigma-dtype0]" time="0.031" /><testcase classname="tests.test_compare_r11_new_source_init_bridge" name="test_source_only_initialization_is_recomputed_after_resigning[payload_sigma-dtype1]" time="0.034" /><testcase classname="tests.test_compare_r11_new_source_init_bridge" name="test_source_only_initialization_is_recomputed_after_resigning[nominal_schedule-dtype0]" time="0.034" /><testcase classname="tests.test_compare_r11_new_source_init_bridge" name="test_source_only_initialization_is_recomputed_after_resigning[nominal_schedule-dtype1]" time="0.034" /><testcase classname="tests.test_compare_r11_new_source_init_bridge" name="test_source_only_initialization_is_recomputed_after_resigning[actual_schedule-dtype0]" time="0.033" /><testcase classname="tests.test_compare_r11_new_source_init_bridge" name="test_source_only_initialization_is_recomputed_after_resigning[actual_schedule-dtype1]" time="0.033" /><testcase classname="tests.test_compare_r11_new_source_init_bridge" name="test_source_only_initialization_is_recomputed_after_resigning[formula-dtype0]" time="0.035" /><testcase classname="tests.test_compare_r11_new_source_init_bridge" name="test_source_only_initialization_is_recomputed_after_resigning[formula-dtype1]" time="0.035" /><testcase classname="tests.test_compare_r11_new_source_init_bridge" name="test_source_only_initialization_is_recomputed_after_resigning[operator-dtype0]" time="0.035" /><testcase classname="tests.test_compare_r11_new_source_init_bridge" name="test_source_only_initialization_is_recomputed_after_resigning[operator-dtype1]" time="0.034" /><testcase classname="tests.test_compare_r11_new_source_init_bridge" name="test_source_only_initialization_is_recomputed_after_resigning[x_t-dtype0]" time="0.036" /><testcase classname="tests.test_compare_r11_new_source_init_bridge" name="test_source_only_initialization_is_recomputed_after_resigning[x_t-dtype1]" time="0.032" /><testcase classname="tests.test_compare_r11_new_source_init_bridge" name="test_source_only_initialization_is_recomputed_after_resigning[start-dtype0]" time="0.035" /><testcase classname="tests.test_compare_r11_new_source_init_bridge" name="test_source_only_initialization_is_recomputed_after_resigning[start-dtype1]" time="0.041" /><testcase classname="tests.test_compare_r11_new_source_init_bridge" name="test_source_only_initialization_is_recomputed_after_resigning[dtype-dtype0]" time="0.039" /><testcase classname="tests.test_compare_r11_new_source_init_bridge" name="test_source_only_initialization_is_recomputed_after_resigning[dtype-dtype1]" time="0.040" /><testcase classname="tests.test_compare_r11_new_source_init_bridge" name="test_source_only_initialization_is_recomputed_after_resigning[record_backend-dtype0]" time="0.038" /><testcase classname="tests.test_compare_r11_new_source_init_bridge" name="test_source_only_initialization_is_recomputed_after_resigning[record_backend-dtype1]" time="0.040" /><testcase classname="tests.test_compare_r11_new_source_init_bridge" name="test_source_only_initialization_is_recomputed_after_resigning[payload_backend-dtype0]" time="0.037" /><testcase classname="tests.test_compare_r11_new_source_init_bridge" name="test_source_only_initialization_is_recomputed_after_resigning[payload_backend-dtype1]" time="0.034" /><testcase classname="tests.test_compare_r11_new_source_init_bridge" name="test_source_only_initialization_is_recomputed_after_resigning[both_backend-dtype0]" time="0.038" /><testcase classname="tests.test_compare_r11_new_source_init_bridge" name="test_source_only_initialization_is_recomputed_after_resigning[both_backend-dtype1]" time="0.037" /><testcase classname="tests.test_compare_r11_new_source_init_bridge" name="test_source_only_initialization_is_recomputed_after_resigning[parameter_dtype-dtype0]" time="0.037" /><testcase classname="tests.test_compare_r11_new_source_init_bridge" name="test_source_only_initialization_is_recomputed_after_resigning[parameter_dtype-dtype1]" time="0.041" /><testcase classname="tests.test_compare_r11_new_source_init_bridge" name="test_source_only_initialization_is_recomputed_after_resigning[shape-dtype0]" time="0.037" /><testcase classname="tests.test_compare_r11_new_source_init_bridge" name="test_source_only_initialization_is_recomputed_after_resigning[shape-dtype1]" time="0.037" /><testcase classname="tests.test_compare_r11_new_source_init_bridge" name="test_source_only_initialization_is_recomputed_after_resigning[source_equality_claim-dtype0]" time="0.043" /><testcase classname="tests.test_compare_r11_new_source_init_bridge" name="test_source_only_initialization_is_recomputed_after_resigning[source_equality_claim-dtype1]" time="0.039" /><testcase classname="tests.test_compare_r11_new_source_init_bridge" name="test_source_only_initialization_is_recomputed_after_resigning[teacher_assist_claim-dtype0]" time="0.039" /><testcase classname="tests.test_compare_r11_new_source_init_bridge" name="test_source_only_initialization_is_recomputed_after_resigning[teacher_assist_claim-dtype1]" time="0.036" /><testcase classname="tests.test_compare_r11_new_source_init_bridge" name="test_source_only_initialization_is_recomputed_after_resigning[forbidden_teacher-dtype0]" time="0.039" /><testcase classname="tests.test_compare_r11_new_source_init_bridge" name="test_source_only_initialization_is_recomputed_after_resigning[forbidden_teacher-dtype1]" time="0.046" /><testcase classname="tests.test_compare_r11_new_source_init_bridge" name="test_source_only_initialization_is_recomputed_after_resigning[forbidden_query-dtype0]" time="0.040" /><testcase classname="tests.test_compare_r11_new_source_init_bridge" name="test_source_only_initialization_is_recomputed_after_resigning[forbidden_query-dtype1]" time="0.036" /><testcase classname="tests.test_compare_r11_new_source_init_bridge" name="test_source_only_initialization_is_recomputed_after_resigning[forbidden_std-dtype0]" time="0.040" /><testcase classname="tests.test_compare_r11_new_source_init_bridge" name="test_source_only_initialization_is_recomputed_after_resigning[forbidden_std-dtype1]" time="0.034" /><testcase classname="tests.test_compare_r11_new_source_init_bridge" name="test_cuda_initialization_refuses_cpu_fallback" time="0.033" /><testcase classname="tests.test_compare_r11_new_source_init_bridge" name="test_manifest_keeps_fixed_source_condition_models_and_new_initializer_boundary[None]" time="0.053" /><testcase classname="tests.test_compare_r11_new_source_init_bridge" name="test_manifest_keeps_fixed_source_condition_models_and_new_initializer_boundary[parity]" time="0.039" /><testcase classname="tests.test_compare_r11_new_source_init_bridge" name="test_manifest_keeps_fixed_source_condition_models_and_new_initializer_boundary[nominal_sigma]" time="0.035" /><testcase classname="tests.test_compare_r11_new_source_init_bridge" name="test_manifest_keeps_fixed_source_condition_models_and_new_initializer_boundary[m0]" time="0.036" /><testcase classname="tests.test_compare_r11_new_source_init_bridge" name="test_manifest_keeps_fixed_source_condition_models_and_new_initializer_boundary[information]" time="0.034" /><testcase classname="tests.test_compare_r11_new_source_init_bridge" name="test_manifest_keeps_fixed_source_condition_models_and_new_initializer_boundary[source_dtype]" time="0.036" /><testcase classname="tests.test_compare_r11_new_source_init_bridge" name="test_manifest_keeps_fixed_source_condition_models_and_new_initializer_boundary[backend]" time="0.036" /><testcase classname="tests.test_compare_r11_new_source_init_bridge" name="test_manifest_keeps_fixed_source_condition_models_and_new_initializer_boundary[models]" time="0.049" /><testcase classname="tests.test_compare_r11_new_source_init_bridge" name="test_manifest_keeps_fixed_source_condition_models_and_new_initializer_boundary[condition]" time="0.055" /><testcase classname="tests.test_compare_r11_new_source_init_bridge" name="test_parent_bridge_keeps_absolute_endpoint_reference_after_resigning[None]" time="0.057" /><testcase classname="tests.test_compare_r11_new_source_init_bridge" name="test_parent_bridge_keeps_absolute_endpoint_reference_after_resigning[mse]" time="0.055" /><testcase classname="tests.test_compare_r11_new_source_init_bridge" name="test_parent_bridge_keeps_absolute_endpoint_reference_after_resigning[ce]" time="0.048" /><testcase classname="tests.test_compare_r11_new_source_init_bridge" name="test_parent_bridge_keeps_absolute_endpoint_reference_after_resigning[formal_success]" time="0.045" /><testcase classname="tests.test_compare_r11_new_source_init_bridge" name="test_teacher_matched_result_is_a_bound_descriptive_reference_only[None]" time="0.089" /><testcase classname="tests.test_compare_r11_new_source_init_bridge" name="test_teacher_matched_result_is_a_bound_descriptive_reference_only[role]" time="0.052" /><testcase classname="tests.test_compare_r11_new_source_init_bridge" name="test_teacher_matched_result_is_a_bound_descriptive_reference_only[mse]" time="0.037" /><testcase classname="tests.test_compare_r11_new_source_init_bridge" name="test_teacher_matched_result_is_a_bound_descriptive_reference_only[teacher_flag]" time="0.037" /><testcase classname="tests.test_determinism_pair_wrapper.DeterminismPairWrapperTest" name="test_child_contract_fails_closed_on_mode_or_gate_drift" time="0.016" /><testcase classname="tests.test_determinism_pair_wrapper.DeterminismPairWrapperTest" name="test_child_contract_rejects_truncated_passed_r2_gate" time="0.011" /><testcase classname="tests.test_determinism_pair_wrapper.DeterminismPairWrapperTest" name="test_listwise_main_passes_mode_and_requires_r2" time="0.061" /><testcase classname="tests.test_determinism_pair_wrapper.DeterminismPairWrapperTest" name="test_listwise_one_step_failed_r2a_is_a_technical_failure" time="0.007" /><testcase classname="tests.test_determinism_pair_wrapper.DeterminismPairWrapperTest" name="test_listwise_one_step_failed_r2a_makes_wrapper_exit_nonzero" time="0.059" /><testcase classname="tests.test_determinism_pair_wrapper.DeterminismPairWrapperTest" name="test_listwise_one_step_zero_updater_gradient_is_a_technical_failure" time="0.006" /><testcase classname="tests.test_determinism_pair_wrapper.DeterminismPairWrapperTest" name="test_listwise_pair_uses_only_prospective_r2_gate" time="0.026" /><testcase classname="tests.test_determinism_pair_wrapper.DeterminismPairWrapperTest" name="test_pair_reachability_gate_requires_both_complete_children_to_pass" time="0.025" /><testcase classname="tests.test_determinism_pair_wrapper.DeterminismPairWrapperTest" name="test_scientific_gate_failure_still_runs_both_replicas_and_preserves_bitwise_pass" time="0.044" /><testcase classname="tests.test_determinism_pair_wrapper.DeterminismPairWrapperTest" name="test_second_replica_runs_after_first_replica_fails" time="0.027" /><testcase classname="tests.test_determinism_pair_wrapper.DeterminismPairWrapperTest" name="test_wrapper_step_choices_include_preregistered_reachability_budget" time="0.001" /><testcase classname="tests.test_differentiable_mobile.DifferentiableSamplerContractTest" name="test_detach_negative_control_breaks_intermediate_path" time="0.005" /><testcase classname="tests.test_differentiable_mobile.DifferentiableSamplerContractTest" name="test_drtune_forward_is_bitwise_equal_to_full_forward" time="0.008" /><testcase classname="tests.test_differentiable_mobile.DifferentiableSamplerContractTest" name="test_drtune_policy_fails_closed" time="0.002" /><testcase classname="tests.test_differentiable_mobile.DifferentiableSamplerContractTest" name="test_drtune_selected_step_checkpoint_keeps_parameter_gradients" time="0.005" /><testcase classname="tests.test_differentiable_mobile.DifferentiableSamplerContractTest" name="test_drtune_stateful_forward_is_bitwise_equal_to_full" time="0.006" /><testcase classname="tests.test_differentiable_mobile.DifferentiableSamplerContractTest" name="test_drtune_stateful_keeps_source_path_and_selected_parameter_only" time="0.009" /><testcase classname="tests.test_differentiable_mobile.DifferentiableSamplerContractTest" name="test_dynamic_shift_does_not_change_legacy_raw_sigma_schedule" time="0.003" /><testcase classname="tests.test_differentiable_mobile.DifferentiableSamplerContractTest" name="test_each_drtune_step_has_exclusive_parameter_grad_and_scheduler_graph" time="0.009" /><testcase classname="tests.test_differentiable_mobile.DifferentiableSamplerContractTest" name="test_invalid_source_anchor_contract_fails_closed" time="0.002" /><testcase classname="tests.test_differentiable_mobile.DifferentiableSamplerContractTest" name="test_non_reentrant_checkpoint_preserves_gradients" time="0.007" /><testcase classname="tests.test_differentiable_mobile.DifferentiableSamplerContractTest" name="test_scheduler_state_is_reset_for_each_call" time="0.004" /><testcase classname="tests.test_differentiable_mobile.DifferentiableSamplerContractTest" name="test_sigma_one_remains_exactly_the_legacy_pure_noise_path" time="0.003" /><testcase classname="tests.test_differentiable_mobile.DifferentiableSamplerContractTest" name="test_single_event_gradients_reach_source_and_trainable_parameter" time="0.002" /><testcase classname="tests.test_differentiable_mobile.DifferentiableSamplerContractTest" name="test_source_anchor_inverts_dynamic_shift_to_match_effective_flow_sigma" time="0.003" /><testcase classname="tests.test_differentiable_mobile.DifferentiableSamplerContractTest" name="test_source_anchored_edit_uses_flow_matching_interpolation_and_scaled_schedule" time="0.004" /><testcase classname="tests.test_differentiable_mobile.DifferentiableSamplerContractTest" name="test_two_event_bptt_reaches_intermediate_state" time="0.005" /><testcase classname="tests.test_dreamlite_r4_free_pixel.R4BudgetContractTest" name="test_formal_budget_is_exactly_256_steps_32_warmup_and_2048_micros" time="0.001" /><testcase classname="tests.test_dreamlite_r4_free_pixel.R4BudgetContractTest" name="test_formal_data_gate_accepts_only_exact_hashes_and_transition_audit" time="0.004" /><testcase classname="tests.test_dreamlite_r4_free_pixel.R4BudgetContractTest" name="test_invalid_or_mutated_budgets_fail_closed" time="0.001" /><testcase classname="tests.test_dreamlite_r4_free_pixel.R4BudgetContractTest" name="test_runtime_contract_locks_resolution_and_distinct_devices" time="0.002" /><testcase classname="tests.test_dreamlite_r4_free_pixel.R4BudgetContractTest" name="test_smoke_data_gate_skips_formal_hash_and_count_bindings" time="0.002" /><testcase classname="tests.test_dreamlite_r4_free_pixel.R4BudgetContractTest" name="test_smoke_is_exactly_one_complete_16_unit_balanced_block" time="0.001" /><testcase classname="tests.test_dreamlite_r4_free_pixel.R4TrainingUnitContractTest" name="test_checkpoint_state_resumes_at_the_exact_phase_and_schedule_cursor" time="0.002" /><testcase classname="tests.test_dreamlite_r4_free_pixel.R4TrainingUnitContractTest" name="test_formal_expected_counts_are_exact_and_sum_to_2048" time="0.001" /><testcase classname="tests.test_dreamlite_r4_free_pixel.R4TrainingUnitContractTest" name="test_normalized_identity_loss_uses_frozen_positive_scale" time="0.002" /><testcase classname="tests.test_dreamlite_r4_free_pixel.R4TrainingUnitContractTest" name="test_objective_combination_has_exact_none_gates_sum_and_gradients" time="0.002" /><testcase classname="tests.test_dreamlite_r4_free_pixel.R4TrainingUnitContractTest" name="test_terminal_noop_identity_moves_differentiably_to_reader_device" time="0.002"><skipped type="pytest.skip" message="requires two CUDA devices">C:\Users\Expedition\r11-new-sigma-audit-fix-20260905\tests\test_dreamlite_r4_free_pixel.py:338: requires two CUDA devices</skipped></testcase><testcase classname="tests.test_dreamlite_r4_free_pixel.R4TrainingUnitContractTest" name="test_updater_kwargs_lock_free_rgb_drtune_one_step_and_presentation" time="0.002" /><testcase classname="tests.test_dreamlite_r4_free_pixel.R4TrainingUnitContractTest" name="test_warmup_draws_only_trainable_set_from_blank_and_cycles_all_steps" time="0.002" /><testcase classname="tests.test_dreamlite_r4_free_pixel.R4FixedConfigContractTest" name="test_config_counts_match_code_and_authoritative_formal_audit" time="0.002" /><testcase classname="tests.test_dreamlite_r4_free_pixel.R4FixedConfigContractTest" name="test_config_embeds_the_canonical_teacher_free_protocol_contract" time="0.001" /><testcase classname="tests.test_dreamlite_r4_free_pixel.R4FixedConfigContractTest" name="test_config_locks_compute_optimizer_budget_and_evaluation" time="0.001" /><testcase classname="tests.test_dreamlite_r4_free_pixel.R4FixedConfigContractTest" name="test_historical_comparator_is_metadata_only_and_never_rerun" time="0.001" /><testcase classname="tests.test_dreamlite_r4_free_pixel.R4EntrypointExecutionTest" name="test_help_subprocess_succeeds_from_repository_root" time="8.635" /><testcase classname="tests.test_dreamlite_r4_free_pixel.R4EntrypointExecutionTest" name="test_main_execution_order_reaches_completion_without_touching_cuda" time="0.004" /><testcase classname="tests.test_dreamlite_r4_free_pixel.R4EntrypointExecutionTest" name="test_main_guard_is_the_absolute_source_tail" time="0.002" /><testcase classname="tests.test_dreamlite_r5_compose.R5TrainerCoreTest" name="test_ema_apply_restores_raw_parameters" time="0.002" /><testcase classname="tests.test_dreamlite_r5_compose.R5TrainerCoreTest" name="test_gradient_policy_selection_and_fallback_are_preregistered" time="0.004" /><testcase classname="tests.test_dreamlite_r5_compose.R5TrainerCoreTest" name="test_h2_replays_oldest_event_and_keeps_two_event_state_path" time="0.004" /><testcase classname="tests.test_dreamlite_r5_compose.R5TrainerCoreTest" name="test_h4_unrolls_all_three_events" time="0.003" /><testcase classname="tests.test_dreamlite_r5_compose.R5TrainerCoreTest" name="test_hard_noop_returns_same_tensor_without_updater_call" time="0.002" /><testcase classname="tests.test_dreamlite_r5_compose.R5TrainerCoreTest" name="test_lr_schedule_matches_fixed_endpoints" time="0.002" /><testcase classname="tests.test_dreamlite_r5_compose.R5TrainerCoreTest" name="test_paired_bootstrap_uses_matched_units" time="0.004" /><testcase classname="tests.test_dreamlite_training_contracts.DreamLiteTrainingContractTest" name="test_cyclic_rotation_synchronizes_target_index" time="0.003" /><testcase classname="tests.test_dreamlite_training_contracts.DreamLiteTrainingContractTest" name="test_cyclic_training_schedule_advances_per_episode_exposure" time="0.002" /><testcase classname="tests.test_dreamlite_training_contracts.DreamLiteTrainingContractTest" name="test_formal_cli_defaults_to_listwise_cyclic_qa_only" time="0.004" /><testcase classname="tests.test_dreamlite_training_contracts.DreamLiteTrainingContractTest" name="test_listwise_callable_forwards_only_choice_boundary_supervision" time="0.002" /><testcase classname="tests.test_dreamlite_training_contracts.DreamLiteTrainingContractTest" name="test_optimizer_diagnostic_groups_are_exhaustive_and_norms_partition_each_axis" time="0.003" /><testcase classname="tests.test_dreamlite_training_contracts.DreamLiteTrainingContractTest" name="test_optimizer_diagnostics_record_actual_clip_and_update_ratios" time="0.004" /><testcase classname="tests.test_dreamlite_training_contracts.DreamLiteTrainingContractTest" name="test_optimizer_diagnostics_use_low_precision_norm_tolerance" time="0.003" /><testcase classname="tests.test_dreamlite_training_contracts.DreamLiteTrainingContractTest" name="test_parent_checkpoint_lineage_requires_locked_reader_resize_contract" time="0.033" /><testcase classname="tests.test_dreamlite_training_contracts.DreamLiteTrainingContractTest" name="test_random_teacher_control_is_deterministic_and_preserves_channel_moments" time="0.203" /><testcase classname="tests.test_dreamlite_training_contracts.DreamLiteTrainingContractTest" name="test_real_manifest_places_report_schemas_at_top_level" time="0.062"><failure message="importlib.metadata.PackageNotFoundError: No package metadata was found for diffusers">cls = &lt;class 'importlib.metadata.Distribution'&gt;, name = 'diffusers'

    @classmethod
    def from_name(cls, name: str) -&gt; Distribution:
        """Return the Distribution for the given package name.
    
        :param name: The name of the distribution package to search for.
        :return: The Distribution instance (or subclass thereof) for the named
            package, if found.
        :raises PackageNotFoundError: When the named package's distribution
            metadata cannot be found.
        :raises ValueError: When an invalid value is supplied for name.
        """
        if not name:
            raise ValueError("A distribution name is required.")
        try:
&gt;           return next(iter(cls.discover(name=name)))
                   ^^^^^^^^^^^^^^^^^^^^^^^^^^^^^^^^^^^
E           StopIteration

D:\st_python\Lib\importlib\metadata\__init__.py:407: StopIteration

During handling of the above exception, another exception occurred:

self = &lt;test_dreamlite_training_contracts.DreamLiteTrainingContractTest testMethod=test_real_manifest_places_report_schemas_at_top_level&gt;

    def test_real_manifest_places_report_schemas_at_top_level(self):
        with tempfile.TemporaryDirectory() as directory:
            root = Path(directory)
            train = root / "train.jsonl"
            dev = root / "dev.jsonl"
            train.write_text('{"episode_id":"train"}\n', encoding="utf-8")
            dev.write_text('{"episode_id":"dev"}\n', encoding="utf-8")
            dreamlite = root / "dreamlite"
            reader = root / "reader"
            dreamlite.mkdir()
            reader.mkdir()
            argv = [
                "dreamlite_episode.py",
                "--train",
                str(train),
                "--dev",
                str(dev),
                "--dreamlite",
                str(dreamlite),
                "--reader",
                str(reader),
                "--output-dir",
                str(root / "output"),
            ]
            with (
                mock.patch.object(sys, "argv", argv),
                mock.patch.object(dreamlite_episode, "git_value", side_effect=["a" * 40, ""]),
                mock.patch.object(dreamlite_episode, "locked_revision", return_value="b" * 40),
                mock.patch.object(
                    dreamlite_episode,
                    "load_initial_image",
                    return_value=(torch.zeros(1, 3, 1, 1), {"initial_state_mode": "blank"}),
                ),
            ):
&gt;               manifest = dreamlite_episode.make_manifest(dreamlite_episode.parse_args())
                           ^^^^^^^^^^^^^^^^^^^^^^^^^^^^^^^^^^^^^^^^^^^^^^^^^^^^^^^^^^^^^^^

tests\test_dreamlite_training_contracts.py:347: 
_ _ _ _ _ _ _ _ _ _ _ _ _ _ _ _ _ _ _ _ _ _ _ _ _ _ _ _ _ _ _ _ _ _ _ _ _ _ _ _
scripts\train\dreamlite_episode.py:527: in make_manifest
    "diffusers": importlib.metadata.version("diffusers"),
                 ^^^^^^^^^^^^^^^^^^^^^^^^^^^^^^^^^^^^^^^
D:\st_python\Lib\importlib\metadata\__init__.py:987: in version
    return distribution(distribution_name).version
           ^^^^^^^^^^^^^^^^^^^^^^^^^^^^^^^
D:\st_python\Lib\importlib\metadata\__init__.py:960: in distribution
    return Distribution.from_name(distribution_name)
           ^^^^^^^^^^^^^^^^^^^^^^^^^^^^^^^^^^^^^^^^^
_ _ _ _ _ _ _ _ _ _ _ _ _ _ _ _ _ _ _ _ _ _ _ _ _ _ _ _ _ _ _ _ _ _ _ _ _ _ _ _

cls = &lt;class 'importlib.metadata.Distribution'&gt;, name = 'diffusers'

    @classmethod
    def from_name(cls, name: str) -&gt; Distribution:
        """Return the Distribution for the given package name.
    
        :param name: The name of the distribution package to search for.
        :return: The Distribution instance (or subclass thereof) for the named
            package, if found.
        :raises PackageNotFoundError: When the named package's distribution
            metadata cannot be found.
        :raises ValueError: When an invalid value is supplied for name.
        """
        if not name:
            raise ValueError("A distribution name is required.")
        try:
            return next(iter(cls.discover(name=name)))
        except StopIteration:
&gt;           raise PackageNotFoundError(name)
E           importlib.metadata.PackageNotFoundError: No package metadata was found for diffusers

D:\st_python\Lib\importlib\metadata\__init__.py:409: PackageNotFoundError</failure></testcase><testcase classname="tests.test_dreamlite_training_contracts.DreamLiteTrainingContractTest" name="test_reverse_cyclic_eval_permutation_preserves_semantic_target" time="0.001" /><testcase classname="tests.test_dreamlite_training_contracts.DreamLiteTrainingContractTest" name="test_state_gradient_audit_fails_missing_zero_and_distill_feature_evidence" time="0.002" /><testcase classname="tests.test_dreamlite_training_contracts.DreamLiteTrainingContractTest" name="test_state_gradient_audit_passes_connected_qa_graph_and_records_exact_counts" time="0.002" /><testcase classname="tests.test_dreamlite_training_contracts.DreamLiteTrainingContractTest" name="test_target_callable_propagates_locked_reader_resize_contract" time="0.001" /><testcase classname="tests.test_dreamlite_training_contracts.DreamLiteTrainingContractTest" name="test_teacher_distill_audit_requires_and_accepts_student_visual_feature_gradient" time="0.002" /><testcase classname="tests.test_dreamlite_training_contracts.DreamLiteTrainingContractTest" name="test_training_lineage_is_fail_closed_and_hashes_teacher_manifest" time="0.020" /><testcase classname="tests.test_episode_generator.EpisodeGeneratorTest" name="test_full_profile_covariates_are_not_direct_pattern_aliases" time="0.070" /><testcase classname="tests.test_episode_generator.EpisodeGeneratorTest" name="test_generation_is_deterministic_balanced_and_valid" time="0.140" /><testcase classname="tests.test_episode_generator.EpisodeGeneratorTest" name="test_set_only_profile_is_separate_valid_and_curriculum_selectable" time="0.082" /><testcase classname="tests.test_episode_generator.EpisodeGeneratorTest" name="test_validator_rejects_full_profile_choice_order_leakage" time="0.072" /><testcase classname="tests.test_episode_generator.EpisodeGeneratorTest" name="test_validator_rejects_full_profile_conditional_target_imbalance" time="0.072" /><testcase classname="tests.test_episode_generator.EpisodeGeneratorTest" name="test_validator_rejects_model_visible_entity_leakage_despite_disjoint_ids" time="0.079" /><testcase classname="tests.test_episode_generator.EpisodeGeneratorTest" name="test_validator_rejects_serialized_hidden_ledger" time="0.051" /><testcase classname="tests.test_episode_generator.EpisodeGeneratorTest" name="test_validator_rejects_visible_template_family_leakage" time="0.076" /><testcase classname="tests.test_episode_lightweight.LightweightUpdaterTest" name="test_cell_event_input_is_bounded_and_initial_gates_are_not_saturated" time="0.029" /><testcase classname="tests.test_episode_lightweight.LightweightUpdaterTest" name="test_default_renderer_keeps_bilinear_production_behavior" time="0.013" /><testcase classname="tests.test_episode_lightweight.LightweightUpdaterTest" name="test_deterministic_repro_renderer_rejects_non_integer_repeat_or_asymmetric_crop" time="0.009" /><testcase classname="tests.test_episode_lightweight.LightweightUpdaterTest" name="test_deterministic_repro_renderer_repeats_and_center_crops_without_interpolate" time="0.014" /><testcase classname="tests.test_episode_lightweight.LightweightUpdaterTest" name="test_event_conditioned_spatial_maps_are_not_channelwise_rank_one" time="0.017" /><testcase classname="tests.test_episode_lightweight.LightweightUpdaterTest" name="test_event_creates_central_spatial_variance_and_backpropagates" time="0.026" /><testcase classname="tests.test_episode_lightweight.LightweightUpdaterTest" name="test_fixed_spatial_basis_is_shape_checked_deterministic_and_orthogonal" time="0.017" /><testcase classname="tests.test_episode_lightweight.LightweightUpdaterTest" name="test_formal_deterministic_renderer_contract_is_64_repeat_to_256_without_crop" time="0.021" /><testcase classname="tests.test_episode_lightweight.LightweightUpdaterTest" name="test_hashed_encoder_is_deterministic" time="0.006" /><testcase classname="tests.test_episode_lightweight.LightweightUpdaterTest" name="test_learned_initial_state_is_tanh_parameterized_but_fixed_zero_path_is_unchanged" time="0.013" /><testcase classname="tests.test_episode_lightweight.LightweightUpdaterTest" name="test_random_multi_turn_states_remain_finite_and_strictly_bounded" time="0.188" /><testcase classname="tests.test_episode_lightweight.LightweightUpdaterTest" name="test_shape_and_episode_gradient_contract" time="0.045" /><testcase classname="tests.test_episode_lightweight.LightweightUpdaterTest" name="test_update_gate_bias_is_initialized_to_negative_one" time="0.008" /><testcase classname="tests.test_episode_routing.EpisodeRoutingTest" name="test_decode_reencode_is_applied_only_between_updates" time="0.004" /><testcase classname="tests.test_episode_routing.EpisodeRoutingTest" name="test_detach_between_events_cuts_previous_state_gradient" time="0.004" /><testcase classname="tests.test_episode_routing.EpisodeRoutingTest" name="test_pure_query_is_read_only_and_mixed_updates_before_read" time="0.004" /><testcase classname="tests.test_episode_schema.EpisodeSchemaTest" name="test_hidden_ledger_is_rejected_recursively" time="0.002" /><testcase classname="tests.test_episode_schema.EpisodeSchemaTest" name="test_paired_variant_requires_reciprocal_link_fields" time="0.003" /><testcase classname="tests.test_episode_schema.EpisodeSchemaTest" name="test_pairing_metadata_is_structural_and_answer_agnostic" time="0.003" /><testcase classname="tests.test_episode_schema.EpisodeSchemaTest" name="test_pure_query_forbids_event_fields" time="0.002" /><testcase classname="tests.test_episode_schema.EpisodeSchemaTest" name="test_round_trip_is_lossless" time="0.003" /><testcase classname="tests.test_episode_schema.EpisodeSchemaTest" name="test_unknown_fields_are_rejected" time="0.003" /><testcase classname="tests.test_event_prefix_semantic_upper_bound.EventPrefixSemanticUpperBoundTest" name="test_even_odd_permutation_split_is_disjoint_exhaustive_and_balanced" time="0.003" /><testcase classname="tests.test_event_prefix_semantic_upper_bound.EventPrefixSemanticUpperBoundTest" name="test_existing_empty_output_directory_is_accepted_but_nonempty_is_rejected" time="0.024" /><testcase classname="tests.test_event_prefix_semantic_upper_bound.EventPrefixSemanticUpperBoundTest" name="test_mixed_turn_event_enters_prefix_before_its_query" time="0.002" /><testcase classname="tests.test_event_prefix_semantic_upper_bound.EventPrefixSemanticUpperBoundTest" name="test_model_identical_reads_are_deduplicated_with_all_members_preserved" time="0.002" /><testcase classname="tests.test_event_prefix_semantic_upper_bound.EventPrefixSemanticUpperBoundTest" name="test_prefix_key_is_ordered_visible_event_text_only" time="0.002" /><testcase classname="tests.test_event_prefix_semantic_upper_bound.EventPrefixSemanticUpperBoundTest" name="test_query_and_target_mutations_cannot_change_selection_key" time="0.002" /><testcase classname="tests.test_event_prefix_semantic_upper_bound.EventPrefixSemanticUpperBoundTest" name="test_views_use_same_state_key_across_unseen_target_positions" time="0.003" /><testcase classname="tests.test_formal_scorers.FormalScorerTest" name="test_ablation_scorer_requires_and_compares_matched_budgets" time="3.752" /><testcase classname="tests.test_formal_scorers.FormalScorerTest" name="test_noise_scorer_checks_complete_episode_seed_grid" time="3.558" /><testcase classname="tests.test_inspire_job_status_capture" name="test_normalizes_single_node_two_h200_job" time="0.001" /><testcase classname="tests.test_inspire_job_status_capture" name="test_rejects_cross_job_status_and_instances" time="0.001" /><testcase classname="tests.test_inspire_job_status_capture" name="test_rejects_more_than_one_runtime_instance" time="0.001" /><testcase classname="tests.test_inspire_platform_status_capture" name="test_extracts_json_after_cli_warning_and_normalizes_status" time="0.001" /><testcase classname="tests.test_inspire_platform_status_capture" name="test_rejects_inconsistent_control_plane_node" time="0.001" /><testcase classname="tests.test_inspire_r3_dag" name="test_technical_dry_run_is_complete_inspire_only_and_writes_nothing" time="1.766" /><testcase classname="tests.test_inspire_r3_dag" name="test_initialization_materializes_only_r0_and_refuses_run_root_reuse" time="2.469" /><testcase classname="tests.test_inspire_r3_dag" name="test_next_stage_requires_terminal_and_sha_bound_predecessor_outputs" time="2.540" /><testcase classname="tests.test_inspire_r3_dag" name="test_completed_chain_revalidation_rejects_rewritten_early_artifact" time="4.795" /><testcase classname="tests.test_inspire_r3_dag" name="test_upstream_mutation_blocks_next_stage_authorization" time="2.142" /><testcase classname="tests.test_inspire_r3_dag" name="test_teacher_preparation_dry_run_binds_exact_parent_inputs_and_external_calibrations" time="5.357" /><testcase classname="tests.test_inspire_r3_dag" name="test_teacher_preparation_rejects_preregistered_stage_identity_drift" time="5.301" /><testcase classname="tests.test_inspire_r3_dag" name="test_teacher_preparation_materializes_strictly_one_stage_at_a_time" time="6.276" /><testcase classname="tests.test_inspire_r3_dag" name="test_completed_teacher_parent_exposes_sha_index_and_rejects_artifact_rewrite" time="8.561" /><testcase classname="tests.test_inspire_r3_dag" name="test_teacher_preparation_cli_uses_its_explicit_branch" time="0.047" /><testcase classname="tests.test_inspire_r3_dag" name="test_teacher_assisted_policy_requires_parent_and_rejects_loose_evidence" time="0.014" /><testcase classname="tests.test_inspire_r3_dag" name="test_micro_run_root_must_be_a_strict_formal_run_child" time="0.029" /><testcase classname="tests.test_inspire_r3_dag" name="test_bound_runner_verifies_launcher_and_materializes_output_evidence" time="2.550" /><testcase classname="tests.test_inspire_r3_dag" name="test_micro_extension_contract_supports_both_locked_suites[set8]" time="0.103" /><testcase classname="tests.test_inspire_r3_dag" name="test_micro_extension_contract_supports_both_locked_suites[transition16]" time="0.191" /><testcase classname="tests.test_inspire_r3_dag" name="test_micro_extension_rejects_suite_manifest_rewrite_after_render" time="0.050" /><testcase classname="tests.test_inspire_r3_dag" name="test_transition_micro_rejects_replica_b_starting_before_a_score" time="0.136" /><testcase classname="tests.test_inspire_r3_dag" name="test_transition_micro_rejects_replication_of_wrong_gate_report" time="0.161" /><testcase classname="tests.test_inspire_r3_dag" name="test_teacher_transition_accepts_composite_set8_attribution_parent" time="0.002" /><testcase classname="tests.test_inspire_r3_dag" name="test_transition_parent_must_share_exact_technical_and_teacher_dags" time="0.002" /><testcase classname="tests.test_inspire_r3_dag" name="test_qa_micro_command_parses_and_normalizes_teacher_control_to_none" time="0.046" /><testcase classname="tests.test_inspire_r3_dag" name="test_micro_runtime_binding_rejects_other_python_or_model_root" time="0.082" /><testcase classname="tests.test_inspire_r3_dag" name="test_venv_python_symlink_identity_is_not_dereferenced" time="0.016"><skipped type="pytest.skip" message="symlink creation is unavailable: [WinError 1314] 客户端没有所需的特权。: 'D:\\st_python\\python.exe' -&gt; 'C:\\Users\\Expedition\\AppData\\Local\\Temp\\pytest-of-Expedition\\pytest-359\\test_venv_python_symlink_ident0\\venv\\bin\\python'">C:\Users\Expedition\r11-new-sigma-audit-fix-20260905\tests\test_inspire_r3_dag.py:1212: symlink creation is unavailable: [WinError 1314] 客户端没有所需的特权。: 'D:\\st_python\\python.exe' -&gt; 'C:\\Users\\Expedition\\AppData\\Local\\Temp\\pytest-of-Expedition\\pytest-359\\test_venv_python_symlink_ident0\\venv\\bin\\python'</skipped></testcase><testcase classname="tests.test_inspire_r3_dag" name="test_micro_contract_rejects_teacher_smuggling_and_unbound_outputs" time="0.093" /><testcase classname="tests.test_inspire_r3_dag" name="test_micro_materialization_refuses_incomplete_technical_chain" time="1.792" /><testcase classname="tests.test_inspire_r3_dag" name="test_qa_micro_adapter_explicitly_tracks_current_calibration_signature" time="0.002" /><testcase classname="tests.test_inspire_r3_micro_renderer" name="test_renderer_produces_loader_valid_arm_aware_contracts[set8-qa_only-single-arm_ids0-score_r3_micro.py]" time="0.157"><failure message="ValueError: train is not a file: C:\Users\Expedition\r11-new-sigma-audit-fix-20260905\data\r3_micro_v1\set8_train.jsonl">tmp_path = WindowsPath('C:/Users/Expedition/AppData/Local/Temp/pytest-of-Expedition/pytest-359/test_renderer_produces_loader_0')
suite = 'set8', regime = 'qa_only', shape = 'single', arm_ids = ['A']
final_script = 'score_r3_micro.py'

    @pytest.mark.parametrize(
        ("suite", "regime", "shape", "arm_ids", "final_script"),
        [
            ("set8", "qa_only", "single", ["A"], "score_r3_micro.py"),
            (
                "transition16",
                "qa_only",
                "paired-replica",
                ["A", "B"],
                "validate_r3_micro_replication.py",
            ),
            (
                "set8",
                "teacher_assisted",
                "teacher-control-composite",
                ["correct", "shuffled", "random"],
                "score_r3_teacher_attribution.py",
            ),
            (
                "transition16",
                "teacher_assisted",
                "paired-replica",
                ["A", "B"],
                "validate_r3_micro_replication.py",
            ),
        ],
    )
    def test_renderer_produces_loader_valid_arm_aware_contracts(
        tmp_path: Path,
        suite: str,
        regime: str,
        shape: str,
        arm_ids: list[str],
        final_script: str,
    ) -&gt; None:
        inputs = _fixture_inputs(tmp_path, suite, regime)
&gt;       contract = render_contract(inputs)
                   ^^^^^^^^^^^^^^^^^^^^^^^

tests\test_inspire_r3_micro_renderer.py:104: 
_ _ _ _ _ _ _ _ _ _ _ _ _ _ _ _ _ _ _ _ _ _ _ _ _ _ _ _ _ _ _ _ _ _ _ _ _ _ _ _
scripts\inspire\render_r3_micro_contract.py:687: in render_contract
    validated = _validate_inputs(inputs)
                ^^^^^^^^^^^^^^^^^^^^^^^^
scripts\inspire\render_r3_micro_contract.py:168: in _validate_inputs
    train = _require_file(inputs.train, "train")
            ^^^^^^^^^^^^^^^^^^^^^^^^^^^^^^^^^^^^
_ _ _ _ _ _ _ _ _ _ _ _ _ _ _ _ _ _ _ _ _ _ _ _ _ _ _ _ _ _ _ _ _ _ _ _ _ _ _ _

path = WindowsPath('C:/Users/Expedition/r11-new-sigma-audit-fix-20260905/data/r3_micro_v1/set8_train.jsonl')
name = 'train'

    def _require_file(path: Path, name: str) -&gt; Path:
        value = _absolute(path, name)
        if not value.is_file():
&gt;           raise ValueError(f"{name} is not a file: {value}")
E           ValueError: train is not a file: C:\Users\Expedition\r11-new-sigma-audit-fix-20260905\data\r3_micro_v1\set8_train.jsonl

scripts\inspire\render_r3_micro_contract.py:104: ValueError</failure></testcase><testcase classname="tests.test_inspire_r3_micro_renderer" name="test_renderer_produces_loader_valid_arm_aware_contracts[transition16-qa_only-paired-replica-arm_ids1-validate_r3_micro_replication.py]" time="0.123"><failure message="ValueError: train is not a file: C:\Users\Expedition\r11-new-sigma-audit-fix-20260905\data\r3_micro_v1\transition16_train.jsonl">tmp_path = WindowsPath('C:/Users/Expedition/AppData/Local/Temp/pytest-of-Expedition/pytest-359/test_renderer_produces_loader_1')
suite = 'transition16', regime = 'qa_only', shape = 'paired-replica'
arm_ids = ['A', 'B'], final_script = 'validate_r3_micro_replication.py'

    @pytest.mark.parametrize(
        ("suite", "regime", "shape", "arm_ids", "final_script"),
        [
            ("set8", "qa_only", "single", ["A"], "score_r3_micro.py"),
            (
                "transition16",
                "qa_only",
                "paired-replica",
                ["A", "B"],
                "validate_r3_micro_replication.py",
            ),
            (
                "set8",
                "teacher_assisted",
                "teacher-control-composite",
                ["correct", "shuffled", "random"],
                "score_r3_teacher_attribution.py",
            ),
            (
                "transition16",
                "teacher_assisted",
                "paired-replica",
                ["A", "B"],
                "validate_r3_micro_replication.py",
            ),
        ],
    )
    def test_renderer_produces_loader_valid_arm_aware_contracts(
        tmp_path: Path,
        suite: str,
        regime: str,
        shape: str,
        arm_ids: list[str],
        final_script: str,
    ) -&gt; None:
        inputs = _fixture_inputs(tmp_path, suite, regime)
&gt;       contract = render_contract(inputs)
                   ^^^^^^^^^^^^^^^^^^^^^^^

tests\test_inspire_r3_micro_renderer.py:104: 
_ _ _ _ _ _ _ _ _ _ _ _ _ _ _ _ _ _ _ _ _ _ _ _ _ _ _ _ _ _ _ _ _ _ _ _ _ _ _ _
scripts\inspire\render_r3_micro_contract.py:687: in render_contract
    validated = _validate_inputs(inputs)
                ^^^^^^^^^^^^^^^^^^^^^^^^
scripts\inspire\render_r3_micro_contract.py:168: in _validate_inputs
    train = _require_file(inputs.train, "train")
            ^^^^^^^^^^^^^^^^^^^^^^^^^^^^^^^^^^^^
_ _ _ _ _ _ _ _ _ _ _ _ _ _ _ _ _ _ _ _ _ _ _ _ _ _ _ _ _ _ _ _ _ _ _ _ _ _ _ _

path = WindowsPath('C:/Users/Expedition/r11-new-sigma-audit-fix-20260905/data/r3_micro_v1/transition16_train.jsonl')
name = 'train'

    def _require_file(path: Path, name: str) -&gt; Path:
        value = _absolute(path, name)
        if not value.is_file():
&gt;           raise ValueError(f"{name} is not a file: {value}")
E           ValueError: train is not a file: C:\Users\Expedition\r11-new-sigma-audit-fix-20260905\data\r3_micro_v1\transition16_train.jsonl

scripts\inspire\render_r3_micro_contract.py:104: ValueError</failure></testcase><testcase classname="tests.test_inspire_r3_micro_renderer" name="test_renderer_produces_loader_valid_arm_aware_contracts[set8-teacher_assisted-teacher-control-composite-arm_ids2-score_r3_teacher_attribution.py]" time="0.131"><failure message="ValueError: train is not a file: C:\Users\Expedition\r11-new-sigma-audit-fix-20260905\data\r3_micro_v1\set8_train.jsonl">tmp_path = WindowsPath('C:/Users/Expedition/AppData/Local/Temp/pytest-of-Expedition/pytest-359/test_renderer_produces_loader_2')
suite = 'set8', regime = 'teacher_assisted', shape = 'teacher-control-composite'
arm_ids = ['correct', 'shuffled', 'random']
final_script = 'score_r3_teacher_attribution.py'

    @pytest.mark.parametrize(
        ("suite", "regime", "shape", "arm_ids", "final_script"),
        [
            ("set8", "qa_only", "single", ["A"], "score_r3_micro.py"),
            (
                "transition16",
                "qa_only",
                "paired-replica",
                ["A", "B"],
                "validate_r3_micro_replication.py",
            ),
            (
                "set8",
                "teacher_assisted",
                "teacher-control-composite",
                ["correct", "shuffled", "random"],
                "score_r3_teacher_attribution.py",
            ),
            (
                "transition16",
                "teacher_assisted",
                "paired-replica",
                ["A", "B"],
                "validate_r3_micro_replication.py",
            ),
        ],
    )
    def test_renderer_produces_loader_valid_arm_aware_contracts(
        tmp_path: Path,
        suite: str,
        regime: str,
        shape: str,
        arm_ids: list[str],
        final_script: str,
    ) -&gt; None:
        inputs = _fixture_inputs(tmp_path, suite, regime)
&gt;       contract = render_contract(inputs)
                   ^^^^^^^^^^^^^^^^^^^^^^^

tests\test_inspire_r3_micro_renderer.py:104: 
_ _ _ _ _ _ _ _ _ _ _ _ _ _ _ _ _ _ _ _ _ _ _ _ _ _ _ _ _ _ _ _ _ _ _ _ _ _ _ _
scripts\inspire\render_r3_micro_contract.py:687: in render_contract
    validated = _validate_inputs(inputs)
                ^^^^^^^^^^^^^^^^^^^^^^^^
scripts\inspire\render_r3_micro_contract.py:168: in _validate_inputs
    train = _require_file(inputs.train, "train")
            ^^^^^^^^^^^^^^^^^^^^^^^^^^^^^^^^^^^^
_ _ _ _ _ _ _ _ _ _ _ _ _ _ _ _ _ _ _ _ _ _ _ _ _ _ _ _ _ _ _ _ _ _ _ _ _ _ _ _

path = WindowsPath('C:/Users/Expedition/r11-new-sigma-audit-fix-20260905/data/r3_micro_v1/set8_train.jsonl')
name = 'train'

    def _require_file(path: Path, name: str) -&gt; Path:
        value = _absolute(path, name)
        if not value.is_file():
&gt;           raise ValueError(f"{name} is not a file: {value}")
E           ValueError: train is not a file: C:\Users\Expedition\r11-new-sigma-audit-fix-20260905\data\r3_micro_v1\set8_train.jsonl

scripts\inspire\render_r3_micro_contract.py:104: ValueError</failure></testcase><testcase classname="tests.test_inspire_r3_micro_renderer" name="test_renderer_produces_loader_valid_arm_aware_contracts[transition16-teacher_assisted-paired-replica-arm_ids3-validate_r3_micro_replication.py]" time="0.125"><failure message="ValueError: train is not a file: C:\Users\Expedition\r11-new-sigma-audit-fix-20260905\data\r3_micro_v1\transition16_train.jsonl">tmp_path = WindowsPath('C:/Users/Expedition/AppData/Local/Temp/pytest-of-Expedition/pytest-359/test_renderer_produces_loader_3')
suite = 'transition16', regime = 'teacher_assisted', shape = 'paired-replica'
arm_ids = ['A', 'B'], final_script = 'validate_r3_micro_replication.py'

    @pytest.mark.parametrize(
        ("suite", "regime", "shape", "arm_ids", "final_script"),
        [
            ("set8", "qa_only", "single", ["A"], "score_r3_micro.py"),
            (
                "transition16",
                "qa_only",
                "paired-replica",
                ["A", "B"],
                "validate_r3_micro_replication.py",
            ),
            (
                "set8",
                "teacher_assisted",
                "teacher-control-composite",
                ["correct", "shuffled", "random"],
                "score_r3_teacher_attribution.py",
            ),
            (
                "transition16",
                "teacher_assisted",
                "paired-replica",
                ["A", "B"],
                "validate_r3_micro_replication.py",
            ),
        ],
    )
    def test_renderer_produces_loader_valid_arm_aware_contracts(
        tmp_path: Path,
        suite: str,
        regime: str,
        shape: str,
        arm_ids: list[str],
        final_script: str,
    ) -&gt; None:
        inputs = _fixture_inputs(tmp_path, suite, regime)
&gt;       contract = render_contract(inputs)
                   ^^^^^^^^^^^^^^^^^^^^^^^

tests\test_inspire_r3_micro_renderer.py:104: 
_ _ _ _ _ _ _ _ _ _ _ _ _ _ _ _ _ _ _ _ _ _ _ _ _ _ _ _ _ _ _ _ _ _ _ _ _ _ _ _
scripts\inspire\render_r3_micro_contract.py:687: in render_contract
    validated = _validate_inputs(inputs)
                ^^^^^^^^^^^^^^^^^^^^^^^^
scripts\inspire\render_r3_micro_contract.py:168: in _validate_inputs
    train = _require_file(inputs.train, "train")
            ^^^^^^^^^^^^^^^^^^^^^^^^^^^^^^^^^^^^
_ _ _ _ _ _ _ _ _ _ _ _ _ _ _ _ _ _ _ _ _ _ _ _ _ _ _ _ _ _ _ _ _ _ _ _ _ _ _ _

path = WindowsPath('C:/Users/Expedition/r11-new-sigma-audit-fix-20260905/data/r3_micro_v1/transition16_train.jsonl')
name = 'train'

    def _require_file(path: Path, name: str) -&gt; Path:
        value = _absolute(path, name)
        if not value.is_file():
&gt;           raise ValueError(f"{name} is not a file: {value}")
E           ValueError: train is not a file: C:\Users\Expedition\r11-new-sigma-audit-fix-20260905\data\r3_micro_v1\transition16_train.jsonl

scripts\inspire\render_r3_micro_contract.py:104: ValueError</failure></testcase><testcase classname="tests.test_inspire_r3_micro_renderer" name="test_renderer_is_deterministic_and_keeps_all_outputs_under_run_root" time="0.121"><failure message="ValueError: train is not a file: C:\Users\Expedition\r11-new-sigma-audit-fix-20260905\data\r3_micro_v1\transition16_train.jsonl">tmp_path = WindowsPath('C:/Users/Expedition/AppData/Local/Temp/pytest-of-Expedition/pytest-359/test_renderer_is_deterministic0')

    def test_renderer_is_deterministic_and_keeps_all_outputs_under_run_root(tmp_path: Path) -&gt; None:
        inputs = _fixture_inputs(tmp_path, "transition16", "qa_only")
&gt;       first = render_contract(inputs)
                ^^^^^^^^^^^^^^^^^^^^^^^

tests\test_inspire_r3_micro_renderer.py:149: 
_ _ _ _ _ _ _ _ _ _ _ _ _ _ _ _ _ _ _ _ _ _ _ _ _ _ _ _ _ _ _ _ _ _ _ _ _ _ _ _
scripts\inspire\render_r3_micro_contract.py:687: in render_contract
    validated = _validate_inputs(inputs)
                ^^^^^^^^^^^^^^^^^^^^^^^^
scripts\inspire\render_r3_micro_contract.py:168: in _validate_inputs
    train = _require_file(inputs.train, "train")
            ^^^^^^^^^^^^^^^^^^^^^^^^^^^^^^^^^^^^
_ _ _ _ _ _ _ _ _ _ _ _ _ _ _ _ _ _ _ _ _ _ _ _ _ _ _ _ _ _ _ _ _ _ _ _ _ _ _ _

path = WindowsPath('C:/Users/Expedition/r11-new-sigma-audit-fix-20260905/data/r3_micro_v1/transition16_train.jsonl')
name = 'train'

    def _require_file(path: Path, name: str) -&gt; Path:
        value = _absolute(path, name)
        if not value.is_file():
&gt;           raise ValueError(f"{name} is not a file: {value}")
E           ValueError: train is not a file: C:\Users\Expedition\r11-new-sigma-audit-fix-20260905\data\r3_micro_v1\transition16_train.jsonl

scripts\inspire\render_r3_micro_contract.py:104: ValueError</failure></testcase><testcase classname="tests.test_inspire_r3_micro_renderer" name="test_renderer_rejects_teacher_cache_on_qa_only" time="0.118"><failure message="AssertionError: Regex pattern did not match.&#10; Regex: 'qa_only rendering forbids'&#10; Input: 'train is not a file: C:\\Users\\Expedition\\r11-new-sigma-audit-fix-20260905\\data\\r3_micro_v1\\set8_train.jsonl'">tmp_path = WindowsPath('C:/Users/Expedition/AppData/Local/Temp/pytest-of-Expedition/pytest-359/test_renderer_rejects_teacher_0')

    def test_renderer_rejects_teacher_cache_on_qa_only(tmp_path: Path) -&gt; None:
        inputs = _fixture_inputs(tmp_path, "set8", "qa_only")
        cache = tmp_path / "unexpected-teacher"
        cache.mkdir()
        with pytest.raises(ValueError, match="qa_only rendering forbids"):
&gt;           render_contract(RenderInputs(**{**inputs.__dict__, "teacher_cache": cache}))

tests\test_inspire_r3_micro_renderer.py:161: 
_ _ _ _ _ _ _ _ _ _ _ _ _ _ _ _ _ _ _ _ _ _ _ _ _ _ _ _ _ _ _ _ _ _ _ _ _ _ _ _
scripts\inspire\render_r3_micro_contract.py:687: in render_contract
    validated = _validate_inputs(inputs)
                ^^^^^^^^^^^^^^^^^^^^^^^^
scripts\inspire\render_r3_micro_contract.py:168: in _validate_inputs
    train = _require_file(inputs.train, "train")
            ^^^^^^^^^^^^^^^^^^^^^^^^^^^^^^^^^^^^
_ _ _ _ _ _ _ _ _ _ _ _ _ _ _ _ _ _ _ _ _ _ _ _ _ _ _ _ _ _ _ _ _ _ _ _ _ _ _ _

path = WindowsPath('C:/Users/Expedition/r11-new-sigma-audit-fix-20260905/data/r3_micro_v1/set8_train.jsonl')
name = 'train'

    def _require_file(path: Path, name: str) -&gt; Path:
        value = _absolute(path, name)
        if not value.is_file():
&gt;           raise ValueError(f"{name} is not a file: {value}")
E           ValueError: train is not a file: C:\Users\Expedition\r11-new-sigma-audit-fix-20260905\data\r3_micro_v1\set8_train.jsonl

scripts\inspire\render_r3_micro_contract.py:104: ValueError

During handling of the above exception, another exception occurred:

tmp_path = WindowsPath('C:/Users/Expedition/AppData/Local/Temp/pytest-of-Expedition/pytest-359/test_renderer_rejects_teacher_0')

    def test_renderer_rejects_teacher_cache_on_qa_only(tmp_path: Path) -&gt; None:
        inputs = _fixture_inputs(tmp_path, "set8", "qa_only")
        cache = tmp_path / "unexpected-teacher"
        cache.mkdir()
&gt;       with pytest.raises(ValueError, match="qa_only rendering forbids"):
             ^^^^^^^^^^^^^^^^^^^^^^^^^^^^^^^^^^^^^^^^^^^^^^^^^^^^^^^^^^^^
E       AssertionError: Regex pattern did not match.
E        Regex: 'qa_only rendering forbids'
E        Input: 'train is not a file: C:\\Users\\Expedition\\r11-new-sigma-audit-fix-20260905\\data\\r3_micro_v1\\set8_train.jsonl'

tests\test_inspire_r3_micro_renderer.py:160: AssertionError</failure></testcase><testcase classname="tests.test_inspire_r3_micro_renderer" name="test_renderer_rejects_suite_manifest_byte_drift" time="0.114"><failure message="FileNotFoundError: [Errno 2] No such file or directory: 'C:\\Users\\Expedition\\r11-new-sigma-audit-fix-20260905\\data\\r3_micro_v1\\set8_train.jsonl'">tmp_path = WindowsPath('C:/Users/Expedition/AppData/Local/Temp/pytest-of-Expedition/pytest-359/test_renderer_rejects_suite_ma0')

    def test_renderer_rejects_suite_manifest_byte_drift(tmp_path: Path) -&gt; None:
        inputs = _fixture_inputs(tmp_path, "set8", "qa_only")
        data = tmp_path / "copied-data"
        data.mkdir()
        for name in ("set8_train.jsonl", "set8_gate.jsonl", "set8_manifest.json"):
            source = ROOT / "data" / "r3_micro_v1" / name
&gt;           (data / name).write_bytes(source.read_bytes())
                                      ^^^^^^^^^^^^^^^^^^^

tests\test_inspire_r3_micro_renderer.py:170: 
_ _ _ _ _ _ _ _ _ _ _ _ _ _ _ _ _ _ _ _ _ _ _ _ _ _ _ _ _ _ _ _ _ _ _ _ _ _ _ _
D:\st_python\Lib\pathlib\_abc.py:625: in read_bytes
    with self.open(mode='rb') as f:
         ^^^^^^^^^^^^^^^^^^^^
_ _ _ _ _ _ _ _ _ _ _ _ _ _ _ _ _ _ _ _ _ _ _ _ _ _ _ _ _ _ _ _ _ _ _ _ _ _ _ _

self = WindowsPath('C:/Users/Expedition/r11-new-sigma-audit-fix-20260905/data/r3_micro_v1/set8_train.jsonl')
mode = 'rb', buffering = -1, encoding = None, errors = None, newline = None

    def open(self, mode='r', buffering=-1, encoding=None,
             errors=None, newline=None):
        """
        Open the file pointed to by this path and return a file object, as
        the built-in open() function does.
        """
        if "b" not in mode:
            encoding = io.text_encoding(encoding)
&gt;       return io.open(self, mode, buffering, encoding, errors, newline)
               ^^^^^^^^^^^^^^^^^^^^^^^^^^^^^^^^^^^^^^^^^^^^^^^^^^^^^^^^^
E       FileNotFoundError: [Errno 2] No such file or directory: 'C:\\Users\\Expedition\\r11-new-sigma-audit-fix-20260905\\data\\r3_micro_v1\\set8_train.jsonl'

D:\st_python\Lib\pathlib\_local.py:537: FileNotFoundError</failure></testcase><testcase classname="tests.test_inspire_runtime.InspirePreflightTest" name="test_complete_h200_inventory_is_formal_ready" time="0.002" /><testcase classname="tests.test_inspire_runtime.InspirePreflightTest" name="test_environment_preflight_cannot_authorize_science" time="0.001" /><testcase classname="tests.test_inspire_runtime.InspirePreflightTest" name="test_model_marker_or_strict_environment_drift_fails" time="0.001" /><testcase classname="tests.test_inspire_runtime.InspirePreflightTest" name="test_ngc_torch_overlay_or_incomplete_gpu_fails_closed" time="0.001" /><testcase classname="tests.test_inspire_runtime.InspireBackgroundStageTest" name="test_detached_stage_writes_terminal_sentinel_and_hashes" time="2.229" /><testcase classname="tests.test_inspire_runtime.InspireBackgroundStageTest" name="test_preflight_hash_and_formal_readiness_are_enforced" time="0.024" /><testcase classname="tests.test_inspire_runtime.InspireBackgroundStageTest" name="test_recorded_command_rejects_secrets" time="0.002" /><testcase classname="tests.test_inspire_runtime.InspireStaticContractTest" name="test_bootstrap_cannot_install_torch_and_has_no_fudan_submission" time="0.003" /><testcase classname="tests.test_inspire_runtime.InspireStaticContractTest" name="test_dependency_closure_protects_ngc_cuda_stack" time="0.002" /><testcase classname="tests.test_model_snapshot_manifest" name="test_snapshot_manifest_covers_model_files_and_verifies_binding" time="0.219" /><testcase classname="tests.test_model_snapshot_manifest" name="test_snapshot_manifest_rejects_tamper_and_unexpected_file" time="0.206" /><testcase classname="tests.test_model_snapshot_manifest" name="test_snapshot_manifest_rejects_revision_marker_drift" time="0.138" /><testcase classname="tests.test_model_snapshot_manifest" name="test_snapshot_manifest_rejects_model_directory_symlink" time="0.023"><skipped type="pytest.skip" message="symlink creation is unavailable: [WinError 1314] 客户端没有所需的特权。: 'C:\\Users\\Expedition\\AppData\\Local\\Temp\\pytest-of-Expedition\\pytest-359\\test_snapshot_manifest_rejects2\\Qwen3-VL-4B-Instruct' -&gt; 'C:\\Users\\Expedition\\AppData\\Local\\Temp\\pytest-of-Expedition\\pytest-359\\test_snapshot_manifest_rejects2\\model-entry'">C:\Users\Expedition\r11-new-sigma-audit-fix-20260905\tests\test_model_snapshot_manifest.py:94: symlink creation is unavailable: [WinError 1314] 客户端没有所需的特权。: 'C:\\Users\\Expedition\\AppData\\Local\\Temp\\pytest-of-Expedition\\pytest-359\\test_snapshot_manifest_rejects2\\Qwen3-VL-4B-Instruct' -&gt; 'C:\\Users\\Expedition\\AppData\\Local\\Temp\\pytest-of-Expedition\\pytest-359\\test_snapshot_manifest_rejects2\\model-entry'</skipped></testcase><testcase classname="tests.test_pilot_selection.PilotSelectionTest" name="test_does_not_cherry_pick_a_worse_dev_candidate_that_passes" time="0.077" /><testcase classname="tests.test_pilot_selection.PilotSelectionTest" name="test_rejects_a_non_dev_selection_split" time="0.056" /><testcase classname="tests.test_pilot_selection.PilotSelectionTest" name="test_selects_by_dev_loss_then_applies_scientific_gate" time="0.076" /><testcase classname="tests.test_prefeval_adapter.PrefEvalAdapterTest" name="test_collect_prefeval_uses_paired_noise_key_not_protocol_sample_id" time="0.537" /><testcase classname="tests.test_prefeval_adapter.PrefEvalAdapterTest" name="test_explicit_disclosure_is_legitimate_event_but_label_is_separate" time="0.540" /><testcase classname="tests.test_prefeval_adapter.PrefEvalAdapterTest" name="test_fixed_manifest_binds_three_forms_and_ignores_copy_file" time="0.548" /><testcase classname="tests.test_prefeval_adapter.PrefEvalAdapterTest" name="test_forced_write_is_deterministic_and_has_requested_noops" time="0.731" /><testcase classname="tests.test_prefeval_adapter.PrefEvalAdapterTest" name="test_forced_write_noise_and_distractors_are_nested_across_k" time="0.517" /><testcase classname="tests.test_prefeval_adapter.PrefEvalAdapterTest" name="test_implicit_model_inputs_do_not_expose_privileged_fields" time="0.630" /><testcase classname="tests.test_prefeval_adapter.PrefEvalAdapterTest" name="test_invalid_protocol_contracts_fail_closed" time="0.626" /><testcase classname="tests.test_prefeval_adapter.PrefEvalAdapterTest" name="test_seed_2026_topic_and_pair_splits_are_group_safe" time="0.607" /><testcase classname="tests.test_prefeval_metrics.PrefEvalMetricsTest" name="test_bootstrap_rejects_unpaired_inputs" time="0.002" /><testcase classname="tests.test_prefeval_metrics.PrefEvalMetricsTest" name="test_diagnostics_cover_stale_distractor_reset_shuffle_and_swap" time="0.002" /><testcase classname="tests.test_prefeval_metrics.PrefEvalMetricsTest" name="test_forced_write_headline_selects_one_k" time="0.001" /><testcase classname="tests.test_prefeval_metrics.PrefEvalMetricsTest" name="test_holm_correction_is_monotone_and_step_down" time="0.002" /><testcase classname="tests.test_prefeval_metrics.PrefEvalMetricsTest" name="test_paired_hierarchical_bootstrap_is_deterministic" time="0.007" /><testcase classname="tests.test_prefeval_metrics.PrefEvalMetricsTest" name="test_topic_form_macro_equal_weights_cells" time="0.001" /><testcase classname="tests.test_qwen_deterministic_resize.DeterministicQwenResizeTest" name="test_contract_fails_closed_on_shape_dtype_and_identifier_drift" time="0.031" /><testcase classname="tests.test_qwen_deterministic_resize.DeterministicQwenResizeTest" name="test_cpu_adjoint_matches_native_torchvision_backward_exactly" time="0.167" /><testcase classname="tests.test_qwen_deterministic_resize.DeterministicQwenResizeTest" name="test_forward_is_bitwise_torchvision_bicubic_antialias_for_float32_and_bfloat16" time="0.115" /><testcase classname="tests.test_qwen_deterministic_resize.DeterministicQwenResizeTest" name="test_strict_backward_is_finite_and_bitwise_repeatable" time="0.242" /><testcase classname="tests.test_qwen_reader_loss.ReaderLossContractTest" name="test_choice_scorer_propagates_disabled_resize_to_every_choice" time="0.005" /><testcase classname="tests.test_qwen_reader_loss.ReaderLossContractTest" name="test_deterministic_ce_matches_default_and_preserves_gradient" time="0.015" /><testcase classname="tests.test_qwen_reader_loss.ReaderLossContractTest" name="test_deterministic_listwise_ce_matches_default_and_propagates_resize" time="0.012" /><testcase classname="tests.test_qwen_reader_loss.ReaderLossContractTest" name="test_joint_target_tokenization_fails_if_appending_target_retokenizes_prefix" time="0.003" /><testcase classname="tests.test_qwen_reader_loss.ReaderLossContractTest" name="test_listwise_choice_ce_matches_explicit_formula_and_preserves_image_gradient" time="0.010" /><testcase classname="tests.test_qwen_reader_loss.ReaderLossContractTest" name="test_listwise_choice_ce_rejects_invalid_choices_and_target_index" time="0.003" /><testcase classname="tests.test_qwen_reader_loss.ReaderLossContractTest" name="test_locked_listwise_and_eval_paths_each_resize_once_for_all_choices" time="0.145" /><testcase classname="tests.test_qwen_reader_loss.ReaderLossContractTest" name="test_locked_target_path_resizes_once_and_disables_processor_resize" time="0.102" /><testcase classname="tests.test_qwen_reader_loss.ReaderLossContractTest" name="test_target_only_ce_can_explicitly_disable_processor_resize" time="0.005" /><testcase classname="tests.test_qwen_reader_loss.ReaderLossContractTest" name="test_target_only_ce_preserves_image_gradient_and_freezes_parameters" time="0.005" /><testcase classname="tests.test_qwen_resize_contract.QwenResizeContractTest" name="test_cpu_adjoint_reference_is_exact_for_fp32_and_bf16" time="0.405" /><testcase classname="tests.test_qwen_resize_contract.QwenResizeContractTest" name="test_fast_processor_audit_accepts_only_locked_geometry" time="0.002" /><testcase classname="tests.test_qwen_resize_contract.QwenResizeContractTest" name="test_forward_report_fails_on_one_path_difference" time="0.061" /><testcase classname="tests.test_qwen_resize_contract.QwenResizeContractTest" name="test_forward_report_requires_exact_pixels_sha_shape_and_grid" time="0.043" /><testcase classname="tests.test_qwen_resize_contract.QwenResizeContractTest" name="test_full_contract_covers_fp32_and_bf16" time="0.644" /><testcase classname="tests.test_qwen_resize_contract.QwenResizeContractTest" name="test_inspire_execution_binding_locks_worker_and_formal_preflight" time="0.042" /><testcase classname="tests.test_qwen_resize_contract.QwenResizeContractTest" name="test_main_emits_fail_closed_json_without_cuda" time="0.279" /><testcase classname="tests.test_qwen_resize_contract.QwenResizeContractTest" name="test_parser_exposes_locked_runtime_inputs" time="0.002" /><testcase classname="tests.test_qwen_resize_contract.QwenResizeContractTest" name="test_strict_backward_report_requires_finite_nonzero_bitwise_repeat" time="0.083" /><testcase classname="tests.test_qwen_sanity.QwenSanityAuditTest" name="test_clean_distractor_queries_are_deduplicated_and_balanced" time="0.002" /><testcase classname="tests.test_qwen_sanity.QwenSanityAuditTest" name="test_duplicate_comparison_id_with_changed_target_fails_closed" time="0.002" /><testcase classname="tests.test_qwen_sanity.QwenSanityAuditTest" name="test_formal_inventory_rejects_silent_episode_truncation" time="0.002" /><testcase classname="tests.test_qwen_sanity.QwenSanityAuditTest" name="test_model_visible_payload_requires_four_balanced_targets" time="0.002" /><testcase classname="tests.test_qwen_sanity.QwenSanityAuditTest" name="test_prediction_record_and_summary_retain_audit_fields" time="0.016" /><testcase classname="tests.test_qwen_scorer_contract.QwenScorerContractProbeTest" name="test_dihedral_views_cover_four_cyclic_and_four_reverse_target_mappings" time="0.002" /><testcase classname="tests.test_qwen_scorer_contract.QwenS
[...]
ization_is_invalid" time="0.026" /><testcase classname="tests.test_r11_new_source_init_bridge_trainer" name="test_formal_technical_failure_never_emits_scientific_decision" time="0.076" /><testcase classname="tests.test_r11_new_source_init_bridge_trainer" name="test_source_only_initializer_clones_source_and_uses_actual_native_reconstruction[dtype0]" time="0.073" /><testcase classname="tests.test_r11_new_source_init_bridge_trainer" name="test_source_only_initializer_clones_source_and_uses_actual_native_reconstruction[dtype1]" time="0.070" /><testcase classname="tests.test_r11_new_source_init_bridge_trainer" name="test_initializer_has_no_teacher_query_channel_and_teacher_changes_do_not_change_x_t[dtype0]" time="0.060" /><testcase classname="tests.test_r11_new_source_init_bridge_trainer" name="test_initializer_has_no_teacher_query_channel_and_teacher_changes_do_not_change_x_t[dtype1]" time="0.060" /><testcase classname="tests.test_r11_new_source_init_bridge_trainer" name="test_source_only_initialization_rejects_resigned_mutations[record_sigma-dtype0]" time="0.068" /><testcase classname="tests.test_r11_new_source_init_bridge_trainer" name="test_source_only_initialization_rejects_resigned_mutations[record_sigma-dtype1]" time="0.064" /><testcase classname="tests.test_r11_new_source_init_bridge_trainer" name="test_source_only_initialization_rejects_resigned_mutations[output_schedule-dtype0]" time="0.063" /><testcase classname="tests.test_r11_new_source_init_bridge_trainer" name="test_source_only_initialization_rejects_resigned_mutations[output_schedule-dtype1]" time="0.066" /><testcase classname="tests.test_r11_new_source_init_bridge_trainer" name="test_source_only_initialization_rejects_resigned_mutations[both_schedules-dtype0]" time="0.065" /><testcase classname="tests.test_r11_new_source_init_bridge_trainer" name="test_source_only_initialization_rejects_resigned_mutations[both_schedules-dtype1]" time="0.062" /><testcase classname="tests.test_r11_new_source_init_bridge_trainer" name="test_source_only_initialization_rejects_resigned_mutations[both_nominal-dtype0]" time="0.060" /><testcase classname="tests.test_r11_new_source_init_bridge_trainer" name="test_source_only_initialization_rejects_resigned_mutations[both_nominal-dtype1]" time="0.066" /><testcase classname="tests.test_r11_new_source_init_bridge_trainer" name="test_source_only_initialization_rejects_resigned_mutations[teacher_payload-dtype0]" time="0.068" /><testcase classname="tests.test_r11_new_source_init_bridge_trainer" name="test_source_only_initialization_rejects_resigned_mutations[teacher_payload-dtype1]" time="0.062" /><testcase classname="tests.test_r11_new_source_init_bridge_trainer" name="test_source_only_initialization_rejects_resigned_mutations[source_equality_flag-dtype0]" time="0.058" /><testcase classname="tests.test_r11_new_source_init_bridge_trainer" name="test_source_only_initialization_rejects_resigned_mutations[source_equality_flag-dtype1]" time="0.062" /><testcase classname="tests.test_r11_new_source_init_bridge_trainer" name="test_source_only_initialization_rejects_resigned_mutations[teacher_assisted_flag-dtype0]" time="0.060" /><testcase classname="tests.test_r11_new_source_init_bridge_trainer" name="test_source_only_initialization_rejects_resigned_mutations[teacher_assisted_flag-dtype1]" time="0.059" /><testcase classname="tests.test_r11_new_source_init_bridge_trainer" name="test_source_only_initialization_rejects_resigned_mutations[parameter_dtype-dtype0]" time="0.065" /><testcase classname="tests.test_r11_new_source_init_bridge_trainer" name="test_source_only_initialization_rejects_resigned_mutations[parameter_dtype-dtype1]" time="0.056" /><testcase classname="tests.test_r11_new_source_init_bridge_trainer" name="test_source_only_initialization_rejects_resigned_mutations[compute_dtype-dtype0]" time="0.056" /><testcase classname="tests.test_r11_new_source_init_bridge_trainer" name="test_source_only_initialization_rejects_resigned_mutations[compute_dtype-dtype1]" time="0.060" /><testcase classname="tests.test_r11_new_source_init_bridge_trainer" name="test_source_only_initialization_rejects_resigned_mutations[both_formula-dtype0]" time="0.064" /><testcase classname="tests.test_r11_new_source_init_bridge_trainer" name="test_source_only_initialization_rejects_resigned_mutations[both_formula-dtype1]" time="0.081" /><testcase classname="tests.test_r11_new_source_init_bridge_trainer" name="test_source_only_initialization_rejects_resigned_mutations[both_operator-dtype0]" time="0.061" /><testcase classname="tests.test_r11_new_source_init_bridge_trainer" name="test_source_only_initialization_rejects_resigned_mutations[both_operator-dtype1]" time="0.070" /><testcase classname="tests.test_r11_new_source_init_bridge_trainer" name="test_source_only_initialization_rejects_resigned_mutations[wrong_x_t-dtype0]" time="0.058" /><testcase classname="tests.test_r11_new_source_init_bridge_trainer" name="test_source_only_initialization_rejects_resigned_mutations[wrong_x_t-dtype1]" time="0.057" /><testcase classname="tests.test_r11_new_source_init_bridge_trainer" name="test_source_only_initialization_rejects_resigned_mutations[wrong_start-dtype0]" time="0.060" /><testcase classname="tests.test_r11_new_source_init_bridge_trainer" name="test_source_only_initialization_rejects_resigned_mutations[wrong_start-dtype1]" time="0.058" /><testcase classname="tests.test_r11_new_source_init_bridge_trainer" name="test_source_only_initialization_rejects_resigned_mutations[wrong_output_h0-dtype0]" time="0.057" /><testcase classname="tests.test_r11_new_source_init_bridge_trainer" name="test_source_only_initialization_rejects_resigned_mutations[wrong_output_h0-dtype1]" time="0.062" /><testcase classname="tests.test_r11_new_source_init_bridge_trainer" name="test_source_only_initialization_rejects_resigned_mutations[payload_device-dtype0]" time="0.056" /><testcase classname="tests.test_r11_new_source_init_bridge_trainer" name="test_source_only_initialization_rejects_resigned_mutations[payload_device-dtype1]" time="0.062" /><testcase classname="tests.test_r11_new_source_init_bridge_trainer" name="test_source_only_initialization_rejects_resigned_mutations[record_device-dtype0]" time="0.055" /><testcase classname="tests.test_r11_new_source_init_bridge_trainer" name="test_source_only_initialization_rejects_resigned_mutations[record_device-dtype1]" time="0.055" /><testcase classname="tests.test_r11_new_source_init_bridge_trainer" name="test_source_only_initialization_rejects_resigned_mutations[both_device-dtype0]" time="0.056" /><testcase classname="tests.test_r11_new_source_init_bridge_trainer" name="test_source_only_initialization_rejects_resigned_mutations[both_device-dtype1]" time="0.057" /><testcase classname="tests.test_r11_new_source_init_bridge_trainer" name="test_checkpoint_independently_reconstructs_h0_from_current_x_t[0-dtype0]" time="0.254" /><testcase classname="tests.test_r11_new_source_init_bridge_trainer" name="test_checkpoint_independently_reconstructs_h0_from_current_x_t[0-dtype1]" time="0.225" /><testcase classname="tests.test_r11_new_source_init_bridge_trainer" name="test_checkpoint_independently_reconstructs_h0_from_current_x_t[64-dtype0]" time="0.257" /><testcase classname="tests.test_r11_new_source_init_bridge_trainer" name="test_checkpoint_independently_reconstructs_h0_from_current_x_t[64-dtype1]" time="0.249" /><testcase classname="tests.test_r11_new_source_init_bridge_trainer" name="test_run_installs_artifact_before_one_preflight_forward_and_uses_four_step_m0[dtype0]" time="0.176" /><testcase classname="tests.test_r11_new_source_init_bridge_trainer" name="test_run_installs_artifact_before_one_preflight_forward_and_uses_four_step_m0[dtype1]" time="0.191" /><testcase classname="tests.test_r11_new_source_init_bridge_trainer" name="test_source_only_entry_uses_new_core_config_and_protocol" time="0.004" /><testcase classname="tests.test_r11_new_source_init_bridge_trainer" name="test_manifest_distinguishes_independent_initializer_from_teacher_supervised_optimization" time="0.005" /><testcase classname="tests.test_r11_reporting.R11ReportingTest" name="test_decision_is_locked_to_eight_target_oracle_gate" time="0.002" /><testcase classname="tests.test_r11_reporting.R11ReportingTest" name="test_inventory_rejects_unlisted_files" time="0.027" /><testcase classname="tests.test_r11_reporting.R11ReportingTest" name="test_json_domain_normalizes_integer_view_keys_losslessly" time="0.002" /><testcase classname="tests.test_r11_reporting.R11ReportingTest" name="test_moving_mean_uses_only_past_and_current_values" time="0.001" /><testcase classname="tests.test_r11_reporting.R11ReportingTest" name="test_required_artifacts_bind_every_fixed_checkpoint_and_image" time="0.001" /><testcase classname="tests.test_r11_reporting.R11ReportingTest" name="test_success_boundary_remains_diagnostic" time="0.002" /><testcase classname="tests.test_r12_reporting.R12ReportingTest" name="test_collapse_probe_recovers_linearly_separable_target_values" time="0.003" /><testcase classname="tests.test_r12_reporting.R12ReportingTest" name="test_decision_requires_conditioned_all_pass_and_control_fail" time="0.001" /><testcase classname="tests.test_r12_reporting.R12ReportingTest" name="test_failure_localization_preserves_locked_interpretation" time="0.001" /><testcase classname="tests.test_r12_reporting.R12ReportingTest" name="test_inventory_rejects_unlisted_files" time="0.020" /><testcase classname="tests.test_r12_reporting.R12ReportingTest" name="test_moving_mean_uses_only_past_and_current_steps" time="0.001" /><testcase classname="tests.test_r12_reporting.R12ReportingTest" name="test_pairwise_audit_separates_same_and_different_targets" time="0.002" /><testcase classname="tests.test_r12_reporting.R12ReportingTest" name="test_required_artifacts_bind_every_checkpoint_and_evaluation_split" time="0.002" /><testcase classname="tests.test_r12_reporting.R12ReportingTest" name="test_success_boundary_remains_diagnostic" time="0.002" /><testcase classname="tests.test_r12_shared_writer.R12SharedWriterContractTest" name="test_conditioned_gate_requires_reset_and_wrong_event_controls" time="0.003" /><testcase classname="tests.test_r12_shared_writer.R12SharedWriterContractTest" name="test_dev_splits_are_value_balanced_and_entity_disjoint" time="0.076" /><testcase classname="tests.test_r12_shared_writer.R12SharedWriterContractTest" name="test_machine_readable_preregistration_locks_scope_and_false_positive_controls" time="0.003" /><testcase classname="tests.test_r12_shared_writer.R12SharedWriterContractTest" name="test_schedule_has_exact_views_and_fixed_endpoint" time="0.044" /><testcase classname="tests.test_r12_shared_writer.R12SharedWriterContractTest" name="test_train_selection_is_stable_balanced_and_unique_entity" time="0.042" /><testcase classname="tests.test_r12_training_entrypoint.R12TrainingEntrypointTest" name="test_controller_command_cannot_override_fixed_training_contract" time="0.002" /><testcase classname="tests.test_r12_training_entrypoint.R12TrainingEntrypointTest" name="test_parser_exposes_arm_and_paths_but_not_preregistered_hyperparameters" time="0.002" /><testcase classname="tests.test_r12_training_entrypoint.R12TrainingEntrypointTest" name="test_thresholded_rms_penalty_is_value_equivalent_and_finite_at_zero" time="0.003" /><testcase classname="tests.test_r12_training_entrypoint.R12TrainingEntrypointTest" name="test_writer_starts_at_exact_initial_latent_and_constant_arm_ignores_tokens" time="0.064" /><testcase classname="tests.test_r12_training_entrypoint.R12TrainingEntrypointTest" name="test_wrong_token_shape_fails_closed" time="0.009" /><testcase classname="tests.test_r13_centered_residual.R13CenteredResidualContractTest" name="test_centered_writer_reconstructs_source_and_forbids_common_residual" time="0.082" /><testcase classname="tests.test_r13_centered_residual.R13CenteredResidualContractTest" name="test_config_locks_parent_sources_fresh_final_and_unchanged_schedule" time="0.004"><failure message="AssertionError: 'e9f3c82c3245d0dafe5d0768d217fddb8e82d7708102352cc1ba1e8f4606329e' != '0877b22641b104ee57a030d9b08156602f2345474145ef4af08dc69c5ef2f64a'&#10;- e9f3c82c3245d0dafe5d0768d217fddb8e82d7708102352cc1ba1e8f4606329e&#10;+ 0877b22641b104ee57a030d9b08156602f2345474145ef4af08dc69c5ef2f64a">self = &lt;test_r13_centered_residual.R13CenteredResidualContractTest testMethod=test_config_locks_parent_sources_fresh_final_and_unchanged_schedule&gt;

    def test_config_locks_parent_sources_fresh_final_and_unchanged_schedule(self) -&gt; None:
        config = json.loads(
            (ROOT / "configs" / "experiments" / "r13_centered_residual_writer.json").read_text(encoding="utf-8")
        )
        self.assertEqual(config["status"], "preregistered_before_any_r13_model_outcome")
        self.assertEqual(config["fixed_data"]["dev_final"]["payload_sha256"], R13_FRESH_DEV_FINAL_SHA256)
        self.assertEqual(config["optimization"]["optimizer_steps"], 1152)
        self.assertIsNone(config["optimization"]["gradient_clipping"])
        self.assertEqual(config["optimization"]["backward_loss_divisor"], 1.0)
        self.assertIn("donor", config["evaluation"]["conditions"])
        self.assertIn("base", config["evaluation"]["conditions"])
        self.assertTrue(config["success_boundary"]["diagnostic_only"])
        self.assertEqual(
            config["writer"]["fixed_base_latent_sha256"],
            "51fcc191ac3914ebdbfe07a914d95a51c20458de9a4352de999d7cb8c3595fb5",
        )
        source_prereg = ROOT / "reports" / "r13-source-decomposition-preregistration-20260904.json"
&gt;       self.assertEqual(
            hashlib.sha256(source_prereg.read_bytes()).hexdigest(),
            config["activation"]["source_decomposition_preregistration_sha256"],
        )
E       AssertionError: 'e9f3c82c3245d0dafe5d0768d217fddb8e82d7708102352cc1ba1e8f4606329e' != '0877b22641b104ee57a030d9b08156602f2345474145ef4af08dc69c5ef2f64a'
E       - e9f3c82c3245d0dafe5d0768d217fddb8e82d7708102352cc1ba1e8f4606329e
E       + 0877b22641b104ee57a030d9b08156602f2345474145ef4af08dc69c5ef2f64a

tests\test_r13_centered_residual.py:81: AssertionError</failure></testcase><testcase classname="tests.test_r13_centered_residual.R13CenteredResidualContractTest" name="test_fresh_final_selection_is_stable_balanced_and_excludes_entities" time="0.021" /><testcase classname="tests.test_r13_centered_residual.R13CenteredResidualContractTest" name="test_gate_requires_reset_donor_and_frozen_base_attribution" time="0.002" /><testcase classname="tests.test_r13_reporting" name="test_r13_report_criteria_cover_all_locked_gates" time="0.001" /><testcase classname="tests.test_r13_reporting" name="test_r13_training_rows_reconstruct_gradient_accumulation" time="0.031" /><testcase classname="tests.test_r13_reporting" name="test_r13_training_rows_fail_on_clipped_gradient" time="0.005" /><testcase classname="tests.test_r13_training_entrypoint.R13TrainingEntrypointTest" name="test_controller_command_fixes_seed_and_strict_determinism" time="0.003" /><testcase classname="tests.test_r13_training_entrypoint.R13TrainingEntrypointTest" name="test_parser_exposes_sources_but_not_locked_hyperparameters" time="0.003" /><testcase classname="tests.test_r3_gate.R3GateTest" name="test_set8_fails_without_causal_drop" time="0.002" /><testcase classname="tests.test_r3_gate.R3GateTest" name="test_set8_passes_exact_contract" time="0.002" /><testcase classname="tests.test_r3_gate.R3GateTest" name="test_transition16_passes_exact_contract" time="0.003" /><testcase classname="tests.test_r3_micro.R3MicroTest" name="test_choice_views_preserve_target_and_model_state_inputs" time="0.002" /><testcase classname="tests.test_r3_micro.R3MicroTest" name="test_permutation_families_are_valid_and_disjoint" time="0.002" /><testcase classname="tests.test_r3_micro.R3MicroTest" name="test_presentation_schedule_balances_positions" time="0.003" /><testcase classname="tests.test_r3_micro.R3MicroTest" name="test_set8_contract" time="0.002" /><testcase classname="tests.test_r3_micro.R3MicroTest" name="test_sidecar_is_train_only_and_no_ledger_enters_episode_json" time="0.003" /><testcase classname="tests.test_r3_micro.R3MicroTest" name="test_transition16_contract_and_mixed_delayed_probe" time="0.003" /><testcase classname="tests.test_r3_micro.R3MicroTest" name="test_transition_manifest_is_platform_neutral_and_locked" time="0.034" /><testcase classname="tests.test_r3_micro.R3MicroTest" name="test_written_artifacts_roundtrip_and_lock_hashes" time="0.032" /><testcase classname="tests.test_r3_micro_orchestration" name="test_prerequisites_require_both_complete_reports_and_clean_commit" time="0.042" /><testcase classname="tests.test_r3_micro_orchestration" name="test_teacher_calibration_rejects_report_and_command_input_substitution" time="0.023" /><testcase classname="tests.test_r3_micro_orchestration" name="test_micro_gradient_audit_requires_finite_positive_state_and_image_gradients" time="0.002" /><testcase classname="tests.test_r3_micro_orchestration" name="test_score_provenance_binds_rows_report_checkpoint_and_lineage" time="0.053" /><testcase classname="tests.test_r3_micro_orchestration" name="test_replication_requires_two_fresh_paths_and_identical_scientific_payload" time="0.001" /><testcase classname="tests.test_r3_micro_orchestration" name="test_scientific_prediction_hash_excludes_latency_but_includes_choice_scores" time="0.001" /><testcase classname="tests.test_r3_micro_orchestration" name="test_micro_dag_locks_tracks_controls_budgets_and_unlocks" time="0.012" /><testcase classname="tests.test_r3_micro_orchestration" name="test_materialized_plan_is_template_only_and_has_separate_unlocks" time="0.055" /><testcase classname="tests.test_r3_poststart_receipt_waiter" name="test_load_running_receipt_is_sha_bound" time="0.028" /><testcase classname="tests.test_r3_poststart_receipt_waiter" name="test_refuses_forwarded_derived_platform_options" time="0.002" /><testcase classname="tests.test_r3_poststart_receipt_waiter" name="test_stopped_receipt_cannot_launch" time="0.031" /><testcase classname="tests.test_r3_poststart_receipt_waiter" name="test_job_receipt_derives_job_workload_kind" time="0.018" /><testcase classname="tests.test_r3_poststart_sequence" name="test_poststart_sequence_runs_only_locked_technical_order" time="0.189" /><testcase classname="tests.test_r3_poststart_sequence" name="test_wait_for_stage_rejects_failed_terminal" time="0.014" /><testcase classname="tests.test_r3_poststart_sequence" name="test_environment_is_explicit_and_deterministic" time="0.021" /><testcase classname="tests.test_r3_poststart_sequence" name="test_job_platform_receipt_is_accepted_only_with_locked_single_node_resources" time="0.046" /><testcase classname="tests.test_r3_poststart_sequence" name="test_venv_python_symlink_identity_is_not_dereferenced" time="0.013"><skipped type="pytest.skip" message="symlink creation is unavailable: [WinError 1314] 客户端没有所需的特权。: 'C:\\Users\\Expedition\\AppData\\Local\\Temp\\pytest-of-Expedition\\pytest-359\\test_venv_python_symlink_ident1\\base-python' -&gt; 'C:\\Users\\Expedition\\AppData\\Local\\Temp\\pytest-of-Expedition\\pytest-359\\test_venv_python_symlink_ident1\\venv\\bin\\python'">C:\Users\Expedition\r11-new-sigma-audit-fix-20260905\tests\test_r3_poststart_sequence.py:209: symlink creation is unavailable: [WinError 1314] 客户端没有所需的特权。: 'C:\\Users\\Expedition\\AppData\\Local\\Temp\\pytest-of-Expedition\\pytest-359\\test_venv_python_symlink_ident1\\base-python' -&gt; 'C:\\Users\\Expedition\\AppData\\Local\\Temp\\pytest-of-Expedition\\pytest-359\\test_venv_python_symlink_ident1\\venv\\bin\\python'</skipped></testcase><testcase classname="tests.test_r3_poststart_sequence" name="test_launch_binding_rejects_sidecar_and_in_memory_tampering" time="0.038" /><testcase classname="tests.test_r3_poststart_sequence" name="test_wait_timeout_reports_live_worker_without_authorizing" time="0.019" /></testsuite></testsuites>