<?xml version="1.0" encoding="utf-8"?><testsuites name="pytest tests"><testsuite name="pytest" errors="0" failures="0" skipped="0" tests="100" time="119.894" timestamp="2026-09-06T17:17:56.490264+08:00" hostname="LAPTOP-IS2AROSD"><testcase classname="tests.test_r11_new_oracle.R11NewOracleContractTest" name="test_config_validator_rejects_any_scientific_parameter_drift" time="0.006" /><testcase classname="tests.test_r11_new_oracle.R11NewOracleContractTest" name="test_information_boundary_keeps_query_supervision_after_dreamlite" time="0.001" /><testcase classname="tests.test_r11_new_oracle.R11NewOracleContractTest" name="test_machine_config_is_exactly_the_immutable_contract" time="0.002" /><testcase classname="tests.test_r11_new_oracle.R11NewOracleContractTest" name="test_noise_seed_uses_only_locked_source_episode_and_turn" time="0.001" /><testcase classname="tests.test_r11_new_oracle.R11NewOracleContractTest" name="test_runtime_sigma_tolerance_preserves_raw_values_and_rejects_drift" time="0.013" /><testcase classname="tests.test_r11_new_oracle.R11NewOracleContractTest" name="test_schedule_is_per_target_and_exactly_balanced" time="0.005" /><testcase classname="tests.test_r11_new_oracle.R11NewOracleContractTest" name="test_target_and_arm_gates_remain_diagnostic_only" time="0.001" /><testcase classname="tests.test_r11_new_oracle.R11NewOracleContractTest" name="test_technical_gate_requires_full_frozen_path_and_exact_receipts" time="0.008" /><testcase classname="tests.test_r11_new_phase1a_trainer.R11NewPhase1ATrainerTest" name="test_checkpoint_contains_x_T_endpoint_five_point_trajectory_png_and_hashes" time="0.072" /><testcase classname="tests.test_r11_new_phase1a_trainer.R11NewPhase1ATrainerTest" name="test_failure_report_marks_technical_failure_and_no_scientific_conclusion" time="0.020" /><testcase classname="tests.test_r11_new_phase1a_trainer.R11NewPhase1ATrainerTest" name="test_formal_report_is_derived_from_gates_and_indexes_raw_artifacts" time="0.022" /><testcase classname="tests.test_r11_new_phase1a_trainer.R11NewPhase1ATrainerTest" name="test_formal_technical_gate_delegates_to_locked_core_and_checks_artifacts" time="0.265" /><testcase classname="tests.test_r11_new_phase1a_trainer.R11NewPhase1ATrainerTest" name="test_information_boundary_keeps_query_and_answer_out_of_dreamlite" time="0.002" /><testcase classname="tests.test_r11_new_phase1a_trainer.R11NewPhase1ATrainerTest" name="test_observed_fp32_sigma_survives_forward_checkpoint_and_receipt" time="0.068" /><testcase classname="tests.test_r11_new_phase1a_trainer.R11NewPhase1ATrainerTest" name="test_oracle_backpropagates_only_to_x_T_through_exact_four_steps" time="0.006" /><testcase classname="tests.test_r11_new_phase1a_trainer.R11NewPhase1ATrainerTest" name="test_parser_locks_all_formal_hyperparameters_and_primary_endpoint" time="0.003" /><testcase classname="tests.test_r11_new_phase1a_trainer.R11NewPhase1ATrainerTest" name="test_pipeline_loader_is_direct_and_contains_no_peft_path" time="0.002" /><testcase classname="tests.test_r11_new_phase1a_trainer.R11NewPhase1ATrainerTest" name="test_preflight_report_has_no_diagnostic_or_scientific_judgment" time="0.011" /><testcase classname="tests.test_r11_new_phase1a_trainer.R11NewPhase1ATrainerTest" name="test_technical_failure_has_no_reachability_judgment_and_nonzero_exit" time="0.059" /><testcase classname="tests.test_r11_new_phase1a_trainer.R11NewPhase1ATrainerTest" name="test_trainer_refuses_to_overwrite_an_existing_run_root" time="0.014" /><testcase classname="tests.test_r11_new_phase1a_controller.R11NewPhase1AControllerTest" name="test_commit_dirty_fresh_root_and_environment_fail_closed" time="0.057" /><testcase classname="tests.test_r11_new_phase1a_controller.R11NewPhase1AControllerTest" name="test_deployment_audit_requires_instance_ssd_and_free_space" time="0.046" /><testcase classname="tests.test_r11_new_phase1a_controller.R11NewPhase1AControllerTest" name="test_formal_prerequisites_enforce_preflight_then_target0_order" time="0.485" /><testcase classname="tests.test_r11_new_phase1a_controller.R11NewPhase1AControllerTest" name="test_formal_scientific_failure_is_controller_technical_success" time="0.470" /><testcase classname="tests.test_r11_new_phase1a_controller.R11NewPhase1AControllerTest" name="test_outer_inventory_binds_nested_trainer_inventory" time="0.065" /><testcase classname="tests.test_r11_new_phase1a_controller.R11NewPhase1AControllerTest" name="test_parent_content_tamper_fails_even_if_hash_check_is_mocked" time="0.077" /><testcase classname="tests.test_r11_new_phase1a_controller.R11NewPhase1AControllerTest" name="test_parser_and_command_do_not_expose_locked_hyperparameters" time="0.028" /><testcase classname="tests.test_r11_new_phase1a_controller.R11NewPhase1AControllerTest" name="test_preflight_accepts_raw_float32_scheduler_observations" time="0.300" /><testcase classname="tests.test_r11_new_phase1a_controller.R11NewPhase1AControllerTest" name="test_preflight_completion_has_no_scientific_result" time="0.287" /><testcase classname="tests.test_r11_new_phase1a_controller.R11NewPhase1AControllerTest" name="test_preflight_evidence_failure_returns_nonzero_and_no_diagnostic" time="0.520" /><testcase classname="tests.test_r11_new_phase1a_controller.R11NewPhase1AControllerTest" name="test_preflight_missing_tampered_or_formal_artifacts_fail_closed" time="2.658" /><testcase classname="tests.test_r11_new_phase1a_controller.R11NewPhase1AControllerTest" name="test_preflight_rejects_different_in_tolerance_record_and_payload_sigmas" time="0.412" /><testcase classname="tests.test_r11_new_phase1a_controller.R11NewPhase1AControllerTest" name="test_preflight_rejects_invalid_runtime_sigmas" time="0.788" /><testcase classname="tests.test_r11_new_phase1a_controller.R11NewPhase1AControllerTest" name="test_preflight_summary_and_manifest_tampering_fail_independent_checks" time="4.665" /><testcase classname="tests.test_r11_new_phase1a_controller.R11NewPhase1AControllerTest" name="test_same_device_and_data_drift_fail_closed" time="0.059" /><testcase classname="tests.test_r11_new_phase1a_controller.R11NewPhase1AControllerTest" name="test_second_process_same_mode_and_target_fails_closed_across_fresh_roots" time="0.101" /><testcase classname="tests.test_r11_new_phase1a_controller.R11NewPhase1AControllerTest" name="test_suite_lock_serializes_different_modes_and_targets" time="0.077" /><testcase classname="tests.test_r11_new_phase1a_controller.R11NewPhase1AControllerTest" name="test_validation_failure_still_writes_fail_closed_terminal_and_inventory" time="0.085" /><testcase classname="tests.test_r11_new_phase1a_controller.R11NewPhase1AControllerTest" name="test_validation_records_locked_config_trainer_parent_and_snapshots" time="0.112" /><testcase classname="tests.test_compare_r11_new_phase1a.R11NewPhase1AComparisonTest" name="test_all_targets_must_bind_the_same_preflight" time="9.553" /><testcase classname="tests.test_compare_r11_new_phase1a.R11NewPhase1AComparisonTest" name="test_any_formal_success_claim_is_rejected" time="8.514" /><testcase classname="tests.test_compare_r11_new_phase1a.R11NewPhase1AComparisonTest" name="test_checkpoint_rejects_different_in_tolerance_record_and_payload_sigmas" time="0.701" /><testcase classname="tests.test_compare_r11_new_phase1a.R11NewPhase1AComparisonTest" name="test_checkpoint_rejects_invalid_runtime_sigmas" time="2.098" /><testcase classname="tests.test_compare_r11_new_phase1a.R11NewPhase1AComparisonTest" name="test_duplicate_target_root_is_rejected_before_summary_use" time="5.441" /><testcase classname="tests.test_compare_r11_new_phase1a.R11NewPhase1AComparisonTest" name="test_later_target_must_bind_this_suite_target0" time="7.255" /><testcase classname="tests.test_compare_r11_new_phase1a.R11NewPhase1AComparisonTest" name="test_missing_launch_prerequisites_are_rejected" time="8.652" /><testcase classname="tests.test_compare_r11_new_phase1a.R11NewPhase1AComparisonTest" name="test_raw_float32_scheduler_observations_survive_full_recomputation" time="10.759" /><testcase classname="tests.test_compare_r11_new_phase1a.R11NewPhase1AComparisonTest" name="test_reachability_false_is_a_valid_diagnostic_not_a_technical_failure" time="9.731" /><testcase classname="tests.test_compare_r11_new_phase1a.R11NewPhase1AComparisonTest" name="test_tampered_checkpoint_is_rejected_by_raw_hash_validation" time="7.495" /><testcase classname="tests.test_compare_r11_new_phase1a.R11NewPhase1AComparisonTest" name="test_truncated_receipts_are_rejected_even_after_hashes_are_resigned" time="8.067" /><testcase classname="tests.test_compare_r11_new_phase1a.R11NewPhase1AComparisonTest" name="test_valid_eight_of_eight_proceeds_to_phase2_but_never_claims_success" time="9.570" /><testcase classname="tests.test_compare_r11_new_phase1a.R11NewPhase1AComparisonTest" name="test_wrong_preflight_prerequisite_hash_is_rejected" time="8.678" /><testcase classname="tests.test_r11_new_bridge" name="test_preregistered_config_is_exact" time="0.006" /><testcase classname="tests.test_r11_new_bridge" name="test_config_mutations_fail_closed[path0-0.01]" time="0.005" /><testcase classname="tests.test_r11_new_bridge" name="test_config_mutations_fail_closed[path1-1.0]" time="0.005" /><testcase classname="tests.test_r11_new_bridge" name="test_config_mutations_fail_closed[path2-0.02]" time="0.005" /><testcase classname="tests.test_r11_new_bridge" name="test_config_mutations_fail_closed[path3-7]" time="0.006" /><testcase classname="tests.test_r11_new_bridge" name="test_config_mutations_fail_closed[path4-False]" time="0.003" /><testcase classname="tests.test_r11_new_bridge" name="test_distance_statistics_and_strict_gate" time="0.001" /><testcase classname="tests.test_r11_new_bridge" name="test_distance_gate_rejects_each_threshold_failure[mse_ratio_to_m0-0.0100001]" time="0.001" /><testcase classname="tests.test_r11_new_bridge" name="test_distance_gate_rejects_each_threshold_failure[l2_distance_ratio_to_m0-0.100001]" time="0.001" /><testcase classname="tests.test_r11_new_bridge" name="test_distance_gate_rejects_each_threshold_failure[teacher_normalized_rmse-0.100001]" time="0.001" /><testcase classname="tests.test_r11_new_bridge" name="test_distance_statistics_reject_invalid_inputs[kwargs0]" time="0.001" /><testcase classname="tests.test_r11_new_bridge" name="test_distance_statistics_reject_invalid_inputs[kwargs1]" time="0.002" /><testcase classname="tests.test_r11_new_bridge" name="test_distance_statistics_reject_invalid_inputs[kwargs2]" time="0.002" /><testcase classname="tests.test_r11_new_bridge" name="test_distance_statistics_reject_invalid_inputs[kwargs3]" time="0.002" /><testcase classname="tests.test_r11_new_bridge" name="test_reader_rows_are_recomputed_from_logits" time="0.003" /><testcase classname="tests.test_r11_new_bridge" name="test_reader_rows_reject_declared_ce_or_correctness_drift" time="0.002" /><testcase classname="tests.test_r11_new_bridge" name="test_reader_rows_reject_duplicate_or_unlocked_views" time="0.001" /><testcase classname="tests.test_r11_new_bridge" name="test_teacher_replay_mean_ce_is_strict" time="0.001" /><testcase classname="tests.test_r11_new_bridge" name="test_bridge_decision_table[True-True-distance_pass_reader_pass_prioritize_qa_objective]" time="0.001" /><testcase classname="tests.test_r11_new_bridge" name="test_bridge_decision_table[True-False-distance_pass_reader_fail_test_teacher_neighborhood]" time="0.002" /><testcase classname="tests.test_r11_new_bridge" name="test_bridge_decision_table[False-True-distance_fail_reader_pass_prioritize_qa_objective]" time="0.002" /><testcase classname="tests.test_r11_new_bridge" name="test_bridge_decision_table[False-False-distance_fail_reader_fail_change_one_solver_factor]" time="0.002" /><testcase classname="tests.test_r11_new_bridge" name="test_technical_gate_requires_every_contract" time="0.001" /><testcase classname="tests.test_r11_new_bridge_trainer" name="test_parse_args_uses_locked_phase1a_schedule_seed" time="0.002" /><testcase classname="tests.test_r11_new_bridge_trainer" name="test_train_step_is_dense_mse_only_and_updates_x_t" time="0.006" /><testcase classname="tests.test_r11_new_bridge_trainer" name="test_preflight_reuses_the_single_registered_forward" time="0.059" /><testcase classname="tests.test_r11_new_bridge_trainer" name="test_distance_statistics_match_tensor_mse" time="0.001" /><testcase classname="tests.test_r11_new_bridge_trainer" name="test_fresh_output_claim_fails_closed" time="0.027" /><testcase classname="tests.test_r11_new_bridge_trainer" name="test_formal_saves_teacher_rows_and_stops_before_step_zero_on_replay_failure" time="0.033" /><testcase classname="tests.test_r11_new_bridge_trainer" name="test_formal_technical_failure_never_emits_scientific_decision" time="0.111" /><testcase classname="tests.test_r11_new_bridge_controller" name="test_deployment_audit_requires_pinned_host_ssd_and_fresh_root" time="0.042" /><testcase classname="tests.test_r11_new_bridge_controller" name="test_suite_lock_is_exclusive_and_owner_checked" time="0.058" /><testcase classname="tests.test_r11_new_bridge_controller" name="test_controller_command_has_no_scientific_or_optimizer_knobs" time="0.047" /><testcase classname="tests.test_r11_new_bridge_controller" name="test_valid_preflight_child_passes_and_has_no_bridge_result" time="0.124" /><testcase classname="tests.test_r11_new_bridge_controller" name="test_valid_formal_child_can_be_diagnostic_failure" time="0.160" /><testcase classname="tests.test_r11_new_bridge_controller" name="test_formal_child_rejects_missing_or_reordered_receipt" time="0.202" /><testcase classname="tests.test_r11_new_bridge_controller" name="test_preflight_terminal_is_bound_to_same_commit_and_code" time="0.135" /><testcase classname="tests.test_r11_new_bridge_controller" name="test_inventory_rejects_resigned_file_set_omission" time="0.022" /><testcase classname="tests.test_r11_new_bridge_controller" name="test_main_never_writes_an_existing_unowned_root" time="0.018" /><testcase classname="tests.test_compare_r11_new_bridge" name="test_raw_metrics_are_recomputed_not_trusted" time="0.039" /><testcase classname="tests.test_compare_r11_new_bridge" name="test_checkpoint_tensor_distance_and_hashes_are_recomputed" time="0.120" /><testcase classname="tests.test_compare_r11_new_bridge" name="test_reader_ce_argmax_and_margin_are_recomputed" time="0.030" /><testcase classname="tests.test_compare_r11_new_bridge" name="test_self_consistent_wrong_answer_label_is_rejected" time="0.024" /><testcase classname="tests.test_compare_r11_new_bridge" name="test_inventory_includes_nested_inventory_and_rejects_extra_file" time="0.095" /><testcase classname="tests.test_compare_r11_new_bridge" name="test_sigma_validation_uses_the_locked_phase1a_tolerance" time="0.002" /><testcase classname="tests.test_compare_r11_new_bridge" name="test_preflight_rejects_top_level_pass_with_false_freeze_subgate" time="0.070" /><testcase classname="tests.test_compare_r11_new_bridge" name="test_compare_integration_never_promotes_bridge_pass_to_scientific_success" time="0.224" /><testcase classname="tests.test_compare_r11_new_bridge" name="test_parent_query_and_inventory_cannot_be_resigned_together" time="0.112" /></testsuite></testsuites>