<?xml version="1.0" encoding="utf-8"?><testsuites name="pytest tests"><testsuite name="pytest" errors="0" failures="0" skipped="0" tests="15" time="28.022" timestamp="2026-09-06T23:39:38.392647+08:00" hostname="LAPTOP-IS2AROSD"><testcase classname="tests.test_render_r11_new_bridge_teacher_init" name="test_all_primary_outcomes_remain_diagnostic_and_have_true_coordinates[False-False]" time="0.944" /><testcase classname="tests.test_render_r11_new_bridge_teacher_init" name="test_all_primary_outcomes_remain_diagnostic_and_have_true_coordinates[True-False]" time="0.965" /><testcase classname="tests.test_render_r11_new_bridge_teacher_init" name="test_all_primary_outcomes_remain_diagnostic_and_have_true_coordinates[False-True]" time="0.971" /><testcase classname="tests.test_render_r11_new_bridge_teacher_init" name="test_all_primary_outcomes_remain_diagnostic_and_have_true_coordinates[True-True]" time="0.839" /><testcase classname="tests.test_render_r11_new_bridge_teacher_init" name="test_render_has_real_figures_relative_links_and_complete_manifest" time="3.096" /><testcase classname="tests.test_render_r11_new_bridge_teacher_init" name="test_resigned_promotion_is_rejected_before_output_creation[formal_success]" time="0.824" /><testcase classname="tests.test_render_r11_new_bridge_teacher_init" name="test_resigned_promotion_is_rejected_before_output_creation[phase2_allowed]" time="0.767" /><testcase classname="tests.test_render_r11_new_bridge_teacher_init" name="test_resigned_promotion_is_rejected_before_output_creation[answer_independent_writer_usable]" time="0.834" /><testcase classname="tests.test_render_r11_new_bridge_teacher_init" name="test_resigned_checkpoint_distance_is_recomputed" time="1.213" /><testcase classname="tests.test_render_r11_new_bridge_teacher_init" name="test_resigned_reader_ce_is_recomputed" time="1.128" /><testcase classname="tests.test_render_r11_new_bridge_teacher_init" name="test_preflight_updates_rejected_even_if_resigned" time="1.001" /><testcase classname="tests.test_render_r11_new_bridge_teacher_init" name="test_no_cpu_initializer_fallback_and_no_output_in_inputs" time="1.012" /><testcase classname="tests.test_render_r11_new_bridge_teacher_init" name="test_wrong_commit_and_unbound_source_bytes_are_rejected" time="0.588" /><testcase classname="tests.test_render_r11_new_bridge_teacher_init" name="test_cross_platform_cosine_is_not_substituted_for_byte_bound_runtime_audit" time="1.665" /><testcase classname="tests.test_render_r11_new_bridge_teacher_init" name="test_local_cpu_reduction_never_replaces_original_display_statistics" time="1.185" /></testsuite></testsuites>